This file contains any messages produced by compilers while
running configure, to aid debugging if configure makes a mistake.

It was created by iptables configure 1.4.10, which was
generated by GNU Autoconf 2.68.  Invocation command line was

  $ ./configure --host=mips-linux-uclibc --target=mips-linux-uclibc --with-kernel=/home/alex/n14u/dsl-n14u_gpl/linux --prefix=/home/alex/n14u/dsl-n14u_gpl/apps/public/iptables-1.4.10/install --enable-static CFLAGS=-msoft-float -fomit-frame-pointer -mips32r2 -muclibc -O2

## --------- ##
## Platform. ##
## --------- ##

hostname = alex-VirtualBox
uname -m = i686
uname -r = 3.11.0-15-generic
uname -s = Linux
uname -v = #25~precise1-Ubuntu SMP Thu Jan 30 17:42:40 UTC 2014

/usr/bin/uname -p = unknown
/bin/uname -X     = unknown

/bin/arch              = unknown
/usr/bin/arch -k       = unknown
/usr/convex/getsysinfo = unknown
/usr/bin/hostinfo      = unknown
/bin/machine           = unknown
/usr/bin/oslevel       = unknown
/bin/universe          = unknown

PATH: /opt/trendchip/mips-linux-uclibc/usr/bin
PATH: /usr/lib/lightdm/lightdm
PATH: /usr/local/sbin
PATH: /usr/local/bin
PATH: /usr/sbin
PATH: /usr/bin
PATH: /sbin
PATH: /bin
PATH: /usr/games


## ----------- ##
## Core tests. ##
## ----------- ##

configure:2426: checking for a BSD-compatible install
configure:2494: result: /usr/bin/install -c
configure:2507: checking whether build environment is sane
configure:2557: result: yes
configure:2606: checking for mips-linux-uclibc-strip
configure:2633: result: mips-linux-uclibc-strip
configure:2698: checking for a thread-safe mkdir -p
configure:2737: result: /bin/mkdir -p
configure:2750: checking for gawk
configure:2766: found /usr/bin/gawk
configure:2777: result: gawk
configure:2788: checking whether make sets $(MAKE)
configure:2810: result: yes
configure:2898: checking for mips-linux-uclibc-gcc
configure:2925: result: mips-linux-uclibc-gcc -mips32r2 -msoft-float
configure:3194: checking for C compiler version
configure:3203: mips-linux-uclibc-gcc -mips32r2 -msoft-float --version >&5
mips-linux-uclibc-gcc (GCC) 4.3.4
Copyright (C) 2008 Free Software Foundation, Inc.
This is free software; see the source for copying conditions.  There is NO
warranty; not even for MERCHANTABILITY or FITNESS FOR A PARTICULAR PURPOSE.

configure:3214: $? = 0
configure:3203: mips-linux-uclibc-gcc -mips32r2 -msoft-float -v >&5
Using built-in specs.
Target: mips-linux-uclibc
Configured with: /home/socsw_local/lino/toolchain/tc3262/buildroot-2009.11/output/toolchain/gcc-4.3.4/configure --prefix=/usr --build=i386-pc-linux-gnu --host=i386-pc-linux-gnu --target=mips-linux-uclibc --enable-languages=c,c++ --with-sysroot=/opt/trendchip/mips-linux-uclibc --with-build-time-tools=/opt/trendchip/mips-linux-uclibc/usr/mips-linux-uclibc/bin --disable-__cxa_atexit --enable-target-optspace --with-gnu-ld --disable-libssp --enable-tls --enable-shared --with-gmp=/home/socsw_local/lino/toolchain/tc3262/buildroot-2009.11/output/toolchain/gmp --with-mpfr=/home/socsw_local/lino/toolchain/tc3262/buildroot-2009.11/output/toolchain/mpfr --disable-nls --enable-threads --disable-multilib --disable-decimal-float --with-float=soft --with-abi=32 --with-tune=mips32r2
Thread model: posix
gcc version 4.3.4 (GCC) 
configure:3214: $? = 0
configure:3203: mips-linux-uclibc-gcc -mips32r2 -msoft-float -V >&5
mips-linux-uclibc-gcc: '-V' must come at the start of the command line
configure:3214: $? = 1
configure:3203: mips-linux-uclibc-gcc -mips32r2 -msoft-float -qversion >&5
mips-linux-uclibc-gcc: unrecognized option '-qversion'
mips-linux-uclibc-gcc: no input files
configure:3214: $? = 1
configure:3234: checking whether the C compiler works
configure:3256: mips-linux-uclibc-gcc -mips32r2 -msoft-float -msoft-float -fomit-frame-pointer -mips32r2 -muclibc -O2   conftest.c  >&5
configure:3260: $? = 0
configure:3308: result: yes
configure:3311: checking for C compiler default output file name
configure:3313: result: a.out
configure:3319: checking for suffix of executables
configure:3326: mips-linux-uclibc-gcc -mips32r2 -msoft-float -o conftest -msoft-float -fomit-frame-pointer -mips32r2 -muclibc -O2   conftest.c  >&5
configure:3330: $? = 0
configure:3352: result: 
configure:3374: checking whether we are cross compiling
configure:3382: mips-linux-uclibc-gcc -mips32r2 -msoft-float -o conftest -msoft-float -fomit-frame-pointer -mips32r2 -muclibc -O2   conftest.c  >&5
configure:3386: $? = 0
configure:3393: ./conftest
./configure: line 3395: ./conftest: cannot execute binary file
configure:3397: $? = 126
configure:3412: result: yes
configure:3417: checking for suffix of object files
configure:3439: mips-linux-uclibc-gcc -mips32r2 -msoft-float -c -msoft-float -fomit-frame-pointer -mips32r2 -muclibc -O2  conftest.c >&5
configure:3443: $? = 0
configure:3464: result: o
configure:3468: checking whether we are using the GNU C compiler
configure:3487: mips-linux-uclibc-gcc -mips32r2 -msoft-float -c -msoft-float -fomit-frame-pointer -mips32r2 -muclibc -O2  conftest.c >&5
configure:3487: $? = 0
configure:3496: result: yes
configure:3505: checking whether mips-linux-uclibc-gcc -mips32r2 -msoft-float accepts -g
configure:3525: mips-linux-uclibc-gcc -mips32r2 -msoft-float -c -g  conftest.c >&5
configure:3525: $? = 0
configure:3566: result: yes
configure:3583: checking for mips-linux-uclibc-gcc -mips32r2 -msoft-float option to accept ISO C89
configure:3647: mips-linux-uclibc-gcc -mips32r2 -msoft-float  -c -msoft-float -fomit-frame-pointer -mips32r2 -muclibc -O2  conftest.c >&5
configure:3647: $? = 0
configure:3660: result: none needed
configure:3691: checking for style of include used by make
configure:3719: result: GNU
configure:3745: checking dependency style of mips-linux-uclibc-gcc -mips32r2 -msoft-float
configure:3856: result: gcc3
configure:3872: checking whether mips-linux-uclibc-gcc -mips32r2 -msoft-float and cc understand -c and -o together
configure:3903: mips-linux-uclibc-gcc -mips32r2 -msoft-float -c conftest.c -o conftest2.o >&5
configure:3907: $? = 0
configure:3913: mips-linux-uclibc-gcc -mips32r2 -msoft-float -c conftest.c -o conftest2.o >&5
configure:3917: $? = 0
configure:3928: cc -c conftest.c >&5
configure:3932: $? = 0
configure:3940: cc -c conftest.c -o conftest2.o >&5
configure:3944: $? = 0
configure:3950: cc -c conftest.c -o conftest2.o >&5
configure:3954: $? = 0
configure:3972: result: yes
configure:4057: checking build system type
configure:4071: result: i686-pc-linux-gnu
configure:4091: checking host system type
configure:4104: result: mips-unknown-linux-uclibc
configure:4124: checking for a sed that does not truncate output
configure:4188: result: /bin/sed
configure:4206: checking for grep that handles long lines and -e
configure:4264: result: /bin/grep
configure:4269: checking for egrep
configure:4331: result: /bin/grep -E
configure:4336: checking for fgrep
configure:4398: result: /bin/grep -F
configure:4433: checking for ld used by mips-linux-uclibc-gcc -mips32r2 -msoft-float
configure:4500: result: /opt/trendchip/mips-linux-uclibc/usr/mips-linux-uclibc/bin/ld
configure:4507: checking if the linker (/opt/trendchip/mips-linux-uclibc/usr/mips-linux-uclibc/bin/ld) is GNU ld
configure:4522: result: yes
configure:4534: checking for BSD- or MS-compatible name lister (nm)
configure:4583: result: /opt/trendchip/mips-linux-uclibc/usr/bin/mips-linux-uclibc-nm -B
configure:4701: checking the name lister (/opt/trendchip/mips-linux-uclibc/usr/bin/mips-linux-uclibc-nm -B) interface
configure:4708: mips-linux-uclibc-gcc -mips32r2 -msoft-float -c -msoft-float -fomit-frame-pointer -mips32r2 -muclibc -O2  conftest.c >&5
configure:4711: /opt/trendchip/mips-linux-uclibc/usr/bin/mips-linux-uclibc-nm -B "conftest.o"
configure:4714: output
00000000 B some_variable
configure:4721: result: BSD nm
configure:4724: checking whether ln -s works
configure:4728: result: yes
configure:4736: checking the maximum length of command line arguments
configure:4856: result: 805306365
configure:4873: checking whether the shell understands some XSI constructs
configure:4883: result: yes
configure:4887: checking whether the shell understands "+="
configure:4893: result: yes
configure:4928: checking for /opt/trendchip/mips-linux-uclibc/usr/mips-linux-uclibc/bin/ld option to reload object files
configure:4935: result: -r
configure:4964: checking for mips-linux-uclibc-objdump
configure:4980: found /opt/trendchip/mips-linux-uclibc/usr/bin/mips-linux-uclibc-objdump
configure:4991: result: mips-linux-uclibc-objdump
configure:5063: checking how to recognize dependent libraries
configure:5259: result: pass_all
configure:5279: checking for mips-linux-uclibc-ar
configure:5295: found /opt/trendchip/mips-linux-uclibc/usr/bin/mips-linux-uclibc-ar
configure:5306: result: mips-linux-uclibc-ar
configure:5384: checking for mips-linux-uclibc-strip
configure:5411: result: mips-linux-uclibc-strip
configure:5483: checking for mips-linux-uclibc-ranlib
configure:5499: found /opt/trendchip/mips-linux-uclibc/usr/bin/mips-linux-uclibc-ranlib
configure:5510: result: mips-linux-uclibc-ranlib
configure:5640: checking command to parse /opt/trendchip/mips-linux-uclibc/usr/bin/mips-linux-uclibc-nm -B output from mips-linux-uclibc-gcc -mips32r2 -msoft-float object
configure:5758: mips-linux-uclibc-gcc -mips32r2 -msoft-float -c -msoft-float -fomit-frame-pointer -mips32r2 -muclibc -O2  conftest.c >&5
configure:5761: $? = 0
configure:5765: /opt/trendchip/mips-linux-uclibc/usr/bin/mips-linux-uclibc-nm -B conftest.o \| sed -n -e 's/^.*[	 ]\([ABCDGIRSTW][ABCDGIRSTW]*\)[	 ][	 ]*\([_A-Za-z][_A-Za-z0-9]*\)$/\1 \2 \2/p' \> conftest.nm
configure:5768: $? = 0
configure:5822: mips-linux-uclibc-gcc -mips32r2 -msoft-float -o conftest -msoft-float -fomit-frame-pointer -mips32r2 -muclibc -O2   conftest.c conftstm.o >&5
configure:5825: $? = 0
configure:5863: result: ok
configure:6672: checking how to run the C preprocessor
configure:6703: mips-linux-uclibc-gcc -mips32r2 -msoft-float -E  conftest.c
configure:6703: $? = 0
configure:6717: mips-linux-uclibc-gcc -mips32r2 -msoft-float -E  conftest.c
conftest.c:11:28: error: ac_nonexistent.h: No such file or directory
configure:6717: $? = 1
configure: failed program was:
| /* confdefs.h */
| #define PACKAGE_NAME "iptables"
| #define PACKAGE_TARNAME "iptables"
| #define PACKAGE_VERSION "1.4.10"
| #define PACKAGE_STRING "iptables 1.4.10"
| #define PACKAGE_BUGREPORT ""
| #define PACKAGE_URL ""
| #define PACKAGE "iptables"
| #define VERSION "1.4.10"
| /* end confdefs.h.  */
| #include <ac_nonexistent.h>
configure:6742: result: mips-linux-uclibc-gcc -mips32r2 -msoft-float -E
configure:6762: mips-linux-uclibc-gcc -mips32r2 -msoft-float -E  conftest.c
configure:6762: $? = 0
configure:6776: mips-linux-uclibc-gcc -mips32r2 -msoft-float -E  conftest.c
conftest.c:11:28: error: ac_nonexistent.h: No such file or directory
configure:6776: $? = 1
configure: failed program was:
| /* confdefs.h */
| #define PACKAGE_NAME "iptables"
| #define PACKAGE_TARNAME "iptables"
| #define PACKAGE_VERSION "1.4.10"
| #define PACKAGE_STRING "iptables 1.4.10"
| #define PACKAGE_BUGREPORT ""
| #define PACKAGE_URL ""
| #define PACKAGE "iptables"
| #define VERSION "1.4.10"
| /* end confdefs.h.  */
| #include <ac_nonexistent.h>
configure:6805: checking for ANSI C header files
configure:6825: mips-linux-uclibc-gcc -mips32r2 -msoft-float -c -msoft-float -fomit-frame-pointer -mips32r2 -muclibc -O2  conftest.c >&5
configure:6825: $? = 0
configure:6909: result: yes
configure:6922: checking for sys/types.h
configure:6922: mips-linux-uclibc-gcc -mips32r2 -msoft-float -c -msoft-float -fomit-frame-pointer -mips32r2 -muclibc -O2  conftest.c >&5
configure:6922: $? = 0
configure:6922: result: yes
configure:6922: checking for sys/stat.h
configure:6922: mips-linux-uclibc-gcc -mips32r2 -msoft-float -c -msoft-float -fomit-frame-pointer -mips32r2 -muclibc -O2  conftest.c >&5
configure:6922: $? = 0
configure:6922: result: yes
configure:6922: checking for stdlib.h
configure:6922: mips-linux-uclibc-gcc -mips32r2 -msoft-float -c -msoft-float -fomit-frame-pointer -mips32r2 -muclibc -O2  conftest.c >&5
configure:6922: $? = 0
configure:6922: result: yes
configure:6922: checking for string.h
configure:6922: mips-linux-uclibc-gcc -mips32r2 -msoft-float -c -msoft-float -fomit-frame-pointer -mips32r2 -muclibc -O2  conftest.c >&5
configure:6922: $? = 0
configure:6922: result: yes
configure:6922: checking for memory.h
configure:6922: mips-linux-uclibc-gcc -mips32r2 -msoft-float -c -msoft-float -fomit-frame-pointer -mips32r2 -muclibc -O2  conftest.c >&5
configure:6922: $? = 0
configure:6922: result: yes
configure:6922: checking for strings.h
configure:6922: mips-linux-uclibc-gcc -mips32r2 -msoft-float -c -msoft-float -fomit-frame-pointer -mips32r2 -muclibc -O2  conftest.c >&5
configure:6922: $? = 0
configure:6922: result: yes
configure:6922: checking for inttypes.h
configure:6922: mips-linux-uclibc-gcc -mips32r2 -msoft-float -c -msoft-float -fomit-frame-pointer -mips32r2 -muclibc -O2  conftest.c >&5
configure:6922: $? = 0
configure:6922: result: yes
configure:6922: checking for stdint.h
configure:6922: mips-linux-uclibc-gcc -mips32r2 -msoft-float -c -msoft-float -fomit-frame-pointer -mips32r2 -muclibc -O2  conftest.c >&5
configure:6922: $? = 0
configure:6922: result: yes
configure:6922: checking for unistd.h
configure:6922: mips-linux-uclibc-gcc -mips32r2 -msoft-float -c -msoft-float -fomit-frame-pointer -mips32r2 -muclibc -O2  conftest.c >&5
configure:6922: $? = 0
configure:6922: result: yes
configure:6936: checking for dlfcn.h
configure:6936: mips-linux-uclibc-gcc -mips32r2 -msoft-float -c -msoft-float -fomit-frame-pointer -mips32r2 -muclibc -O2  conftest.c >&5
configure:6936: $? = 0
configure:6936: result: yes
configure:7090: checking for objdir
configure:7105: result: .libs
configure:7401: checking if mips-linux-uclibc-gcc -mips32r2 -msoft-float supports -fno-rtti -fno-exceptions
configure:7419: mips-linux-uclibc-gcc -mips32r2 -msoft-float -c -msoft-float -fomit-frame-pointer -mips32r2 -muclibc -O2  -fno-rtti -fno-exceptions conftest.c >&5
cc1: warning: command line option "-fno-rtti" is valid for C++/ObjC++ but not for C
configure:7423: $? = 0
configure:7436: result: no
configure:7456: checking for mips-linux-uclibc-gcc -mips32r2 -msoft-float option to produce PIC
configure:7728: result: -fPIC -DPIC
configure:7740: checking if mips-linux-uclibc-gcc -mips32r2 -msoft-float PIC flag -fPIC -DPIC works
configure:7758: mips-linux-uclibc-gcc -mips32r2 -msoft-float -c -msoft-float -fomit-frame-pointer -mips32r2 -muclibc -O2  -fPIC -DPIC -DPIC conftest.c >&5
configure:7762: $? = 0
configure:7775: result: yes
configure:7799: checking if mips-linux-uclibc-gcc -mips32r2 -msoft-float static flag -static works
configure:7827: result: yes
configure:7842: checking if mips-linux-uclibc-gcc -mips32r2 -msoft-float supports -c -o file.o
configure:7863: mips-linux-uclibc-gcc -mips32r2 -msoft-float -c -msoft-float -fomit-frame-pointer -mips32r2 -muclibc -O2  -o out/conftest2.o conftest.c >&5
configure:7867: $? = 0
configure:7889: result: yes
configure:7897: checking if mips-linux-uclibc-gcc -mips32r2 -msoft-float supports -c -o file.o
configure:7944: result: yes
configure:7977: checking whether the mips-linux-uclibc-gcc -mips32r2 -msoft-float linker (/opt/trendchip/mips-linux-uclibc/usr/mips-linux-uclibc/bin/ld) supports shared libraries
configure:8968: result: yes
configure:9005: checking whether -lc should be explicitly linked in
configure:9010: mips-linux-uclibc-gcc -mips32r2 -msoft-float -c -msoft-float -fomit-frame-pointer -mips32r2 -muclibc -O2  conftest.c >&5
configure:9013: $? = 0
configure:9028: mips-linux-uclibc-gcc -mips32r2 -msoft-float -shared conftest.o  -v -Wl,-soname -Wl,conftest -o conftest 2\>\&1 \| /bin/grep  -lc  \>/dev/null 2\>\&1
configure:9031: $? = 0
configure:9043: result: no
configure:9207: checking dynamic linker characteristics
configure:9640: mips-linux-uclibc-gcc -mips32r2 -msoft-float -o conftest -msoft-float -fomit-frame-pointer -mips32r2 -muclibc -O2   -Wl,-rpath -Wl,/foo conftest.c  >&5
configure:9640: $? = 0
configure:9870: result: GNU/Linux ld.so
configure:9972: checking how to hardcode library paths into programs
configure:9997: result: immediate
configure:10517: checking whether stripping libraries is possible
configure:10522: result: yes
configure:10557: checking if libtool supports shared libraries
configure:10559: result: yes
configure:10562: checking whether to build shared libraries
configure:10583: result: yes
configure:10586: checking whether to build static libraries
configure:10590: result: yes
configure:10696: checking whether the linker accepts -Wl,--no-as-needed
configure:10715: mips-linux-uclibc-gcc -mips32r2 -msoft-float -o conftest -msoft-float -fomit-frame-pointer -mips32r2 -muclibc -O2  -Wl,--no-as-needed conftest.c  >&5
configure:10715: $? = 0
configure:10726: result: yes
configure:10738: checking linux/dccp.h usability
configure:10738: mips-linux-uclibc-gcc -mips32r2 -msoft-float -c -msoft-float -fomit-frame-pointer -mips32r2 -muclibc -O2  conftest.c >&5
configure:10738: $? = 0
configure:10738: result: yes
configure:10738: checking linux/dccp.h presence
configure:10738: mips-linux-uclibc-gcc -mips32r2 -msoft-float -E  conftest.c
configure:10738: $? = 0
configure:10738: result: yes
configure:10738: checking for linux/dccp.h
configure:10738: result: yes
configure:10748: checking linux/ip_vs.h usability
configure:10748: mips-linux-uclibc-gcc -mips32r2 -msoft-float -c -msoft-float -fomit-frame-pointer -mips32r2 -muclibc -O2  conftest.c >&5
conftest.c:56:25: error: linux/ip_vs.h: No such file or directory
configure:10748: $? = 1
configure: failed program was:
| /* confdefs.h */
| #define PACKAGE_NAME "iptables"
| #define PACKAGE_TARNAME "iptables"
| #define PACKAGE_VERSION "1.4.10"
| #define PACKAGE_STRING "iptables 1.4.10"
| #define PACKAGE_BUGREPORT ""
| #define PACKAGE_URL ""
| #define PACKAGE "iptables"
| #define VERSION "1.4.10"
| #define STDC_HEADERS 1
| #define HAVE_SYS_TYPES_H 1
| #define HAVE_SYS_STAT_H 1
| #define HAVE_STDLIB_H 1
| #define HAVE_STRING_H 1
| #define HAVE_MEMORY_H 1
| #define HAVE_STRINGS_H 1
| #define HAVE_INTTYPES_H 1
| #define HAVE_STDINT_H 1
| #define HAVE_UNISTD_H 1
| #define HAVE_DLFCN_H 1
| #define LT_OBJDIR ".libs/"
| /* end confdefs.h.  */
| #include <stdio.h>
| #ifdef HAVE_SYS_TYPES_H
| # include <sys/types.h>
| #endif
| #ifdef HAVE_SYS_STAT_H
| # include <sys/stat.h>
| #endif
| #ifdef STDC_HEADERS
| # include <stdlib.h>
| # include <stddef.h>
| #else
| # ifdef HAVE_STDLIB_H
| #  include <stdlib.h>
| # endif
| #endif
| #ifdef HAVE_STRING_H
| # if !defined STDC_HEADERS && defined HAVE_MEMORY_H
| #  include <memory.h>
| # endif
| # include <string.h>
| #endif
| #ifdef HAVE_STRINGS_H
| # include <strings.h>
| #endif
| #ifdef HAVE_INTTYPES_H
| # include <inttypes.h>
| #endif
| #ifdef HAVE_STDINT_H
| # include <stdint.h>
| #endif
| #ifdef HAVE_UNISTD_H
| # include <unistd.h>
| #endif
| #include <linux/ip_vs.h>
configure:10748: result: no
configure:10748: checking linux/ip_vs.h presence
configure:10748: mips-linux-uclibc-gcc -mips32r2 -msoft-float -E  conftest.c
conftest.c:23:25: error: linux/ip_vs.h: No such file or directory
configure:10748: $? = 1
configure: failed program was:
| /* confdefs.h */
| #define PACKAGE_NAME "iptables"
| #define PACKAGE_TARNAME "iptables"
| #define PACKAGE_VERSION "1.4.10"
| #define PACKAGE_STRING "iptables 1.4.10"
| #define PACKAGE_BUGREPORT ""
| #define PACKAGE_URL ""
| #define PACKAGE "iptables"
| #define VERSION "1.4.10"
| #define STDC_HEADERS 1
| #define HAVE_SYS_TYPES_H 1
| #define HAVE_SYS_STAT_H 1
| #define HAVE_STDLIB_H 1
| #define HAVE_STRING_H 1
| #define HAVE_MEMORY_H 1
| #define HAVE_STRINGS_H 1
| #define HAVE_INTTYPES_H 1
| #define HAVE_STDINT_H 1
| #define HAVE_UNISTD_H 1
| #define HAVE_DLFCN_H 1
| #define LT_OBJDIR ".libs/"
| /* end confdefs.h.  */
| #include <linux/ip_vs.h>
configure:10748: result: no
configure:10748: checking for linux/ip_vs.h
configure:10748: result: no
configure:10828: checking for mips-linux-uclibc-pkg-config
configure:10861: result: no
configure:10871: checking for pkg-config
configure:10889: found /usr/bin/pkg-config
configure:10901: result: /usr/bin/pkg-config
configure:10913: WARNING: using cross tools not prefixed with host triplet
configure:10926: checking pkg-config is at least version 0.9.0
configure:10929: result: yes
configure:10939: checking for libnfnetlink
configure:10946: $PKG_CONFIG --exists --print-errors "libnfnetlink >= 1.0"
Package libnfnetlink was not found in the pkg-config search path.
Perhaps you should add the directory containing `libnfnetlink.pc'
to the PKG_CONFIG_PATH environment variable
No package 'libnfnetlink' found
configure:10949: $? = 1
configure:10963: $PKG_CONFIG --exists --print-errors "libnfnetlink >= 1.0"
Package libnfnetlink was not found in the pkg-config search path.
Perhaps you should add the directory containing `libnfnetlink.pc'
to the PKG_CONFIG_PATH environment variable
No package 'libnfnetlink' found
configure:10966: $? = 1
configure:10980: result: no
No package 'libnfnetlink' found
configure:11207: creating ./config.status

## ---------------------- ##
## Running config.status. ##
## ---------------------- ##

This file was extended by iptables config.status 1.4.10, which was
generated by GNU Autoconf 2.68.  Invocation command line was

  CONFIG_FILES    = 
  CONFIG_HEADERS  = 
  CONFIG_LINKS    = 
  CONFIG_COMMANDS = 
  $ ./config.status 

on alex-VirtualBox

config.status:1114: creating Makefile
config.status:1114: creating extensions/GNUmakefile
config.status:1114: creating include/Makefile
config.status:1114: creating libipq/Makefile
config.status:1114: creating utils/Makefile
config.status:1114: creating include/xtables.h
config.status:1114: creating include/iptables/internal.h
config.status:1114: creating libiptc.pc
config.status:1114: creating xtables.pc
config.status:1114: creating config.h
config.status:1295: config.h is unchanged
config.status:1343: executing depfiles commands
config.status:1343: executing libtool commands

## ---------------- ##
## Cache variables. ##
## ---------------- ##

ac_cv_build=i686-pc-linux-gnu
ac_cv_c_compiler_gnu=yes
ac_cv_env_CC_set=set
ac_cv_env_CC_value='mips-linux-uclibc-gcc -mips32r2 -msoft-float'
ac_cv_env_CFLAGS_set=set
ac_cv_env_CFLAGS_value='-msoft-float -fomit-frame-pointer -mips32r2 -muclibc -O2'
ac_cv_env_CPPFLAGS_set=
ac_cv_env_CPPFLAGS_value=
ac_cv_env_CPP_set=
ac_cv_env_CPP_value=
ac_cv_env_LDFLAGS_set=
ac_cv_env_LDFLAGS_value=
ac_cv_env_LIBS_set=
ac_cv_env_LIBS_value=
ac_cv_env_PKG_CONFIG_LIBDIR_set=
ac_cv_env_PKG_CONFIG_LIBDIR_value=
ac_cv_env_PKG_CONFIG_PATH_set=
ac_cv_env_PKG_CONFIG_PATH_value=
ac_cv_env_PKG_CONFIG_set=
ac_cv_env_PKG_CONFIG_value=
ac_cv_env_build_alias_set=
ac_cv_env_build_alias_value=
ac_cv_env_host_alias_set=set
ac_cv_env_host_alias_value=mips-linux-uclibc
ac_cv_env_libnfnetlink_CFLAGS_set=
ac_cv_env_libnfnetlink_CFLAGS_value=
ac_cv_env_libnfnetlink_LIBS_set=
ac_cv_env_libnfnetlink_LIBS_value=
ac_cv_env_target_alias_set=set
ac_cv_env_target_alias_value=mips-linux-uclibc
ac_cv_header_dlfcn_h=yes
ac_cv_header_inttypes_h=yes
ac_cv_header_linux_dccp_h=yes
ac_cv_header_linux_ip_vs_h=no
ac_cv_header_memory_h=yes
ac_cv_header_stdc=yes
ac_cv_header_stdint_h=yes
ac_cv_header_stdlib_h=yes
ac_cv_header_string_h=yes
ac_cv_header_strings_h=yes
ac_cv_header_sys_stat_h=yes
ac_cv_header_sys_types_h=yes
ac_cv_header_unistd_h=yes
ac_cv_host=mips-unknown-linux-uclibc
ac_cv_objext=o
ac_cv_path_EGREP='/bin/grep -E'
ac_cv_path_FGREP='/bin/grep -F'
ac_cv_path_GREP=/bin/grep
ac_cv_path_SED=/bin/sed
ac_cv_path_ac_pt_PKG_CONFIG=/usr/bin/pkg-config
ac_cv_path_install='/usr/bin/install -c'
ac_cv_path_mkdir=/bin/mkdir
ac_cv_prog_AR=mips-linux-uclibc-ar
ac_cv_prog_AWK=gawk
ac_cv_prog_CC='mips-linux-uclibc-gcc -mips32r2 -msoft-float'
ac_cv_prog_CPP='mips-linux-uclibc-gcc -mips32r2 -msoft-float -E'
ac_cv_prog_OBJDUMP=mips-linux-uclibc-objdump
ac_cv_prog_RANLIB=mips-linux-uclibc-ranlib
ac_cv_prog_STRIP=mips-linux-uclibc-strip
ac_cv_prog_cc_c89=
ac_cv_prog_cc_g=yes
ac_cv_prog_cc_mips_linux_uclibc_gcc_c_o=yes
ac_cv_prog_make_make_set=yes
am_cv_CC_dependencies_compiler_type=gcc3
ax_cv_linker_flags__Wl___no_as_needed=yes
lt_cv_deplibs_check_method=pass_all
lt_cv_file_magic_cmd='$MAGIC_CMD'
lt_cv_file_magic_test_file=
lt_cv_ld_reload_flag=-r
lt_cv_nm_interface='BSD nm'
lt_cv_objdir=.libs
lt_cv_path_LD=/opt/trendchip/mips-linux-uclibc/usr/mips-linux-uclibc/bin/ld
lt_cv_path_NM='/opt/trendchip/mips-linux-uclibc/usr/bin/mips-linux-uclibc-nm -B'
lt_cv_prog_compiler_c_o=yes
lt_cv_prog_compiler_pic_works=yes
lt_cv_prog_compiler_rtti_exceptions=no
lt_cv_prog_compiler_static_works=yes
lt_cv_prog_gnu_ld=yes
lt_cv_sys_global_symbol_pipe='sed -n -e '\''s/^.*[	 ]\([ABCDGIRSTW][ABCDGIRSTW]*\)[	 ][	 ]*\([_A-Za-z][_A-Za-z0-9]*\)$/\1 \2 \2/p'\'''
lt_cv_sys_global_symbol_to_c_name_address='sed -n -e '\''s/^: \([^ ]*\) $/  {\"\1\", (void *) 0},/p'\'' -e '\''s/^[ABCDGIRSTW]* \([^ ]*\) \([^ ]*\)$/  {"\2", (void *) \&\2},/p'\'''
lt_cv_sys_global_symbol_to_c_name_address_lib_prefix='sed -n -e '\''s/^: \([^ ]*\) $/  {\"\1\", (void *) 0},/p'\'' -e '\''s/^[ABCDGIRSTW]* \([^ ]*\) \(lib[^ ]*\)$/  {"\2", (void *) \&\2},/p'\'' -e '\''s/^[ABCDGIRSTW]* \([^ ]*\) \([^ ]*\)$/  {"lib\2", (void *) \&\2},/p'\'''
lt_cv_sys_global_symbol_to_cdecl='sed -n -e '\''s/^T .* \(.*\)$/extern int \1();/p'\'' -e '\''s/^[ABCDGIRSTW]* .* \(.*\)$/extern char \1;/p'\'''
lt_cv_sys_max_cmd_len=805306365

## ----------------- ##
## Output variables. ##
## ----------------- ##

ACLOCAL='${SHELL} /home/alex/n14u/dsl-n14u_gpl/apps/public/iptables-1.4.10/missing --run aclocal-1.11'
AMDEPBACKSLASH='\'
AMDEP_FALSE='#'
AMDEP_TRUE=''
AMTAR='$${TAR-tar}'
AR='mips-linux-uclibc-ar'
AUTOCONF='${SHELL} /home/alex/n14u/dsl-n14u_gpl/apps/public/iptables-1.4.10/missing --run autoconf'
AUTOHEADER='${SHELL} /home/alex/n14u/dsl-n14u_gpl/apps/public/iptables-1.4.10/missing --run autoheader'
AUTOMAKE='${SHELL} /home/alex/n14u/dsl-n14u_gpl/apps/public/iptables-1.4.10/missing --run automake-1.11'
AWK='gawk'
CC='mips-linux-uclibc-gcc -mips32r2 -msoft-float'
CCDEPMODE='depmode=gcc3'
CFLAGS='-msoft-float -fomit-frame-pointer -mips32r2 -muclibc -O2'
CPP='mips-linux-uclibc-gcc -mips32r2 -msoft-float -E'
CPPFLAGS=''
CYGPATH_W='echo'
DEFS='-DHAVE_CONFIG_H'
DEPDIR='.deps'
DSYMUTIL=''
DUMPBIN=''
ECHO_C=''
ECHO_N='-n'
ECHO_T=''
EGREP='/bin/grep -E'
ENABLE_DEVEL_FALSE='#'
ENABLE_DEVEL_TRUE=''
ENABLE_IPV4_FALSE='#'
ENABLE_IPV4_TRUE=''
ENABLE_IPV6_FALSE='#'
ENABLE_IPV6_TRUE=''
ENABLE_LARGEFILE_FALSE='#'
ENABLE_LARGEFILE_TRUE=''
ENABLE_LIBIPQ_FALSE=''
ENABLE_LIBIPQ_TRUE='#'
ENABLE_SHARED_FALSE='#'
ENABLE_SHARED_TRUE=''
ENABLE_STATIC_FALSE='#'
ENABLE_STATIC_TRUE=''
EXEEXT=''
FGREP='/bin/grep -F'
GREP='/bin/grep'
HAVE_LIBNFNETLINK_FALSE=''
HAVE_LIBNFNETLINK_TRUE='#'
INSTALL_DATA='${INSTALL} -m 644'
INSTALL_PROGRAM='${INSTALL}'
INSTALL_SCRIPT='${INSTALL}'
INSTALL_STRIP_PROGRAM='$(install_sh) -c -s'
LD='/opt/trendchip/mips-linux-uclibc/usr/mips-linux-uclibc/bin/ld'
LDFLAGS=''
LIBOBJS=''
LIBS=''
LIBTOOL='$(SHELL) $(top_builddir)/libtool'
LIPO=''
LN_S='ln -s'
LTLIBOBJS=''
MAKEINFO='${SHELL} /home/alex/n14u/dsl-n14u_gpl/apps/public/iptables-1.4.10/missing --run makeinfo'
MKDIR_P='/bin/mkdir -p'
NM='/opt/trendchip/mips-linux-uclibc/usr/bin/mips-linux-uclibc-nm -B'
NMEDIT=''
OBJDUMP='mips-linux-uclibc-objdump'
OBJEXT='o'
OTOOL64=''
OTOOL=''
PACKAGE='iptables'
PACKAGE_BUGREPORT=''
PACKAGE_NAME='iptables'
PACKAGE_STRING='iptables 1.4.10'
PACKAGE_TARNAME='iptables'
PACKAGE_URL=''
PACKAGE_VERSION='1.4.10'
PATH_SEPARATOR=':'
PKG_CONFIG='/usr/bin/pkg-config'
PKG_CONFIG_LIBDIR=''
PKG_CONFIG_PATH=''
RANLIB='mips-linux-uclibc-ranlib'
SED='/bin/sed'
SET_MAKE=''
SHELL='/bin/bash'
STRIP='mips-linux-uclibc-strip'
VERSION='1.4.10'
ac_ct_CC=''
ac_ct_DUMPBIN=''
am__EXEEXT_FALSE=''
am__EXEEXT_TRUE='#'
am__fastdepCC_FALSE='#'
am__fastdepCC_TRUE=''
am__include='include'
am__isrc=''
am__leading_dot='.'
am__nodep='_no'
am__quote=''
am__tar='$${TAR-tar} chof - "$$tardir"'
am__untar='$${TAR-tar} xf -'
bindir='${exec_prefix}/bin'
blacklist_modules=' ipvs'
build='i686-pc-linux-gnu'
build_alias=''
build_cpu='i686'
build_os='linux-gnu'
build_vendor='pc'
datadir='${datarootdir}'
datarootdir='${prefix}/share'
docdir='${datarootdir}/doc/${PACKAGE_TARNAME}'
dvidir='${docdir}'
exec_prefix='${prefix}'
host='mips-unknown-linux-uclibc'
host_alias='mips-linux-uclibc'
host_cpu='mips'
host_os='linux-uclibc'
host_vendor='unknown'
htmldir='${docdir}'
includedir='${prefix}/include'
infodir='${datarootdir}/info'
install_sh='${SHELL} /home/alex/n14u/dsl-n14u_gpl/apps/public/iptables-1.4.10/install-sh'
kbuilddir='/home/alex/n14u/dsl-n14u_gpl/linux'
kinclude_CFLAGS=' -I /home/alex/n14u/dsl-n14u_gpl/linux/include -I /home/alex/n14u/dsl-n14u_gpl/linux/include'
ksourcedir='/home/alex/n14u/dsl-n14u_gpl/linux'
libdir='${exec_prefix}/lib'
libexecdir='${exec_prefix}/libexec'
libiptc_LDFLAGS2='-Wl,--no-as-needed'
libnfnetlink_CFLAGS=''
libnfnetlink_LIBS=''
libxtables_vage='0'
libxtables_vcurrent='5'
libxtables_vmajor='5'
localedir='${datarootdir}/locale'
localstatedir='${prefix}/var'
lt_ECHO='echo'
mandir='${datarootdir}/man'
mkdir_p='/bin/mkdir -p'
oldincludedir='/usr/include'
pdfdir='${docdir}'
pkgconfigdir='${libdir}/pkgconfig'
pkgdatadir='${datadir}/xtables'
prefix='/home/alex/n14u/dsl-n14u_gpl/apps/public/iptables-1.4.10/install'
program_transform_name='s,x,x,'
psdir='${docdir}'
regular_CFLAGS='-D_LARGEFILE_SOURCE=1 -D_LARGE_FILES -D_FILE_OFFSET_BITS=64 	-D_REENTRANT -Wall -Waggregate-return -Wmissing-declarations 	-Wmissing-prototypes -Wredundant-decls -Wshadow -Wstrict-prototypes 	-Winline -pipe 	-DXTABLES_LIBDIR=\"${xtlibdir}\" -DXTABLES_INTERNAL'
sbindir='${exec_prefix}/sbin'
sharedstatedir='${prefix}/com'
sysconfdir='${prefix}/etc'
target_alias='mips-linux-uclibc'
xtlibdir='${exec_prefix}/libexec/xtables'

## ----------- ##
## confdefs.h. ##
## ----------- ##

/* confdefs.h */
#define PACKAGE_NAME "iptables"
#define PACKAGE_TARNAME "iptables"
#define PACKAGE_VERSION "1.4.10"
#define PACKAGE_STRING "iptables 1.4.10"
#define PACKAGE_BUGREPORT ""
#define PACKAGE_URL ""
#define PACKAGE "iptables"
#define VERSION "1.4.10"
#define STDC_HEADERS 1
#define HAVE_SYS_TYPES_H 1
#define HAVE_SYS_STAT_H 1
#define HAVE_STDLIB_H 1
#define HAVE_STRING_H 1
#define HAVE_MEMORY_H 1
#define HAVE_STRINGS_H 1
#define HAVE_INTTYPES_H 1
#define HAVE_STDINT_H 1
#define HAVE_UNISTD_H 1
#define HAVE_DLFCN_H 1
#define LT_OBJDIR ".libs/"

configure: exit 0
