This file contains any messages produced by compilers while
running configure, to aid debugging if configure makes a mistake.

It was created by sqlite configure 3.7.2, which was
generated by GNU Autoconf 2.68.  Invocation command line was

  $ ./configure --host=mips-linux --enable-shared --enable-static --disable-readline --disable-dynamic-extensions --enable-threadsafe --disable-dependency-tracking

## --------- ##
## Platform. ##
## --------- ##

hostname = alex-VirtualBox
uname -m = i686
uname -r = 3.11.0-15-generic
uname -s = Linux
uname -v = #25~precise1-Ubuntu SMP Thu Jan 30 17:42:40 UTC 2014

/usr/bin/uname -p = unknown
/bin/uname -X     = unknown

/bin/arch              = unknown
/usr/bin/arch -k       = unknown
/usr/convex/getsysinfo = unknown
/usr/bin/hostinfo      = unknown
/bin/machine           = unknown
/usr/bin/oslevel       = unknown
/bin/universe          = unknown

PATH: /opt/trendchip/mips-linux-uclibc/usr/bin
PATH: /usr/lib/lightdm/lightdm
PATH: /usr/local/sbin
PATH: /usr/local/bin
PATH: /usr/sbin
PATH: /usr/bin
PATH: /sbin
PATH: /bin
PATH: /usr/games


## ----------- ##
## Core tests. ##
## ----------- ##

configure:2588: checking for a BSD-compatible install
configure:2656: result: /usr/bin/install -c
configure:2667: checking whether build environment is sane
configure:2704: result: yes
configure:2766: checking for gawk
configure:2782: found /usr/bin/gawk
configure:2793: result: gawk
configure:2804: checking whether make sets $(MAKE)
configure:2826: result: yes
configure:2900: checking for mips-linux-strip
configure:2927: result: mips-linux-uclibc-strip
configure:3017: checking for style of include used by make
configure:3045: result: GNU
configure:3078: checking for mips-linux-gcc
configure:3105: result: mips-linux-uclibc-gcc -mips32r2 -msoft-float
configure:3374: checking for C compiler version
configure:3383: mips-linux-uclibc-gcc -mips32r2 -msoft-float --version >&5
mips-linux-uclibc-gcc (GCC) 4.3.4
Copyright (C) 2008 Free Software Foundation, Inc.
This is free software; see the source for copying conditions.  There is NO
warranty; not even for MERCHANTABILITY or FITNESS FOR A PARTICULAR PURPOSE.

configure:3394: $? = 0
configure:3383: mips-linux-uclibc-gcc -mips32r2 -msoft-float -v >&5
Using built-in specs.
Target: mips-linux-uclibc
Configured with: /home/socsw_local/lino/toolchain/tc3262/buildroot-2009.11/output/toolchain/gcc-4.3.4/configure --prefix=/usr --build=i386-pc-linux-gnu --host=i386-pc-linux-gnu --target=mips-linux-uclibc --enable-languages=c,c++ --with-sysroot=/opt/trendchip/mips-linux-uclibc --with-build-time-tools=/opt/trendchip/mips-linux-uclibc/usr/mips-linux-uclibc/bin --disable-__cxa_atexit --enable-target-optspace --with-gnu-ld --disable-libssp --enable-tls --enable-shared --with-gmp=/home/socsw_local/lino/toolchain/tc3262/buildroot-2009.11/output/toolchain/gmp --with-mpfr=/home/socsw_local/lino/toolchain/tc3262/buildroot-2009.11/output/toolchain/mpfr --disable-nls --enable-threads --disable-multilib --disable-decimal-float --with-float=soft --with-abi=32 --with-tune=mips32r2
Thread model: posix
gcc version 4.3.4 (GCC) 
configure:3394: $? = 0
configure:3383: mips-linux-uclibc-gcc -mips32r2 -msoft-float -V >&5
mips-linux-uclibc-gcc: '-V' must come at the start of the command line
configure:3394: $? = 1
configure:3383: mips-linux-uclibc-gcc -mips32r2 -msoft-float -qversion >&5
mips-linux-uclibc-gcc: unrecognized option '-qversion'
mips-linux-uclibc-gcc: no input files
configure:3394: $? = 1
configure:3414: checking whether the C compiler works
configure:3436: mips-linux-uclibc-gcc -mips32r2 -msoft-float -Os  -ffunction-sections -fdata-sections  -ffunction-sections -fdata-sections -Wl,--gc-sections conftest.c  >&5
configure:3440: $? = 0
configure:3488: result: yes
configure:3491: checking for C compiler default output file name
configure:3493: result: a.out
configure:3499: checking for suffix of executables
configure:3506: mips-linux-uclibc-gcc -mips32r2 -msoft-float -o conftest -Os  -ffunction-sections -fdata-sections  -ffunction-sections -fdata-sections -Wl,--gc-sections conftest.c  >&5
configure:3510: $? = 0
configure:3532: result: 
configure:3554: checking whether we are cross compiling
configure:3562: mips-linux-uclibc-gcc -mips32r2 -msoft-float -o conftest -Os  -ffunction-sections -fdata-sections  -ffunction-sections -fdata-sections -Wl,--gc-sections conftest.c  >&5
configure:3566: $? = 0
configure:3573: ./conftest
./configure: line 3575: ./conftest: cannot execute binary file
configure:3577: $? = 126
configure:3592: result: yes
configure:3597: checking for suffix of object files
configure:3619: mips-linux-uclibc-gcc -mips32r2 -msoft-float -c -Os  -ffunction-sections -fdata-sections  conftest.c >&5
configure:3623: $? = 0
configure:3644: result: o
configure:3648: checking whether we are using the GNU C compiler
configure:3667: mips-linux-uclibc-gcc -mips32r2 -msoft-float -c -Os  -ffunction-sections -fdata-sections  conftest.c >&5
configure:3667: $? = 0
configure:3676: result: yes
configure:3685: checking whether mips-linux-uclibc-gcc -mips32r2 -msoft-float accepts -g
configure:3705: mips-linux-uclibc-gcc -mips32r2 -msoft-float -c -g  conftest.c >&5
configure:3705: $? = 0
configure:3746: result: yes
configure:3763: checking for mips-linux-uclibc-gcc -mips32r2 -msoft-float option to accept ISO C89
configure:3827: mips-linux-uclibc-gcc -mips32r2 -msoft-float  -c -Os  -ffunction-sections -fdata-sections  conftest.c >&5
configure:3827: $? = 0
configure:3840: result: none needed
configure:3862: checking dependency style of mips-linux-uclibc-gcc -mips32r2 -msoft-float
configure:3952: result: none
configure:3977: checking for special C compiler options needed for large files
configure:4022: result: no
configure:4028: checking for _FILE_OFFSET_BITS value needed for large files
configure:4053: mips-linux-uclibc-gcc -mips32r2 -msoft-float -c -Os  -ffunction-sections -fdata-sections  conftest.c >&5
conftest.c:17: warning: left shift count >= width of type
conftest.c:17: warning: left shift count >= width of type
conftest.c:19: error: size of array 'off_t_is_large' is negative
configure:4053: $? = 1
configure: failed program was:
| /* confdefs.h */
| #define PACKAGE_NAME "sqlite"
| #define PACKAGE_TARNAME "sqlite"
| #define PACKAGE_VERSION "3.7.2"
| #define PACKAGE_STRING "sqlite 3.7.2"
| #define PACKAGE_BUGREPORT "http://www.sqlite.org"
| #define PACKAGE_URL ""
| #define PACKAGE "sqlite"
| #define VERSION "3.7.2"
| /* end confdefs.h.  */
| #include <sys/types.h>
|  /* Check that off_t can represent 2**63 - 1 correctly.
|     We can't simply define LARGE_OFF_T to be 9223372036854775807,
|     since some C++ compilers masquerading as C compilers
|     incorrectly reject 9223372036854775807.  */
| #define LARGE_OFF_T (((off_t) 1 << 62) - 1 + ((off_t) 1 << 62))
|   int off_t_is_large[(LARGE_OFF_T % 2147483629 == 721
| 		       && LARGE_OFF_T % 2147483647 == 1)
| 		      ? 1 : -1];
| int
| main ()
| {
| 
|   ;
|   return 0;
| }
configure:4077: mips-linux-uclibc-gcc -mips32r2 -msoft-float -c -Os  -ffunction-sections -fdata-sections  conftest.c >&5
configure:4077: $? = 0
configure:4085: result: 64
configure:4178: checking for mips-linux-gcc
configure:4205: result: mips-linux-uclibc-gcc -mips32r2 -msoft-float
configure:4474: checking for C compiler version
configure:4483: mips-linux-uclibc-gcc -mips32r2 -msoft-float --version >&5
mips-linux-uclibc-gcc (GCC) 4.3.4
Copyright (C) 2008 Free Software Foundation, Inc.
This is free software; see the source for copying conditions.  There is NO
warranty; not even for MERCHANTABILITY or FITNESS FOR A PARTICULAR PURPOSE.

configure:4494: $? = 0
configure:4483: mips-linux-uclibc-gcc -mips32r2 -msoft-float -v >&5
Using built-in specs.
Target: mips-linux-uclibc
Configured with: /home/socsw_local/lino/toolchain/tc3262/buildroot-2009.11/output/toolchain/gcc-4.3.4/configure --prefix=/usr --build=i386-pc-linux-gnu --host=i386-pc-linux-gnu --target=mips-linux-uclibc --enable-languages=c,c++ --with-sysroot=/opt/trendchip/mips-linux-uclibc --with-build-time-tools=/opt/trendchip/mips-linux-uclibc/usr/mips-linux-uclibc/bin --disable-__cxa_atexit --enable-target-optspace --with-gnu-ld --disable-libssp --enable-tls --enable-shared --with-gmp=/home/socsw_local/lino/toolchain/tc3262/buildroot-2009.11/output/toolchain/gmp --with-mpfr=/home/socsw_local/lino/toolchain/tc3262/buildroot-2009.11/output/toolchain/mpfr --disable-nls --enable-threads --disable-multilib --disable-decimal-float --with-float=soft --with-abi=32 --with-tune=mips32r2
Thread model: posix
gcc version 4.3.4 (GCC) 
configure:4494: $? = 0
configure:4483: mips-linux-uclibc-gcc -mips32r2 -msoft-float -V >&5
mips-linux-uclibc-gcc: '-V' must come at the start of the command line
configure:4494: $? = 1
configure:4483: mips-linux-uclibc-gcc -mips32r2 -msoft-float -qversion >&5
mips-linux-uclibc-gcc: unrecognized option '-qversion'
mips-linux-uclibc-gcc: no input files
configure:4494: $? = 1
configure:4498: checking whether we are using the GNU C compiler
configure:4526: result: yes
configure:4535: checking whether mips-linux-uclibc-gcc -mips32r2 -msoft-float accepts -g
configure:4596: result: yes
configure:4613: checking for mips-linux-uclibc-gcc -mips32r2 -msoft-float option to accept ISO C89
configure:4690: result: none needed
configure:4712: checking dependency style of mips-linux-uclibc-gcc -mips32r2 -msoft-float
configure:4802: result: none
configure:4822: checking for mips-linux-ranlib
configure:4838: found /opt/trendchip/mips-linux-uclibc/usr/bin/mips-linux-ranlib
configure:4849: result: mips-linux-ranlib
configure:4987: checking build system type
configure:5001: result: i686-pc-linux-gnu
configure:5021: checking host system type
configure:5034: result: mips-unknown-linux-gnu
configure:5054: checking for a sed that does not truncate output
configure:5108: result: /bin/sed
configure:5111: checking for grep that handles long lines and -e
configure:5169: result: /bin/grep
configure:5174: checking for egrep
configure:5236: result: /bin/grep -E
configure:5252: checking for ld used by mips-linux-uclibc-gcc -mips32r2 -msoft-float
configure:5319: result: /opt/trendchip/mips-linux-uclibc/usr/mips-linux-uclibc/bin/ld
configure:5326: checking if the linker (/opt/trendchip/mips-linux-uclibc/usr/mips-linux-uclibc/bin/ld) is GNU ld
configure:5341: result: yes
configure:5346: checking for /opt/trendchip/mips-linux-uclibc/usr/mips-linux-uclibc/bin/ld option to reload object files
configure:5353: result: -r
configure:5371: checking for BSD-compatible nm
configure:5420: result: /opt/trendchip/mips-linux-uclibc/usr/bin/mips-linux-nm -B
configure:5424: checking whether ln -s works
configure:5428: result: yes
configure:5435: checking how to recognise dependent libraries
configure:5611: result: pass_all
configure:5819: checking how to run the C preprocessor
configure:5850: mips-linux-uclibc-gcc -mips32r2 -msoft-float -E  conftest.c
configure:5850: $? = 0
configure:5864: mips-linux-uclibc-gcc -mips32r2 -msoft-float -E  conftest.c
conftest.c:12:28: error: ac_nonexistent.h: No such file or directory
configure:5864: $? = 1
configure: failed program was:
| /* confdefs.h */
| #define PACKAGE_NAME "sqlite"
| #define PACKAGE_TARNAME "sqlite"
| #define PACKAGE_VERSION "3.7.2"
| #define PACKAGE_STRING "sqlite 3.7.2"
| #define PACKAGE_BUGREPORT "http://www.sqlite.org"
| #define PACKAGE_URL ""
| #define PACKAGE "sqlite"
| #define VERSION "3.7.2"
| #define _FILE_OFFSET_BITS 64
| /* end confdefs.h.  */
| #include <ac_nonexistent.h>
configure:5889: result: mips-linux-uclibc-gcc -mips32r2 -msoft-float -E
configure:5909: mips-linux-uclibc-gcc -mips32r2 -msoft-float -E  conftest.c
configure:5909: $? = 0
configure:5923: mips-linux-uclibc-gcc -mips32r2 -msoft-float -E  conftest.c
conftest.c:12:28: error: ac_nonexistent.h: No such file or directory
configure:5923: $? = 1
configure: failed program was:
| /* confdefs.h */
| #define PACKAGE_NAME "sqlite"
| #define PACKAGE_TARNAME "sqlite"
| #define PACKAGE_VERSION "3.7.2"
| #define PACKAGE_STRING "sqlite 3.7.2"
| #define PACKAGE_BUGREPORT "http://www.sqlite.org"
| #define PACKAGE_URL ""
| #define PACKAGE "sqlite"
| #define VERSION "3.7.2"
| #define _FILE_OFFSET_BITS 64
| /* end confdefs.h.  */
| #include <ac_nonexistent.h>
configure:5952: checking for ANSI C header files
configure:5972: mips-linux-uclibc-gcc -mips32r2 -msoft-float -c -Os  -ffunction-sections -fdata-sections  conftest.c >&5
configure:5972: $? = 0
configure:6056: result: yes
configure:6069: checking for sys/types.h
configure:6069: mips-linux-uclibc-gcc -mips32r2 -msoft-float -c -Os  -ffunction-sections -fdata-sections  conftest.c >&5
configure:6069: $? = 0
configure:6069: result: yes
configure:6069: checking for sys/stat.h
configure:6069: mips-linux-uclibc-gcc -mips32r2 -msoft-float -c -Os  -ffunction-sections -fdata-sections  conftest.c >&5
configure:6069: $? = 0
configure:6069: result: yes
configure:6069: checking for stdlib.h
configure:6069: mips-linux-uclibc-gcc -mips32r2 -msoft-float -c -Os  -ffunction-sections -fdata-sections  conftest.c >&5
configure:6069: $? = 0
configure:6069: result: yes
configure:6069: checking for string.h
configure:6069: mips-linux-uclibc-gcc -mips32r2 -msoft-float -c -Os  -ffunction-sections -fdata-sections  conftest.c >&5
configure:6069: $? = 0
configure:6069: result: yes
configure:6069: checking for memory.h
configure:6069: mips-linux-uclibc-gcc -mips32r2 -msoft-float -c -Os  -ffunction-sections -fdata-sections  conftest.c >&5
configure:6069: $? = 0
configure:6069: result: yes
configure:6069: checking for strings.h
configure:6069: mips-linux-uclibc-gcc -mips32r2 -msoft-float -c -Os  -ffunction-sections -fdata-sections  conftest.c >&5
configure:6069: $? = 0
configure:6069: result: yes
configure:6069: checking for inttypes.h
configure:6069: mips-linux-uclibc-gcc -mips32r2 -msoft-float -c -Os  -ffunction-sections -fdata-sections  conftest.c >&5
configure:6069: $? = 0
configure:6069: result: yes
configure:6069: checking for stdint.h
configure:6069: mips-linux-uclibc-gcc -mips32r2 -msoft-float -c -Os  -ffunction-sections -fdata-sections  conftest.c >&5
configure:6069: $? = 0
configure:6069: result: yes
configure:6069: checking for unistd.h
configure:6069: mips-linux-uclibc-gcc -mips32r2 -msoft-float -c -Os  -ffunction-sections -fdata-sections  conftest.c >&5
configure:6069: $? = 0
configure:6069: result: yes
configure:6083: checking dlfcn.h usability
configure:6083: mips-linux-uclibc-gcc -mips32r2 -msoft-float -c -Os  -ffunction-sections -fdata-sections  conftest.c >&5
configure:6083: $? = 0
configure:6083: result: yes
configure:6083: checking dlfcn.h presence
configure:6083: mips-linux-uclibc-gcc -mips32r2 -msoft-float -E  conftest.c
configure:6083: $? = 0
configure:6083: result: yes
configure:6083: checking for dlfcn.h
configure:6083: result: yes
configure:6107: checking for mips-linux-g++
configure:6123: found /opt/trendchip/mips-linux-uclibc/usr/bin/mips-linux-g++
configure:6134: result: mips-linux-g++
configure:6205: checking for C++ compiler version
configure:6214: mips-linux-g++ --version >&5
mips-linux-g++ (GCC) 4.3.4
Copyright (C) 2008 Free Software Foundation, Inc.
This is free software; see the source for copying conditions.  There is NO
warranty; not even for MERCHANTABILITY or FITNESS FOR A PARTICULAR PURPOSE.

configure:6225: $? = 0
configure:6214: mips-linux-g++ -v >&5
Using built-in specs.
Target: mips-linux-uclibc
Configured with: /home/socsw_local/lino/toolchain/tc3262/buildroot-2009.11/output/toolchain/gcc-4.3.4/configure --prefix=/usr --build=i386-pc-linux-gnu --host=i386-pc-linux-gnu --target=mips-linux-uclibc --enable-languages=c,c++ --with-sysroot=/opt/trendchip/mips-linux-uclibc --with-build-time-tools=/opt/trendchip/mips-linux-uclibc/usr/mips-linux-uclibc/bin --disable-__cxa_atexit --enable-target-optspace --with-gnu-ld --disable-libssp --enable-tls --enable-shared --with-gmp=/home/socsw_local/lino/toolchain/tc3262/buildroot-2009.11/output/toolchain/gmp --with-mpfr=/home/socsw_local/lino/toolchain/tc3262/buildroot-2009.11/output/toolchain/mpfr --disable-nls --enable-threads --disable-multilib --disable-decimal-float --with-float=soft --with-abi=32 --with-tune=mips32r2
Thread model: posix
gcc version 4.3.4 (GCC) 
configure:6225: $? = 0
configure:6214: mips-linux-g++ -V >&5
mips-linux-g++: '-V' option must have argument
configure:6225: $? = 1
configure:6214: mips-linux-g++ -qversion >&5
mips-linux-g++: unrecognized option '-qversion'
mips-linux-g++: no input files
configure:6225: $? = 1
configure:6229: checking whether we are using the GNU C++ compiler
configure:6248: mips-linux-g++ -c   conftest.cpp >&5
configure:6248: $? = 0
configure:6257: result: yes
configure:6266: checking whether mips-linux-g++ accepts -g
configure:6286: mips-linux-g++ -c -g  conftest.cpp >&5
configure:6286: $? = 0
configure:6327: result: yes
configure:6352: checking dependency style of mips-linux-g++
configure:6442: result: none
configure:6469: checking how to run the C++ preprocessor
configure:6496: mips-linux-g++ -E  conftest.cpp
configure:6496: $? = 0
configure:6510: mips-linux-g++ -E  conftest.cpp
conftest.cpp:23:28: error: ac_nonexistent.h: No such file or directory
configure:6510: $? = 1
configure: failed program was:
| /* confdefs.h */
| #define PACKAGE_NAME "sqlite"
| #define PACKAGE_TARNAME "sqlite"
| #define PACKAGE_VERSION "3.7.2"
| #define PACKAGE_STRING "sqlite 3.7.2"
| #define PACKAGE_BUGREPORT "http://www.sqlite.org"
| #define PACKAGE_URL ""
| #define PACKAGE "sqlite"
| #define VERSION "3.7.2"
| #define _FILE_OFFSET_BITS 64
| #define STDC_HEADERS 1
| #define HAVE_SYS_TYPES_H 1
| #define HAVE_SYS_STAT_H 1
| #define HAVE_STDLIB_H 1
| #define HAVE_STRING_H 1
| #define HAVE_MEMORY_H 1
| #define HAVE_STRINGS_H 1
| #define HAVE_INTTYPES_H 1
| #define HAVE_STDINT_H 1
| #define HAVE_UNISTD_H 1
| #define HAVE_DLFCN_H 1
| /* end confdefs.h.  */
| #include <ac_nonexistent.h>
configure:6535: result: mips-linux-g++ -E
configure:6555: mips-linux-g++ -E  conftest.cpp
configure:6555: $? = 0
configure:6569: mips-linux-g++ -E  conftest.cpp
conftest.cpp:23:28: error: ac_nonexistent.h: No such file or directory
configure:6569: $? = 1
configure: failed program was:
| /* confdefs.h */
| #define PACKAGE_NAME "sqlite"
| #define PACKAGE_TARNAME "sqlite"
| #define PACKAGE_VERSION "3.7.2"
| #define PACKAGE_STRING "sqlite 3.7.2"
| #define PACKAGE_BUGREPORT "http://www.sqlite.org"
| #define PACKAGE_URL ""
| #define PACKAGE "sqlite"
| #define VERSION "3.7.2"
| #define _FILE_OFFSET_BITS 64
| #define STDC_HEADERS 1
| #define HAVE_SYS_TYPES_H 1
| #define HAVE_SYS_STAT_H 1
| #define HAVE_STDLIB_H 1
| #define HAVE_STRING_H 1
| #define HAVE_MEMORY_H 1
| #define HAVE_STRINGS_H 1
| #define HAVE_INTTYPES_H 1
| #define HAVE_STDINT_H 1
| #define HAVE_UNISTD_H 1
| #define HAVE_DLFCN_H 1
| /* end confdefs.h.  */
| #include <ac_nonexistent.h>
configure:6609: checking for mips-linux-g77
configure:6639: result: no
configure:6609: checking for mips-linux-xlf
configure:6639: result: no
configure:6609: checking for mips-linux-f77
configure:6639: result: no
configure:6609: checking for mips-linux-frt
configure:6639: result: no
configure:6609: checking for mips-linux-pgf77
configure:6639: result: no
configure:6609: checking for mips-linux-cf77
configure:6639: result: no
configure:6609: checking for mips-linux-fort77
configure:6639: result: no
configure:6609: checking for mips-linux-fl32
configure:6639: result: no
configure:6609: checking for mips-linux-af77
configure:6639: result: no
configure:6609: checking for mips-linux-xlf90
configure:6639: result: no
configure:6609: checking for mips-linux-f90
configure:6639: result: no
configure:6609: checking for mips-linux-pgf90
configure:6639: result: no
configure:6609: checking for mips-linux-pghpf
configure:6639: result: no
configure:6609: checking for mips-linux-epcf90
configure:6639: result: no
configure:6609: checking for mips-linux-gfortran
configure:6639: result: no
configure:6609: checking for mips-linux-g95
configure:6639: result: no
configure:6609: checking for mips-linux-xlf95
configure:6639: result: no
configure:6609: checking for mips-linux-f95
configure:6639: result: no
configure:6609: checking for mips-linux-fort
configure:6639: result: no
configure:6609: checking for mips-linux-ifort
configure:6639: result: no
configure:6609: checking for mips-linux-ifc
configure:6639: result: no
configure:6609: checking for mips-linux-efc
configure:6639: result: no
configure:6609: checking for mips-linux-pgfortran
configure:6639: result: no
configure:6609: checking for mips-linux-pgf95
configure:6639: result: no
configure:6609: checking for mips-linux-lf95
configure:6639: result: no
configure:6609: checking for mips-linux-ftn
configure:6639: result: no
configure:6653: checking for g77
configure:6683: result: no
configure:6653: checking for xlf
configure:6683: result: no
configure:6653: checking for f77
configure:6683: result: no
configure:6653: checking for frt
configure:6683: result: no
configure:6653: checking for pgf77
configure:6683: result: no
configure:6653: checking for cf77
configure:6683: result: no
configure:6653: checking for fort77
configure:6683: result: no
configure:6653: checking for fl32
configure:6683: result: no
configure:6653: checking for af77
configure:6683: result: no
configure:6653: checking for xlf90
configure:6683: result: no
configure:6653: checking for f90
configure:6683: result: no
configure:6653: checking for pgf90
configure:6683: result: no
configure:6653: checking for pghpf
configure:6683: result: no
configure:6653: checking for epcf90
configure:6683: result: no
configure:6653: checking for gfortran
configure:6683: result: no
configure:6653: checking for g95
configure:6683: result: no
configure:6653: checking for xlf95
configure:6683: result: no
configure:6653: checking for f95
configure:6683: result: no
configure:6653: checking for fort
configure:6683: result: no
configure:6653: checking for ifort
configure:6683: result: no
configure:6653: checking for ifc
configure:6683: result: no
configure:6653: checking for efc
configure:6683: result: no
configure:6653: checking for pgfortran
configure:6683: result: no
configure:6653: checking for pgf95
configure:6683: result: no
configure:6653: checking for lf95
configure:6683: result: no
configure:6653: checking for ftn
configure:6683: result: no
configure:6706: checking for Fortran 77 compiler version
configure:6715:  --version >&5
./configure: line 6717: --version: command not found
configure:6726: $? = 127
configure:6715:  -v >&5
./configure: line 6717: -v: command not found
configure:6726: $? = 127
configure:6715:  -V >&5
./configure: line 6717: -V: command not found
configure:6726: $? = 127
configure:6715:  -qversion >&5
./configure: line 6717: -qversion: command not found
configure:6726: $? = 127
configure:6735: checking whether we are using the GNU Fortran 77 compiler
configure:6748:  -c  conftest.F >&5
./configure: line 2120: -c: command not found
configure:6748: $? = 127
configure: failed program was:
|       program main
| #ifndef __GNUC__
|        choke me
| #endif
| 
|       end
configure:6757: result: no
configure:6763: checking whether  accepts -g
configure:6774:  -c -g conftest.f >&5
./configure: line 2120: -c: command not found
configure:6774: $? = 127
configure: failed program was:
|       program main
| 
|       end
configure:6782: result: no
configure:6816: checking the maximum length of command line arguments
configure:6925: result: 32768
configure:6936: checking command to parse /opt/trendchip/mips-linux-uclibc/usr/bin/mips-linux-nm -B output from mips-linux-uclibc-gcc -mips32r2 -msoft-float object
configure:7041: mips-linux-uclibc-gcc -mips32r2 -msoft-float -c -Os  -ffunction-sections -fdata-sections  conftest.c >&5
configure:7044: $? = 0
configure:7048: /opt/trendchip/mips-linux-uclibc/usr/bin/mips-linux-nm -B conftest.o \| sed -n -e 's/^.*[ 	]\([ABCDGIRSTW][ABCDGIRSTW]*\)[ 	][ 	]*\([_A-Za-z][_A-Za-z0-9]*\)$/\1 \2 \2/p' \> conftest.nm
configure:7051: $? = 0
configure:7103: mips-linux-uclibc-gcc -mips32r2 -msoft-float -o conftest -Os  -ffunction-sections -fdata-sections  -ffunction-sections -fdata-sections -Wl,--gc-sections conftest.c conftstm.o >&5
configure:7106: $? = 0
configure:7144: result: ok
configure:7148: checking for objdir
configure:7163: result: .libs
configure:7215: checking for mips-linux-ar
configure:7231: found /opt/trendchip/mips-linux-uclibc/usr/bin/mips-linux-ar
configure:7242: result: mips-linux-ar
configure:7307: checking for mips-linux-ranlib
configure:7334: result: mips-linux-ranlib
configure:7399: checking for mips-linux-strip
configure:7426: result: mips-linux-uclibc-strip
configure:7748: checking if mips-linux-uclibc-gcc -mips32r2 -msoft-float supports -fno-rtti -fno-exceptions
configure:7766: mips-linux-uclibc-gcc -mips32r2 -msoft-float -c -Os  -ffunction-sections -fdata-sections  -fno-rtti -fno-exceptions conftest.c >&5
cc1: warning: command line option "-fno-rtti" is valid for C++/ObjC++ but not for C
configure:7770: $? = 0
configure:7783: result: no
configure:7798: checking for mips-linux-uclibc-gcc -mips32r2 -msoft-float option to produce PIC
configure:8008: result: -fPIC
configure:8016: checking if mips-linux-uclibc-gcc -mips32r2 -msoft-float PIC flag -fPIC works
configure:8034: mips-linux-uclibc-gcc -mips32r2 -msoft-float -c -Os  -ffunction-sections -fdata-sections  -fPIC -DPIC conftest.c >&5
configure:8038: $? = 0
configure:8051: result: yes
configure:8079: checking if mips-linux-uclibc-gcc -mips32r2 -msoft-float static flag -static works
configure:8107: result: yes
configure:8117: checking if mips-linux-uclibc-gcc -mips32r2 -msoft-float supports -c -o file.o
configure:8138: mips-linux-uclibc-gcc -mips32r2 -msoft-float -c -Os  -ffunction-sections -fdata-sections  -o out/conftest2.o conftest.c >&5
configure:8142: $? = 0
configure:8164: result: yes
configure:8190: checking whether the mips-linux-uclibc-gcc -mips32r2 -msoft-float linker (/opt/trendchip/mips-linux-uclibc/usr/mips-linux-uclibc/bin/ld) supports shared libraries
configure:9090: result: yes
configure:9111: checking whether -lc should be explicitly linked in
configure:9116: mips-linux-uclibc-gcc -mips32r2 -msoft-float -c -Os  -ffunction-sections -fdata-sections  conftest.c >&5
configure:9119: $? = 0
configure:9134: mips-linux-uclibc-gcc -mips32r2 -msoft-float -shared conftest.o  -v -Wl,-soname -Wl,conftest -o conftest 2\>\&1 \| grep  -lc  \>/dev/null 2\>\&1
configure:9137: $? = 0
configure:9149: result: no
configure:9157: checking dynamic linker characteristics
configure:9745: result: GNU/Linux ld.so
configure:9754: checking how to hardcode library paths into programs
configure:9779: result: immediate
configure:9793: checking whether stripping libraries is possible
configure:9798: result: yes
configure:10314: checking if libtool supports shared libraries
configure:10316: result: yes
configure:10319: checking whether to build shared libraries
configure:10340: result: yes
configure:10343: checking whether to build static libraries
configure:10347: result: yes
configure:10439: creating libtool
configure:11023: checking for ld used by mips-linux-g++
configure:11090: result: /opt/trendchip/mips-linux-uclibc/usr/mips-linux-uclibc/bin/ld
configure:11097: checking if the linker (/opt/trendchip/mips-linux-uclibc/usr/mips-linux-uclibc/bin/ld) is GNU ld
configure:11112: result: yes
configure:11163: checking whether the mips-linux-g++ linker (/opt/trendchip/mips-linux-uclibc/usr/mips-linux-uclibc/bin/ld) supports shared libraries
configure:12043: result: yes
configure:12061: mips-linux-g++ -c -g -O2  conftest.cpp >&5
configure:12064: $? = 0
configure:12183: checking for mips-linux-g++ option to produce PIC
configure:12457: result: -fPIC
configure:12465: checking if mips-linux-g++ PIC flag -fPIC works
configure:12483: mips-linux-g++ -c -g -O2  -fPIC -DPIC conftest.cpp >&5
configure:12487: $? = 0
configure:12500: result: yes
configure:12528: checking if mips-linux-g++ static flag -static works
configure:12556: result: yes
configure:12566: checking if mips-linux-g++ supports -c -o file.o
configure:12587: mips-linux-g++ -c -g -O2  -o out/conftest2.o conftest.cpp >&5
configure:12591: $? = 0
configure:12613: result: yes
configure:12639: checking whether the mips-linux-g++ linker (/opt/trendchip/mips-linux-uclibc/usr/mips-linux-uclibc/bin/ld) supports shared libraries
configure:12664: result: yes
configure:12731: checking dynamic linker characteristics
configure:13319: result: GNU/Linux ld.so
configure:13328: checking how to hardcode library paths into programs
configure:13353: result: immediate
configure:19394: checking for fdatasync
configure:19394: mips-linux-uclibc-gcc -mips32r2 -msoft-float -o conftest -Os  -ffunction-sections -fdata-sections  -ffunction-sections -fdata-sections -Wl,--gc-sections conftest.c  >&5
configure:19394: $? = 0
configure:19394: result: yes
configure:19394: checking for usleep
configure:19394: mips-linux-uclibc-gcc -mips32r2 -msoft-float -o conftest -Os  -ffunction-sections -fdata-sections  -ffunction-sections -fdata-sections -Wl,--gc-sections conftest.c  >&5
configure:19394: $? = 0
configure:19394: result: yes
configure:19394: checking for fullfsync
configure:19394: mips-linux-uclibc-gcc -mips32r2 -msoft-float -o conftest -Os  -ffunction-sections -fdata-sections  -ffunction-sections -fdata-sections -Wl,--gc-sections conftest.c  >&5
/tmp/ccMvYUVH.o: In function `main':
conftest.c:(.text.main+0x14): undefined reference to `fullfsync'
collect2: ld returned 1 exit status
configure:19394: $? = 1
configure: failed program was:
| /* confdefs.h */
| #define PACKAGE_NAME "sqlite"
| #define PACKAGE_TARNAME "sqlite"
| #define PACKAGE_VERSION "3.7.2"
| #define PACKAGE_STRING "sqlite 3.7.2"
| #define PACKAGE_BUGREPORT "http://www.sqlite.org"
| #define PACKAGE_URL ""
| #define PACKAGE "sqlite"
| #define VERSION "3.7.2"
| #define _FILE_OFFSET_BITS 64
| #define STDC_HEADERS 1
| #define HAVE_SYS_TYPES_H 1
| #define HAVE_SYS_STAT_H 1
| #define HAVE_STDLIB_H 1
| #define HAVE_STRING_H 1
| #define HAVE_MEMORY_H 1
| #define HAVE_STRINGS_H 1
| #define HAVE_INTTYPES_H 1
| #define HAVE_STDINT_H 1
| #define HAVE_UNISTD_H 1
| #define HAVE_DLFCN_H 1
| #define HAVE_FDATASYNC 1
| #define HAVE_USLEEP 1
| /* end confdefs.h.  */
| /* Define fullfsync to an innocuous variant, in case <limits.h> declares fullfsync.
|    For example, HP-UX 11i <limits.h> declares gettimeofday.  */
| #define fullfsync innocuous_fullfsync
| 
| /* System header to define __stub macros and hopefully few prototypes,
|     which can conflict with char fullfsync (); below.
|     Prefer <limits.h> to <assert.h> if __STDC__ is defined, since
|     <limits.h> exists even on freestanding compilers.  */
| 
| #ifdef __STDC__
| # include <limits.h>
| #else
| # include <assert.h>
| #endif
| 
| #undef fullfsync
| 
| /* Override any GCC internal prototype to avoid an error.
|    Use char because int might match the return type of a GCC
|    builtin and then its argument prototype would still apply.  */
| #ifdef __cplusplus
| extern "C"
| #endif
| char fullfsync ();
| /* The GNU C library defines this for functions which it implements
|     to always fail with ENOSYS.  Some functions are actually named
|     something starting with __ and the normal name is an alias.  */
| #if defined __stub_fullfsync || defined __stub___fullfsync
| choke me
| #endif
| 
| int
| main ()
| {
| return fullfsync ();
|   ;
|   return 0;
| }
configure:19394: result: no
configure:19394: checking for localtime_r
configure:19394: mips-linux-uclibc-gcc -mips32r2 -msoft-float -o conftest -Os  -ffunction-sections -fdata-sections  -ffunction-sections -fdata-sections -Wl,--gc-sections conftest.c  >&5
configure:19394: $? = 0
configure:19394: result: yes
configure:19394: checking for gmtime_r
configure:19394: mips-linux-uclibc-gcc -mips32r2 -msoft-float -o conftest -Os  -ffunction-sections -fdata-sections  -ffunction-sections -fdata-sections -Wl,--gc-sections conftest.c  >&5
configure:19394: $? = 0
configure:19394: result: yes
configure:19565: checking for library containing pthread_create
configure:19596: mips-linux-uclibc-gcc -mips32r2 -msoft-float -o conftest -Os  -ffunction-sections -fdata-sections  -ffunction-sections -fdata-sections -Wl,--gc-sections conftest.c  >&5
/tmp/ccQlYGeV.o: In function `main':
conftest.c:(.text.main+0x14): undefined reference to `pthread_create'
collect2: ld returned 1 exit status
configure:19596: $? = 1
configure: failed program was:
| /* confdefs.h */
| #define PACKAGE_NAME "sqlite"
| #define PACKAGE_TARNAME "sqlite"
| #define PACKAGE_VERSION "3.7.2"
| #define PACKAGE_STRING "sqlite 3.7.2"
| #define PACKAGE_BUGREPORT "http://www.sqlite.org"
| #define PACKAGE_URL ""
| #define PACKAGE "sqlite"
| #define VERSION "3.7.2"
| #define _FILE_OFFSET_BITS 64
| #define STDC_HEADERS 1
| #define HAVE_SYS_TYPES_H 1
| #define HAVE_SYS_STAT_H 1
| #define HAVE_STDLIB_H 1
| #define HAVE_STRING_H 1
| #define HAVE_MEMORY_H 1
| #define HAVE_STRINGS_H 1
| #define HAVE_INTTYPES_H 1
| #define HAVE_STDINT_H 1
| #define HAVE_UNISTD_H 1
| #define HAVE_DLFCN_H 1
| #define HAVE_FDATASYNC 1
| #define HAVE_USLEEP 1
| #define HAVE_LOCALTIME_R 1
| #define HAVE_GMTIME_R 1
| /* end confdefs.h.  */
| 
| /* Override any GCC internal prototype to avoid an error.
|    Use char because int might match the return type of a GCC
|    builtin and then its argument prototype would still apply.  */
| #ifdef __cplusplus
| extern "C"
| #endif
| char pthread_create ();
| int
| main ()
| {
| return pthread_create ();
|   ;
|   return 0;
| }
configure:19596: mips-linux-uclibc-gcc -mips32r2 -msoft-float -o conftest -Os  -ffunction-sections -fdata-sections  -ffunction-sections -fdata-sections -Wl,--gc-sections conftest.c -lpthread   >&5
configure:19596: $? = 0
configure:19613: result: -lpthread
configure:19695: checking for whether to support dynamic extensions
configure:19697: result: no
configure:19893: creating ./config.status

## ---------------------- ##
## Running config.status. ##
## ---------------------- ##

This file was extended by sqlite config.status 3.7.2, which was
generated by GNU Autoconf 2.68.  Invocation command line was

  CONFIG_FILES    = 
  CONFIG_HEADERS  = 
  CONFIG_LINKS    = 
  CONFIG_COMMANDS = 
  $ ./config.status 

on alex-VirtualBox

config.status:807: creating Makefile
config.status:807: creating sqlite3.pc
config.status:973: executing depfiles commands

## ---------------- ##
## Cache variables. ##
## ---------------- ##

ac_cv_build=i686-pc-linux-gnu
ac_cv_c_compiler_gnu=yes
ac_cv_cxx_compiler_gnu=yes
ac_cv_env_CCC_set=
ac_cv_env_CCC_value=
ac_cv_env_CC_set=set
ac_cv_env_CC_value='mips-linux-uclibc-gcc -mips32r2 -msoft-float'
ac_cv_env_CFLAGS_set=set
ac_cv_env_CFLAGS_value='-Os  -ffunction-sections -fdata-sections'
ac_cv_env_CPPFLAGS_set=
ac_cv_env_CPPFLAGS_value=
ac_cv_env_CPP_set=
ac_cv_env_CPP_value=
ac_cv_env_CXXCPP_set=
ac_cv_env_CXXCPP_value=
ac_cv_env_CXXFLAGS_set=
ac_cv_env_CXXFLAGS_value=
ac_cv_env_CXX_set=
ac_cv_env_CXX_value=
ac_cv_env_F77_set=
ac_cv_env_F77_value=
ac_cv_env_FFLAGS_set=
ac_cv_env_FFLAGS_value=
ac_cv_env_LDFLAGS_set=set
ac_cv_env_LDFLAGS_value='-ffunction-sections -fdata-sections -Wl,--gc-sections'
ac_cv_env_LIBS_set=
ac_cv_env_LIBS_value=
ac_cv_env_build_alias_set=
ac_cv_env_build_alias_value=
ac_cv_env_host_alias_set=set
ac_cv_env_host_alias_value=mips-linux
ac_cv_env_target_alias_set=
ac_cv_env_target_alias_value=
ac_cv_f77_compiler_gnu=no
ac_cv_func_fdatasync=yes
ac_cv_func_fullfsync=no
ac_cv_func_gmtime_r=yes
ac_cv_func_localtime_r=yes
ac_cv_func_usleep=yes
ac_cv_header_dlfcn_h=yes
ac_cv_header_inttypes_h=yes
ac_cv_header_memory_h=yes
ac_cv_header_stdc=yes
ac_cv_header_stdint_h=yes
ac_cv_header_stdlib_h=yes
ac_cv_header_string_h=yes
ac_cv_header_strings_h=yes
ac_cv_header_sys_stat_h=yes
ac_cv_header_sys_types_h=yes
ac_cv_header_unistd_h=yes
ac_cv_host=mips-unknown-linux-gnu
ac_cv_objext=o
ac_cv_path_EGREP='/bin/grep -E'
ac_cv_path_GREP=/bin/grep
ac_cv_path_install='/usr/bin/install -c'
ac_cv_prog_AR=mips-linux-ar
ac_cv_prog_AWK=gawk
ac_cv_prog_CC='mips-linux-uclibc-gcc -mips32r2 -msoft-float'
ac_cv_prog_CPP='mips-linux-uclibc-gcc -mips32r2 -msoft-float -E'
ac_cv_prog_CXX=mips-linux-g++
ac_cv_prog_CXXCPP='mips-linux-g++ -E'
ac_cv_prog_RANLIB=mips-linux-ranlib
ac_cv_prog_STRIP=mips-linux-uclibc-strip
ac_cv_prog_cc_c89=
ac_cv_prog_cc_g=yes
ac_cv_prog_cxx_g=yes
ac_cv_prog_f77_g=no
ac_cv_prog_make_make_set=yes
ac_cv_search_pthread_create=-lpthread
ac_cv_sys_file_offset_bits=64
ac_cv_sys_largefile_CC=no
am_cv_CC_dependencies_compiler_type=none
am_cv_CXX_dependencies_compiler_type=none
lt_cv_deplibs_check_method=pass_all
lt_cv_file_magic_cmd='$MAGIC_CMD'
lt_cv_file_magic_test_file=
lt_cv_ld_reload_flag=-r
lt_cv_objdir=.libs
lt_cv_path_LD=/opt/trendchip/mips-linux-uclibc/usr/mips-linux-uclibc/bin/ld
lt_cv_path_LDCXX=/opt/trendchip/mips-linux-uclibc/usr/mips-linux-uclibc/bin/ld
lt_cv_path_NM='/opt/trendchip/mips-linux-uclibc/usr/bin/mips-linux-nm -B'
lt_cv_path_SED=/bin/sed
lt_cv_prog_compiler_c_o=yes
lt_cv_prog_compiler_c_o_CXX=yes
lt_cv_prog_compiler_rtti_exceptions=no
lt_cv_prog_gnu_ld=yes
lt_cv_prog_gnu_ldcxx=yes
lt_cv_sys_global_symbol_pipe='sed -n -e '\''s/^.*[ 	]\([ABCDGIRSTW][ABCDGIRSTW]*\)[ 	][ 	]*\([_A-Za-z][_A-Za-z0-9]*\)$/\1 \2 \2/p'\'''
lt_cv_sys_global_symbol_to_c_name_address='sed -n -e '\''s/^: \([^ ]*\) $/  {\"\1\", (lt_ptr) 0},/p'\'' -e '\''s/^[BCDEGRST] \([^ ]*\) \([^ ]*\)$/  {"\2", (lt_ptr) \&\2},/p'\'''
lt_cv_sys_global_symbol_to_cdecl='sed -n -e '\''s/^. .* \(.*\)$/extern int \1;/p'\'''
lt_cv_sys_max_cmd_len=32768
lt_lt_cv_prog_compiler_c_o='"yes"'
lt_lt_cv_prog_compiler_c_o_CXX='"yes"'
lt_lt_cv_sys_global_symbol_pipe='"sed -n -e '\''s/^.*[ 	]\\([ABCDGIRSTW][ABCDGIRSTW]*\\)[ 	][ 	]*\\([_A-Za-z][_A-Za-z0-9]*\\)\$/\\1 \\2 \\2/p'\''"'
lt_lt_cv_sys_global_symbol_to_c_name_address='"sed -n -e '\''s/^: \\([^ ]*\\) \$/  {\\\"\\1\\\", (lt_ptr) 0},/p'\'' -e '\''s/^[BCDEGRST] \\([^ ]*\\) \\([^ ]*\\)\$/  {\"\\2\", (lt_ptr) \\&\\2},/p'\''"'
lt_lt_cv_sys_global_symbol_to_cdecl='"sed -n -e '\''s/^. .* \\(.*\\)\$/extern int \\1;/p'\''"'

## ----------------- ##
## Output variables. ##
## ----------------- ##

ACLOCAL='${SHELL} /home/alex/n14u/dsl-n14u_gpl/apps/public/sqlite/missing --run aclocal-1.9'
AMDEPBACKSLASH=''
AMDEP_FALSE=''
AMDEP_TRUE='#'
AMTAR='${SHELL} /home/alex/n14u/dsl-n14u_gpl/apps/public/sqlite/missing --run tar'
AR='mips-linux-ar'
AUTOCONF='${SHELL} /home/alex/n14u/dsl-n14u_gpl/apps/public/sqlite/missing --run autoconf'
AUTOHEADER='${SHELL} /home/alex/n14u/dsl-n14u_gpl/apps/public/sqlite/missing --run autoheader'
AUTOMAKE='${SHELL} /home/alex/n14u/dsl-n14u_gpl/apps/public/sqlite/missing --run automake-1.9'
AWK='gawk'
BUILD_CFLAGS=''
CC='mips-linux-uclibc-gcc -mips32r2 -msoft-float'
CCDEPMODE='depmode=none'
CFLAGS='-Os  -ffunction-sections -fdata-sections'
CPP='mips-linux-uclibc-gcc -mips32r2 -msoft-float -E'
CPPFLAGS=''
CXX='mips-linux-g++'
CXXCPP='mips-linux-g++ -E'
CXXDEPMODE='depmode=none'
CXXFLAGS='-g -O2'
CYGPATH_W='echo'
DEFS='-DPACKAGE_NAME=\"sqlite\" -DPACKAGE_TARNAME=\"sqlite\" -DPACKAGE_VERSION=\"3.7.2\" -DPACKAGE_STRING=\"sqlite\ 3.7.2\" -DPACKAGE_BUGREPORT=\"http://www.sqlite.org\" -DPACKAGE_URL=\"\" -DPACKAGE=\"sqlite\" -DVERSION=\"3.7.2\" -D_FILE_OFFSET_BITS=64 -DSTDC_HEADERS=1 -DHAVE_SYS_TYPES_H=1 -DHAVE_SYS_STAT_H=1 -DHAVE_STDLIB_H=1 -DHAVE_STRING_H=1 -DHAVE_MEMORY_H=1 -DHAVE_STRINGS_H=1 -DHAVE_INTTYPES_H=1 -DHAVE_STDINT_H=1 -DHAVE_UNISTD_H=1 -DHAVE_DLFCN_H=1 -DHAVE_FDATASYNC=1 -DHAVE_USLEEP=1 -DHAVE_LOCALTIME_R=1 -DHAVE_GMTIME_R=1'
DEPDIR='.deps'
DYNAMIC_EXTENSION_FLAGS='-DSQLITE_OMIT_LOAD_EXTENSION=1'
ECHO='echo'
ECHO_C=''
ECHO_N='-n'
ECHO_T=''
EGREP='/bin/grep -E'
EXEEXT=''
F77=''
FFLAGS=''
GREP='/bin/grep'
INSTALL_DATA='${INSTALL} -m 644'
INSTALL_PROGRAM='${INSTALL}'
INSTALL_SCRIPT='${INSTALL}'
INSTALL_STRIP_PROGRAM='${SHELL} $(install_sh) -c -s'
LDFLAGS='-ffunction-sections -fdata-sections -Wl,--gc-sections'
LIBOBJS=''
LIBS='-lpthread '
LIBTOOL='$(SHELL) $(top_builddir)/libtool'
LN_S='ln -s'
LTLIBOBJS=''
MAKEINFO='${SHELL} /home/alex/n14u/dsl-n14u_gpl/apps/public/sqlite/missing --run makeinfo'
OBJEXT='o'
PACKAGE='sqlite'
PACKAGE_BUGREPORT='http://www.sqlite.org'
PACKAGE_NAME='sqlite'
PACKAGE_STRING='sqlite 3.7.2'
PACKAGE_TARNAME='sqlite'
PACKAGE_URL=''
PACKAGE_VERSION='3.7.2'
PATH_SEPARATOR=':'
RANLIB='mips-linux-ranlib'
READLINE_LIBS=''
SET_MAKE=''
SHELL='/bin/bash'
STRIP='mips-linux-uclibc-strip'
THREADSAFE_FLAGS='-DSQLITE_THREADSAFE=1'
VERSION='3.7.2'
ac_ct_CC=''
ac_ct_CXX=''
ac_ct_F77=''
am__fastdepCC_FALSE=''
am__fastdepCC_TRUE='#'
am__fastdepCXX_FALSE=''
am__fastdepCXX_TRUE='#'
am__include='include'
am__leading_dot='.'
am__quote=''
am__tar='${AMTAR} chof - "$$tardir"'
am__untar='${AMTAR} xf -'
bindir='${exec_prefix}/bin'
build='i686-pc-linux-gnu'
build_alias=''
build_cpu='i686'
build_os='linux-gnu'
build_vendor='pc'
datadir='${datarootdir}'
datarootdir='${prefix}/share'
docdir='${datarootdir}/doc/${PACKAGE_TARNAME}'
dvidir='${docdir}'
exec_prefix='${prefix}'
host='mips-unknown-linux-gnu'
host_alias='mips-linux'
host_cpu='mips'
host_os='linux-gnu'
host_vendor='unknown'
htmldir='${docdir}'
includedir='${prefix}/include'
infodir='${datarootdir}/info'
install_sh='/home/alex/n14u/dsl-n14u_gpl/apps/public/sqlite/install-sh'
libdir='${exec_prefix}/lib'
libexecdir='${exec_prefix}/libexec'
localedir='${datarootdir}/locale'
localstatedir='${prefix}/var'
mandir='${datarootdir}/man'
mkdir_p='mkdir -p --'
oldincludedir='/usr/include'
pdfdir='${docdir}'
prefix='/usr/local'
program_transform_name='s,x,x,'
psdir='${docdir}'
sbindir='${exec_prefix}/sbin'
sharedstatedir='${prefix}/com'
sysconfdir='${prefix}/etc'
target_alias=''

## ----------- ##
## confdefs.h. ##
## ----------- ##

/* confdefs.h */
#define PACKAGE_NAME "sqlite"
#define PACKAGE_TARNAME "sqlite"
#define PACKAGE_VERSION "3.7.2"
#define PACKAGE_STRING "sqlite 3.7.2"
#define PACKAGE_BUGREPORT "http://www.sqlite.org"
#define PACKAGE_URL ""
#define PACKAGE "sqlite"
#define VERSION "3.7.2"
#define _FILE_OFFSET_BITS 64
#define STDC_HEADERS 1
#define HAVE_SYS_TYPES_H 1
#define HAVE_SYS_STAT_H 1
#define HAVE_STDLIB_H 1
#define HAVE_STRING_H 1
#define HAVE_MEMORY_H 1
#define HAVE_STRINGS_H 1
#define HAVE_INTTYPES_H 1
#define HAVE_STDINT_H 1
#define HAVE_UNISTD_H 1
#define HAVE_DLFCN_H 1
#define HAVE_FDATASYNC 1
#define HAVE_USLEEP 1
#define HAVE_LOCALTIME_R 1
#define HAVE_GMTIME_R 1

configure: exit 0
