This file contains any messages produced by compilers while
running configure, to aid debugging if configure makes a mistake.

It was created by PCRE configure 8.12, which was
generated by GNU Autoconf 2.68.  Invocation command line was

  $ ./configure --host=mips-linux --disable-dependency-tracking host_alias=mips-linux CC=mips-linux-uclibc-gcc -mips32r2 -msoft-float CFLAGS=-Os -Wall  --no-create --no-recursion

## --------- ##
## Platform. ##
## --------- ##

hostname = alex-VirtualBox
uname -m = i686
uname -r = 3.11.0-15-generic
uname -s = Linux
uname -v = #25~precise1-Ubuntu SMP Thu Jan 30 17:42:40 UTC 2014

/usr/bin/uname -p = unknown
/bin/uname -X     = unknown

/bin/arch              = unknown
/usr/bin/arch -k       = unknown
/usr/convex/getsysinfo = unknown
/usr/bin/hostinfo      = unknown
/bin/machine           = unknown
/usr/bin/oslevel       = unknown
/bin/universe          = unknown

PATH: /opt/trendchip/mips-linux-uclibc/usr/bin
PATH: /usr/lib/lightdm/lightdm
PATH: /usr/local/sbin
PATH: /usr/local/bin
PATH: /usr/sbin
PATH: /usr/bin
PATH: /sbin
PATH: /bin
PATH: /usr/games


## ----------- ##
## Core tests. ##
## ----------- ##

configure:2689: checking for a BSD-compatible install
configure:2757: result: /usr/bin/install -c
configure:2768: checking whether build environment is sane
configure:2818: result: yes
configure:2867: checking for mips-linux-strip
configure:2894: result: mips-linux-uclibc-strip
configure:2959: checking for a thread-safe mkdir -p
configure:2998: result: /bin/mkdir -p
configure:3011: checking for gawk
configure:3027: found /usr/bin/gawk
configure:3038: result: gawk
configure:3049: checking whether make sets $(MAKE)
configure:3071: result: yes
configure:3178: checking for mips-linux-gcc
configure:3205: result: mips-linux-uclibc-gcc -mips32r2 -msoft-float
configure:3474: checking for C compiler version
configure:3483: mips-linux-uclibc-gcc -mips32r2 -msoft-float --version >&5
mips-linux-uclibc-gcc (GCC) 4.3.4
Copyright (C) 2008 Free Software Foundation, Inc.
This is free software; see the source for copying conditions.  There is NO
warranty; not even for MERCHANTABILITY or FITNESS FOR A PARTICULAR PURPOSE.

configure:3494: $? = 0
configure:3483: mips-linux-uclibc-gcc -mips32r2 -msoft-float -v >&5
Using built-in specs.
Target: mips-linux-uclibc
Configured with: /home/socsw_local/lino/toolchain/tc3262/buildroot-2009.11/output/toolchain/gcc-4.3.4/configure --prefix=/usr --build=i386-pc-linux-gnu --host=i386-pc-linux-gnu --target=mips-linux-uclibc --enable-languages=c,c++ --with-sysroot=/opt/trendchip/mips-linux-uclibc --with-build-time-tools=/opt/trendchip/mips-linux-uclibc/usr/mips-linux-uclibc/bin --disable-__cxa_atexit --enable-target-optspace --with-gnu-ld --disable-libssp --enable-tls --enable-shared --with-gmp=/home/socsw_local/lino/toolchain/tc3262/buildroot-2009.11/output/toolchain/gmp --with-mpfr=/home/socsw_local/lino/toolchain/tc3262/buildroot-2009.11/output/toolchain/mpfr --disable-nls --enable-threads --disable-multilib --disable-decimal-float --with-float=soft --with-abi=32 --with-tune=mips32r2
Thread model: posix
gcc version 4.3.4 (GCC) 
configure:3494: $? = 0
configure:3483: mips-linux-uclibc-gcc -mips32r2 -msoft-float -V >&5
mips-linux-uclibc-gcc: '-V' must come at the start of the command line
configure:3494: $? = 1
configure:3483: mips-linux-uclibc-gcc -mips32r2 -msoft-float -qversion >&5
mips-linux-uclibc-gcc: unrecognized option '-qversion'
mips-linux-uclibc-gcc: no input files
configure:3494: $? = 1
configure:3514: checking whether the C compiler works
configure:3536: mips-linux-uclibc-gcc -mips32r2 -msoft-float -Os -Wall    conftest.c  >&5
configure:3540: $? = 0
configure:3588: result: yes
configure:3591: checking for C compiler default output file name
configure:3593: result: a.out
configure:3599: checking for suffix of executables
configure:3606: mips-linux-uclibc-gcc -mips32r2 -msoft-float -o conftest -Os -Wall    conftest.c  >&5
configure:3610: $? = 0
configure:3632: result: 
configure:3654: checking whether we are cross compiling
configure:3662: mips-linux-uclibc-gcc -mips32r2 -msoft-float -o conftest -Os -Wall    conftest.c  >&5
configure:3666: $? = 0
configure:3673: ./conftest
./configure: line 3675: ./conftest: cannot execute binary file
configure:3677: $? = 126
configure:3692: result: yes
configure:3697: checking for suffix of object files
configure:3719: mips-linux-uclibc-gcc -mips32r2 -msoft-float -c -Os -Wall   conftest.c >&5
configure:3723: $? = 0
configure:3744: result: o
configure:3748: checking whether we are using the GNU C compiler
configure:3767: mips-linux-uclibc-gcc -mips32r2 -msoft-float -c -Os -Wall   conftest.c >&5
configure:3767: $? = 0
configure:3776: result: yes
configure:3785: checking whether mips-linux-uclibc-gcc -mips32r2 -msoft-float accepts -g
configure:3805: mips-linux-uclibc-gcc -mips32r2 -msoft-float -c -g  conftest.c >&5
configure:3805: $? = 0
configure:3846: result: yes
configure:3863: checking for mips-linux-uclibc-gcc -mips32r2 -msoft-float option to accept ISO C89
configure:3927: mips-linux-uclibc-gcc -mips32r2 -msoft-float  -c -Os -Wall   conftest.c >&5
configure:3927: $? = 0
configure:3940: result: none needed
configure:3971: checking for style of include used by make
configure:3999: result: GNU
configure:4024: checking dependency style of mips-linux-uclibc-gcc -mips32r2 -msoft-float
configure:4134: result: none
configure:4163: checking for mips-linux-g++
configure:4179: found /opt/trendchip/mips-linux-uclibc/usr/bin/mips-linux-g++
configure:4190: result: mips-linux-g++
configure:4261: checking for C++ compiler version
configure:4270: mips-linux-g++ --version >&5
mips-linux-g++ (GCC) 4.3.4
Copyright (C) 2008 Free Software Foundation, Inc.
This is free software; see the source for copying conditions.  There is NO
warranty; not even for MERCHANTABILITY or FITNESS FOR A PARTICULAR PURPOSE.

configure:4281: $? = 0
configure:4270: mips-linux-g++ -v >&5
Using built-in specs.
Target: mips-linux-uclibc
Configured with: /home/socsw_local/lino/toolchain/tc3262/buildroot-2009.11/output/toolchain/gcc-4.3.4/configure --prefix=/usr --build=i386-pc-linux-gnu --host=i386-pc-linux-gnu --target=mips-linux-uclibc --enable-languages=c,c++ --with-sysroot=/opt/trendchip/mips-linux-uclibc --with-build-time-tools=/opt/trendchip/mips-linux-uclibc/usr/mips-linux-uclibc/bin --disable-__cxa_atexit --enable-target-optspace --with-gnu-ld --disable-libssp --enable-tls --enable-shared --with-gmp=/home/socsw_local/lino/toolchain/tc3262/buildroot-2009.11/output/toolchain/gmp --with-mpfr=/home/socsw_local/lino/toolchain/tc3262/buildroot-2009.11/output/toolchain/mpfr --disable-nls --enable-threads --disable-multilib --disable-decimal-float --with-float=soft --with-abi=32 --with-tune=mips32r2
Thread model: posix
gcc version 4.3.4 (GCC) 
configure:4281: $? = 0
configure:4270: mips-linux-g++ -V >&5
mips-linux-g++: '-V' option must have argument
configure:4281: $? = 1
configure:4270: mips-linux-g++ -qversion >&5
mips-linux-g++: unrecognized option '-qversion'
mips-linux-g++: no input files
configure:4281: $? = 1
configure:4285: checking whether we are using the GNU C++ compiler
configure:4304: mips-linux-g++ -c   conftest.cpp >&5
configure:4304: $? = 0
configure:4313: result: yes
configure:4322: checking whether mips-linux-g++ accepts -g
configure:4342: mips-linux-g++ -c -g  conftest.cpp >&5
configure:4342: $? = 0
configure:4383: result: yes
configure:4408: checking dependency style of mips-linux-g++
configure:4518: result: none
configure:4576: mips-linux-g++ -c -O2  conftest.cpp >&5
configure:4576: $? = 0
configure:4596: checking how to run the C preprocessor
configure:4627: mips-linux-uclibc-gcc -mips32r2 -msoft-float -E  conftest.c
configure:4627: $? = 0
configure:4641: mips-linux-uclibc-gcc -mips32r2 -msoft-float -E  conftest.c
conftest.c:11:28: error: ac_nonexistent.h: No such file or directory
configure:4641: $? = 1
configure: failed program was:
| /* confdefs.h */
| #define PACKAGE_NAME "PCRE"
| #define PACKAGE_TARNAME "pcre"
| #define PACKAGE_VERSION "8.12"
| #define PACKAGE_STRING "PCRE 8.12"
| #define PACKAGE_BUGREPORT ""
| #define PACKAGE_URL ""
| #define PACKAGE "pcre"
| #define VERSION "8.12"
| /* end confdefs.h.  */
| #include <ac_nonexistent.h>
configure:4666: result: mips-linux-uclibc-gcc -mips32r2 -msoft-float -E
configure:4686: mips-linux-uclibc-gcc -mips32r2 -msoft-float -E  conftest.c
configure:4686: $? = 0
configure:4700: mips-linux-uclibc-gcc -mips32r2 -msoft-float -E  conftest.c
conftest.c:11:28: error: ac_nonexistent.h: No such file or directory
configure:4700: $? = 1
configure: failed program was:
| /* confdefs.h */
| #define PACKAGE_NAME "PCRE"
| #define PACKAGE_TARNAME "pcre"
| #define PACKAGE_VERSION "8.12"
| #define PACKAGE_STRING "PCRE 8.12"
| #define PACKAGE_BUGREPORT ""
| #define PACKAGE_URL ""
| #define PACKAGE "pcre"
| #define VERSION "8.12"
| /* end confdefs.h.  */
| #include <ac_nonexistent.h>
configure:4729: checking for grep that handles long lines and -e
configure:4787: result: /bin/grep
configure:4792: checking for egrep
configure:4854: result: /bin/grep -E
configure:4859: checking for ANSI C header files
configure:4879: mips-linux-uclibc-gcc -mips32r2 -msoft-float -c -Os -Wall   conftest.c >&5
configure:4879: $? = 0
configure:4963: result: yes
configure:4976: checking for sys/types.h
configure:4976: mips-linux-uclibc-gcc -mips32r2 -msoft-float -c -Os -Wall   conftest.c >&5
configure:4976: $? = 0
configure:4976: result: yes
configure:4976: checking for sys/stat.h
configure:4976: mips-linux-uclibc-gcc -mips32r2 -msoft-float -c -Os -Wall   conftest.c >&5
configure:4976: $? = 0
configure:4976: result: yes
configure:4976: checking for stdlib.h
configure:4976: mips-linux-uclibc-gcc -mips32r2 -msoft-float -c -Os -Wall   conftest.c >&5
configure:4976: $? = 0
configure:4976: result: yes
configure:4976: checking for string.h
configure:4976: mips-linux-uclibc-gcc -mips32r2 -msoft-float -c -Os -Wall   conftest.c >&5
configure:4976: $? = 0
configure:4976: result: yes
configure:4976: checking for memory.h
configure:4976: mips-linux-uclibc-gcc -mips32r2 -msoft-float -c -Os -Wall   conftest.c >&5
configure:4976: $? = 0
configure:4976: result: yes
configure:4976: checking for strings.h
configure:4976: mips-linux-uclibc-gcc -mips32r2 -msoft-float -c -Os -Wall   conftest.c >&5
configure:4976: $? = 0
configure:4976: result: yes
configure:4976: checking for inttypes.h
configure:4976: mips-linux-uclibc-gcc -mips32r2 -msoft-float -c -Os -Wall   conftest.c >&5
configure:4976: $? = 0
configure:4976: result: yes
configure:4976: checking for stdint.h
configure:4976: mips-linux-uclibc-gcc -mips32r2 -msoft-float -c -Os -Wall   conftest.c >&5
configure:4976: $? = 0
configure:4976: result: yes
configure:4976: checking for unistd.h
configure:4976: mips-linux-uclibc-gcc -mips32r2 -msoft-float -c -Os -Wall   conftest.c >&5
configure:4976: $? = 0
configure:4976: result: yes
configure:4988: checking for int64_t
configure:4988: mips-linux-uclibc-gcc -mips32r2 -msoft-float -c -Os -Wall   conftest.c >&5
configure:4988: $? = 0
configure:4988: mips-linux-uclibc-gcc -mips32r2 -msoft-float -c -Os -Wall   conftest.c >&5
conftest.c: In function 'main':
conftest.c:59: warning: integer overflow in expression
conftest.c:59: error: size of array 'test_array' is negative
configure:4988: $? = 1
configure: failed program was:
| /* confdefs.h */
| #define PACKAGE_NAME "PCRE"
| #define PACKAGE_TARNAME "pcre"
| #define PACKAGE_VERSION "8.12"
| #define PACKAGE_STRING "PCRE 8.12"
| #define PACKAGE_BUGREPORT ""
| #define PACKAGE_URL ""
| #define PACKAGE "pcre"
| #define VERSION "8.12"
| #define STDC_HEADERS 1
| #define HAVE_SYS_TYPES_H 1
| #define HAVE_SYS_STAT_H 1
| #define HAVE_STDLIB_H 1
| #define HAVE_STRING_H 1
| #define HAVE_MEMORY_H 1
| #define HAVE_STRINGS_H 1
| #define HAVE_INTTYPES_H 1
| #define HAVE_STDINT_H 1
| #define HAVE_UNISTD_H 1
| /* end confdefs.h.  */
| #include <stdio.h>
| #ifdef HAVE_SYS_TYPES_H
| # include <sys/types.h>
| #endif
| #ifdef HAVE_SYS_STAT_H
| # include <sys/stat.h>
| #endif
| #ifdef STDC_HEADERS
| # include <stdlib.h>
| # include <stddef.h>
| #else
| # ifdef HAVE_STDLIB_H
| #  include <stdlib.h>
| # endif
| #endif
| #ifdef HAVE_STRING_H
| # if !defined STDC_HEADERS && defined HAVE_MEMORY_H
| #  include <memory.h>
| # endif
| # include <string.h>
| #endif
| #ifdef HAVE_STRINGS_H
| # include <strings.h>
| #endif
| #ifdef HAVE_INTTYPES_H
| # include <inttypes.h>
| #endif
| #ifdef HAVE_STDINT_H
| # include <stdint.h>
| #endif
| #ifdef HAVE_UNISTD_H
| # include <unistd.h>
| #endif
| 	        enum { N = 64 / 2 - 1 };
| int
| main ()
| {
| static int test_array [1 - 2 * !((int64_t) (((((int64_t) 1 << N) << N) - 1) * 2 + 1)
| 		 < (int64_t) (((((int64_t) 1 << N) << N) - 1) * 2 + 2))];
| test_array [0] = 0
| 
|   ;
|   return 0;
| }
configure:4988: result: yes
configure:5005: checking build system type
configure:5019: result: i686-pc-linux-uclibc
configure:5039: checking host system type
configure:5052: result: mips-unknown-linux-gnu
configure:5421: checking how to print strings
configure:5448: result: printf
configure:5469: checking for a sed that does not truncate output
configure:5533: result: /bin/sed
configure:5551: checking for fgrep
configure:5613: result: /bin/grep -F
configure:5648: checking for ld used by mips-linux-uclibc-gcc -mips32r2 -msoft-float
configure:5715: result: /opt/trendchip/mips-linux-uclibc/usr/mips-linux-uclibc/bin/ld
configure:5722: checking if the linker (/opt/trendchip/mips-linux-uclibc/usr/mips-linux-uclibc/bin/ld) is GNU ld
configure:5737: result: yes
configure:5749: checking for BSD- or MS-compatible name lister (nm)
configure:5798: result: /opt/trendchip/mips-linux-uclibc/usr/bin/mips-linux-nm -B
configure:5928: checking the name lister (/opt/trendchip/mips-linux-uclibc/usr/bin/mips-linux-nm -B) interface
configure:5935: mips-linux-uclibc-gcc -mips32r2 -msoft-float -c -Os -Wall   conftest.c >&5
configure:5938: /opt/trendchip/mips-linux-uclibc/usr/bin/mips-linux-nm -B "conftest.o"
configure:5941: output
00000000 B some_variable
configure:5948: result: BSD nm
configure:5951: checking whether ln -s works
configure:5955: result: yes
configure:5963: checking the maximum length of command line arguments
configure:6088: result: 805306365
configure:6105: checking whether the shell understands some XSI constructs
configure:6115: result: yes
configure:6119: checking whether the shell understands "+="
configure:6125: result: yes
configure:6160: checking for /opt/trendchip/mips-linux-uclibc/usr/mips-linux-uclibc/bin/ld option to reload object files
configure:6167: result: -r
configure:6196: checking for mips-linux-objdump
configure:6223: result: objdump
configure:6292: checking how to recognize dependent libraries
configure:6494: result: pass_all
configure:6514: checking for mips-linux-ar
configure:6530: found /opt/trendchip/mips-linux-uclibc/usr/bin/mips-linux-ar
configure:6541: result: mips-linux-ar
configure:6619: checking for mips-linux-strip
configure:6646: result: mips-linux-uclibc-strip
configure:6718: checking for mips-linux-ranlib
configure:6734: found /opt/trendchip/mips-linux-uclibc/usr/bin/mips-linux-ranlib
configure:6745: result: mips-linux-ranlib
configure:6887: checking command to parse /opt/trendchip/mips-linux-uclibc/usr/bin/mips-linux-nm -B output from mips-linux-uclibc-gcc -mips32r2 -msoft-float object
configure:7005: mips-linux-uclibc-gcc -mips32r2 -msoft-float -c -Os -Wall   conftest.c >&5
configure:7008: $? = 0
configure:7012: /opt/trendchip/mips-linux-uclibc/usr/bin/mips-linux-nm -B conftest.o \| sed -n -e 's/^.*[ ]\([ABCDGIRSTW][ABCDGIRSTW]*\)[ ][ ]*\([_A-Za-z][_A-Za-z0-9]*\)$/\1 \2 \2/p' \> conftest.nm
configure:7015: $? = 0
configure:7069: mips-linux-uclibc-gcc -mips32r2 -msoft-float -o conftest -Os -Wall    conftest.c conftstm.o >&5
configure:7072: $? = 0
configure:7110: result: ok
configure:7947: checking for dlfcn.h
configure:7947: mips-linux-uclibc-gcc -mips32r2 -msoft-float -c -Os -Wall   conftest.c >&5
configure:7947: $? = 0
configure:7947: result: yes
configure:8132: checking for objdir
configure:8147: result: .libs
configure:8414: checking if mips-linux-uclibc-gcc -mips32r2 -msoft-float supports -fno-rtti -fno-exceptions
configure:8432: mips-linux-uclibc-gcc -mips32r2 -msoft-float -c -Os -Wall   -fno-rtti -fno-exceptions conftest.c >&5
cc1: warning: command line option "-fno-rtti" is valid for C++/ObjC++ but not for C
configure:8436: $? = 0
configure:8449: result: no
configure:8469: checking for mips-linux-uclibc-gcc -mips32r2 -msoft-float option to produce PIC
configure:8754: result: -fPIC -DPIC
configure:8766: checking if mips-linux-uclibc-gcc -mips32r2 -msoft-float PIC flag -fPIC -DPIC works
configure:8784: mips-linux-uclibc-gcc -mips32r2 -msoft-float -c -Os -Wall   -fPIC -DPIC -DPIC conftest.c >&5
configure:8788: $? = 0
configure:8801: result: yes
configure:8825: checking if mips-linux-uclibc-gcc -mips32r2 -msoft-float static flag -static works
configure:8853: result: yes
configure:8868: checking if mips-linux-uclibc-gcc -mips32r2 -msoft-float supports -c -o file.o
configure:8889: mips-linux-uclibc-gcc -mips32r2 -msoft-float -c -Os -Wall   -o out/conftest2.o conftest.c >&5
configure:8893: $? = 0
configure:8915: result: yes
configure:8923: checking if mips-linux-uclibc-gcc -mips32r2 -msoft-float supports -c -o file.o
configure:8970: result: yes
configure:9003: checking whether the mips-linux-uclibc-gcc -mips32r2 -msoft-float linker (/opt/trendchip/mips-linux-uclibc/usr/mips-linux-uclibc/bin/ld) supports shared libraries
configure:10078: result: yes
configure:10115: checking whether -lc should be explicitly linked in
configure:10123: mips-linux-uclibc-gcc -mips32r2 -msoft-float -c -Os -Wall   conftest.c >&5
configure:10126: $? = 0
configure:10141: mips-linux-uclibc-gcc -mips32r2 -msoft-float -shared conftest.o  -v -Wl,-soname -Wl,conftest -o conftest 2\>\&1 \| /bin/grep  -lc  \>/dev/null 2\>\&1
configure:10144: $? = 0
configure:10158: result: no
configure:10323: checking dynamic linker characteristics
configure:10791: mips-linux-uclibc-gcc -mips32r2 -msoft-float -o conftest -Os -Wall    -Wl,-rpath -Wl,/foo conftest.c  >&5
configure:10791: $? = 0
configure:11013: result: GNU/Linux ld.so
configure:11120: checking how to hardcode library paths into programs
configure:11145: result: immediate
configure:11685: checking whether stripping libraries is possible
configure:11690: result: yes
configure:11725: checking if libtool supports shared libraries
configure:11727: result: yes
configure:11730: checking whether to build shared libraries
configure:11751: result: yes
configure:11754: checking whether to build static libraries
configure:11758: result: yes
configure:11781: checking how to run the C++ preprocessor
configure:11808: mips-linux-g++ -E  conftest.cpp
configure:11808: $? = 0
configure:11822: mips-linux-g++ -E  conftest.cpp
conftest.cpp:23:28: error: ac_nonexistent.h: No such file or directory
configure:11822: $? = 1
configure: failed program was:
| /* confdefs.h */
| #define PACKAGE_NAME "PCRE"
| #define PACKAGE_TARNAME "pcre"
| #define PACKAGE_VERSION "8.12"
| #define PACKAGE_STRING "PCRE 8.12"
| #define PACKAGE_BUGREPORT ""
| #define PACKAGE_URL ""
| #define PACKAGE "pcre"
| #define VERSION "8.12"
| #define STDC_HEADERS 1
| #define HAVE_SYS_TYPES_H 1
| #define HAVE_SYS_STAT_H 1
| #define HAVE_STDLIB_H 1
| #define HAVE_STRING_H 1
| #define HAVE_MEMORY_H 1
| #define HAVE_STRINGS_H 1
| #define HAVE_INTTYPES_H 1
| #define HAVE_STDINT_H 1
| #define HAVE_UNISTD_H 1
| #define HAVE_DLFCN_H 1
| #define LT_OBJDIR ".libs/"
| /* end confdefs.h.  */
| #include <ac_nonexistent.h>
configure:11847: result: mips-linux-g++ -E
configure:11867: mips-linux-g++ -E  conftest.cpp
configure:11867: $? = 0
configure:11881: mips-linux-g++ -E  conftest.cpp
conftest.cpp:23:28: error: ac_nonexistent.h: No such file or directory
configure:11881: $? = 1
configure: failed program was:
| /* confdefs.h */
| #define PACKAGE_NAME "PCRE"
| #define PACKAGE_TARNAME "pcre"
| #define PACKAGE_VERSION "8.12"
| #define PACKAGE_STRING "PCRE 8.12"
| #define PACKAGE_BUGREPORT ""
| #define PACKAGE_URL ""
| #define PACKAGE "pcre"
| #define VERSION "8.12"
| #define STDC_HEADERS 1
| #define HAVE_SYS_TYPES_H 1
| #define HAVE_SYS_STAT_H 1
| #define HAVE_STDLIB_H 1
| #define HAVE_STRING_H 1
| #define HAVE_MEMORY_H 1
| #define HAVE_STRINGS_H 1
| #define HAVE_INTTYPES_H 1
| #define HAVE_STDINT_H 1
| #define HAVE_UNISTD_H 1
| #define HAVE_DLFCN_H 1
| #define LT_OBJDIR ".libs/"
| /* end confdefs.h.  */
| #include <ac_nonexistent.h>
configure:12049: checking for ld used by mips-linux-g++
configure:12116: result: /opt/trendchip/mips-linux-uclibc/usr/mips-linux-uclibc/bin/ld
configure:12123: checking if the linker (/opt/trendchip/mips-linux-uclibc/usr/mips-linux-uclibc/bin/ld) is GNU ld
configure:12138: result: yes
configure:12193: checking whether the mips-linux-g++ linker (/opt/trendchip/mips-linux-uclibc/usr/mips-linux-uclibc/bin/ld) supports shared libraries
configure:13125: result: yes
configure:13153: mips-linux-g++ -c -O2  conftest.cpp >&5
configure:13156: $? = 0
configure:13338: checking for mips-linux-g++ option to produce PIC
configure:13660: result: -fPIC -DPIC
configure:13669: checking if mips-linux-g++ PIC flag -fPIC -DPIC works
configure:13687: mips-linux-g++ -c -O2  -fPIC -DPIC -DPIC conftest.cpp >&5
configure:13691: $? = 0
configure:13704: result: yes
configure:13725: checking if mips-linux-g++ static flag -static works
configure:13753: result: yes
configure:13765: checking if mips-linux-g++ supports -c -o file.o
configure:13786: mips-linux-g++ -c -O2  -o out/conftest2.o conftest.cpp >&5
configure:13790: $? = 0
configure:13812: result: yes
configure:13817: checking if mips-linux-g++ supports -c -o file.o
configure:13864: result: yes
configure:13894: checking whether the mips-linux-g++ linker (/opt/trendchip/mips-linux-uclibc/usr/mips-linux-uclibc/bin/ld) supports shared libraries
configure:13922: result: yes
configure:14065: checking dynamic linker characteristics
configure:14689: result: GNU/Linux ld.so
configure:14742: checking how to hardcode library paths into programs
configure:14767: result: immediate
configure:14825: checking whether ln -s works
configure:14829: result: yes
configure:15086: checking for ANSI C header files
configure:15190: result: yes
configure:15201: checking limits.h usability
configure:15201: mips-linux-uclibc-gcc -mips32r2 -msoft-float -c -Os -Wall   conftest.c >&5
configure:15201: $? = 0
configure:15201: result: yes
configure:15201: checking limits.h presence
configure:15201: mips-linux-uclibc-gcc -mips32r2 -msoft-float -E  conftest.c
configure:15201: $? = 0
configure:15201: result: yes
configure:15201: checking for limits.h
configure:15201: result: yes
configure:15201: checking for sys/types.h
configure:15201: result: yes
configure:15201: checking for sys/stat.h
configure:15201: result: yes
configure:15201: checking dirent.h usability
configure:15201: mips-linux-uclibc-gcc -mips32r2 -msoft-float -c -Os -Wall   conftest.c >&5
configure:15201: $? = 0
configure:15201: result: yes
configure:15201: checking dirent.h presence
configure:15201: mips-linux-uclibc-gcc -mips32r2 -msoft-float -E  conftest.c
configure:15201: $? = 0
configure:15201: result: yes
configure:15201: checking for dirent.h
configure:15201: result: yes
configure:15201: checking windows.h usability
configure:15201: mips-linux-uclibc-gcc -mips32r2 -msoft-float -c -Os -Wall   conftest.c >&5
conftest.c:61:21: error: windows.h: No such file or directory
configure:15201: $? = 1
configure: failed program was:
| /* confdefs.h */
| #define PACKAGE_NAME "PCRE"
| #define PACKAGE_TARNAME "pcre"
| #define PACKAGE_VERSION "8.12"
| #define PACKAGE_STRING "PCRE 8.12"
| #define PACKAGE_BUGREPORT ""
| #define PACKAGE_URL ""
| #define PACKAGE "pcre"
| #define VERSION "8.12"
| #define STDC_HEADERS 1
| #define HAVE_SYS_TYPES_H 1
| #define HAVE_SYS_STAT_H 1
| #define HAVE_STDLIB_H 1
| #define HAVE_STRING_H 1
| #define HAVE_MEMORY_H 1
| #define HAVE_STRINGS_H 1
| #define HAVE_INTTYPES_H 1
| #define HAVE_STDINT_H 1
| #define HAVE_UNISTD_H 1
| #define HAVE_DLFCN_H 1
| #define LT_OBJDIR ".libs/"
| #define STDC_HEADERS 1
| #define HAVE_LIMITS_H 1
| #define HAVE_SYS_TYPES_H 1
| #define HAVE_SYS_STAT_H 1
| #define HAVE_DIRENT_H 1
| /* end confdefs.h.  */
| #include <stdio.h>
| #ifdef HAVE_SYS_TYPES_H
| # include <sys/types.h>
| #endif
| #ifdef HAVE_SYS_STAT_H
| # include <sys/stat.h>
| #endif
| #ifdef STDC_HEADERS
| # include <stdlib.h>
| # include <stddef.h>
| #else
| # ifdef HAVE_STDLIB_H
| #  include <stdlib.h>
| # endif
| #endif
| #ifdef HAVE_STRING_H
| # if !defined STDC_HEADERS && defined HAVE_MEMORY_H
| #  include <memory.h>
| # endif
| # include <string.h>
| #endif
| #ifdef HAVE_STRINGS_H
| # include <strings.h>
| #endif
| #ifdef HAVE_INTTYPES_H
| # include <inttypes.h>
| #endif
| #ifdef HAVE_STDINT_H
| # include <stdint.h>
| #endif
| #ifdef HAVE_UNISTD_H
| # include <unistd.h>
| #endif
| #include <windows.h>
configure:15201: result: no
configure:15201: checking windows.h presence
configure:15201: mips-linux-uclibc-gcc -mips32r2 -msoft-float -E  conftest.c
conftest.c:28:21: error: windows.h: No such file or directory
configure:15201: $? = 1
configure: failed program was:
| /* confdefs.h */
| #define PACKAGE_NAME "PCRE"
| #define PACKAGE_TARNAME "pcre"
| #define PACKAGE_VERSION "8.12"
| #define PACKAGE_STRING "PCRE 8.12"
| #define PACKAGE_BUGREPORT ""
| #define PACKAGE_URL ""
| #define PACKAGE "pcre"
| #define VERSION "8.12"
| #define STDC_HEADERS 1
| #define HAVE_SYS_TYPES_H 1
| #define HAVE_SYS_STAT_H 1
| #define HAVE_STDLIB_H 1
| #define HAVE_STRING_H 1
| #define HAVE_MEMORY_H 1
| #define HAVE_STRINGS_H 1
| #define HAVE_INTTYPES_H 1
| #define HAVE_STDINT_H 1
| #define HAVE_UNISTD_H 1
| #define HAVE_DLFCN_H 1
| #define LT_OBJDIR ".libs/"
| #define STDC_HEADERS 1
| #define HAVE_LIMITS_H 1
| #define HAVE_SYS_TYPES_H 1
| #define HAVE_SYS_STAT_H 1
| #define HAVE_DIRENT_H 1
| /* end confdefs.h.  */
| #include <windows.h>
configure:15201: result: no
configure:15201: checking for windows.h
configure:15201: result: no
configure:15232: checking for alias support in the linker
configure:15251: mips-linux-g++ -o conftest -O2   -Wl,-alias,__ZN7pcrecpp2RE6no_argE,__ZN7pcrecpp6no_argE conftest.cpp  >&5
/opt/trendchip/mips-linux-uclibc/usr/bin/../lib/gcc/mips-linux-uclibc/4.3.4/../../../../mips-linux-uclibc/bin/ld: unrecognized -a option `lias'
collect2: ld returned 1 exit status
configure:15251: $? = 1
configure: failed program was:
| /* confdefs.h */
| #define PACKAGE_NAME "PCRE"
| #define PACKAGE_TARNAME "pcre"
| #define PACKAGE_VERSION "8.12"
| #define PACKAGE_STRING "PCRE 8.12"
| #define PACKAGE_BUGREPORT ""
| #define PACKAGE_URL ""
| #define PACKAGE "pcre"
| #define VERSION "8.12"
| #define STDC_HEADERS 1
| #define HAVE_SYS_TYPES_H 1
| #define HAVE_SYS_STAT_H 1
| #define HAVE_STDLIB_H 1
| #define HAVE_STRING_H 1
| #define HAVE_MEMORY_H 1
| #define HAVE_STRINGS_H 1
| #define HAVE_INTTYPES_H 1
| #define HAVE_STDINT_H 1
| #define HAVE_UNISTD_H 1
| #define HAVE_DLFCN_H 1
| #define LT_OBJDIR ".libs/"
| #define STDC_HEADERS 1
| #define HAVE_LIMITS_H 1
| #define HAVE_SYS_TYPES_H 1
| #define HAVE_SYS_STAT_H 1
| #define HAVE_DIRENT_H 1
| /* end confdefs.h.  */
| namespace pcrecpp {
|                                     class RE { static int no_arg; };
|                                     int RE::no_arg;
|                                   }
| int
| main ()
| {
| 
|   ;
|   return 0;
| }
configure:15257: result: no
configure:15232: checking for alias support in the linker
configure:15251: mips-linux-g++ -o conftest -O2   -Wl,-i__ZN7pcrecpp6no_argE:__ZN7pcrecpp2RE6no_argE conftest.cpp  >&5
/opt/trendchip/mips-linux-uclibc/usr/bin/../lib/gcc/mips-linux-uclibc/4.3.4/../../../../mips-linux-uclibc/bin/ld: bad -rpath option
collect2: ld returned 1 exit status
configure:15251: $? = 1
configure: failed program was:
| /* confdefs.h */
| #define PACKAGE_NAME "PCRE"
| #define PACKAGE_TARNAME "pcre"
| #define PACKAGE_VERSION "8.12"
| #define PACKAGE_STRING "PCRE 8.12"
| #define PACKAGE_BUGREPORT ""
| #define PACKAGE_URL ""
| #define PACKAGE "pcre"
| #define VERSION "8.12"
| #define STDC_HEADERS 1
| #define HAVE_SYS_TYPES_H 1
| #define HAVE_SYS_STAT_H 1
| #define HAVE_STDLIB_H 1
| #define HAVE_STRING_H 1
| #define HAVE_MEMORY_H 1
| #define HAVE_STRINGS_H 1
| #define HAVE_INTTYPES_H 1
| #define HAVE_STDINT_H 1
| #define HAVE_UNISTD_H 1
| #define HAVE_DLFCN_H 1
| #define LT_OBJDIR ".libs/"
| #define STDC_HEADERS 1
| #define HAVE_LIMITS_H 1
| #define HAVE_SYS_TYPES_H 1
| #define HAVE_SYS_STAT_H 1
| #define HAVE_DIRENT_H 1
| /* end confdefs.h.  */
| namespace pcrecpp {
|                                     class RE { static int no_arg; };
|                                     int RE::no_arg;
|                                   }
| int
| main ()
| {
| 
|   ;
|   return 0;
| }
configure:15257: result: no
configure:15271: checking string usability
configure:15271: mips-linux-g++ -c -O2  conftest.cpp >&5
configure:15271: $? = 0
configure:15271: result: yes
configure:15271: checking string presence
configure:15271: mips-linux-g++ -E  conftest.cpp
configure:15271: $? = 0
configure:15271: result: yes
configure:15271: checking for string
configure:15271: result: yes
configure:15285: checking bits/type_traits.h usability
configure:15285: mips-linux-g++ -c -O2  conftest.cpp >&5
conftest.cpp:62:30: error: bits/type_traits.h: No such file or directory
configure:15285: $? = 1
configure: failed program was:
| /* confdefs.h */
| #define PACKAGE_NAME "PCRE"
| #define PACKAGE_TARNAME "pcre"
| #define PACKAGE_VERSION "8.12"
| #define PACKAGE_STRING "PCRE 8.12"
| #define PACKAGE_BUGREPORT ""
| #define PACKAGE_URL ""
| #define PACKAGE "pcre"
| #define VERSION "8.12"
| #define STDC_HEADERS 1
| #define HAVE_SYS_TYPES_H 1
| #define HAVE_SYS_STAT_H 1
| #define HAVE_STDLIB_H 1
| #define HAVE_STRING_H 1
| #define HAVE_MEMORY_H 1
| #define HAVE_STRINGS_H 1
| #define HAVE_INTTYPES_H 1
| #define HAVE_STDINT_H 1
| #define HAVE_UNISTD_H 1
| #define HAVE_DLFCN_H 1
| #define LT_OBJDIR ".libs/"
| #define STDC_HEADERS 1
| #define HAVE_LIMITS_H 1
| #define HAVE_SYS_TYPES_H 1
| #define HAVE_SYS_STAT_H 1
| #define HAVE_DIRENT_H 1
| #define HAVE_STRING 1
| /* end confdefs.h.  */
| #include <stdio.h>
| #ifdef HAVE_SYS_TYPES_H
| # include <sys/types.h>
| #endif
| #ifdef HAVE_SYS_STAT_H
| # include <sys/stat.h>
| #endif
| #ifdef STDC_HEADERS
| # include <stdlib.h>
| # include <stddef.h>
| #else
| # ifdef HAVE_STDLIB_H
| #  include <stdlib.h>
| # endif
| #endif
| #ifdef HAVE_STRING_H
| # if !defined STDC_HEADERS && defined HAVE_MEMORY_H
| #  include <memory.h>
| # endif
| # include <string.h>
| #endif
| #ifdef HAVE_STRINGS_H
| # include <strings.h>
| #endif
| #ifdef HAVE_INTTYPES_H
| # include <inttypes.h>
| #endif
| #ifdef HAVE_STDINT_H
| # include <stdint.h>
| #endif
| #ifdef HAVE_UNISTD_H
| # include <unistd.h>
| #endif
| #include <bits/type_traits.h>
configure:15285: result: no
configure:15285: checking bits/type_traits.h presence
configure:15285: mips-linux-g++ -E  conftest.cpp
conftest.cpp:29:30: error: bits/type_traits.h: No such file or directory
configure:15285: $? = 1
configure: failed program was:
| /* confdefs.h */
| #define PACKAGE_NAME "PCRE"
| #define PACKAGE_TARNAME "pcre"
| #define PACKAGE_VERSION "8.12"
| #define PACKAGE_STRING "PCRE 8.12"
| #define PACKAGE_BUGREPORT ""
| #define PACKAGE_URL ""
| #define PACKAGE "pcre"
| #define VERSION "8.12"
| #define STDC_HEADERS 1
| #define HAVE_SYS_TYPES_H 1
| #define HAVE_SYS_STAT_H 1
| #define HAVE_STDLIB_H 1
| #define HAVE_STRING_H 1
| #define HAVE_MEMORY_H 1
| #define HAVE_STRINGS_H 1
| #define HAVE_INTTYPES_H 1
| #define HAVE_STDINT_H 1
| #define HAVE_UNISTD_H 1
| #define HAVE_DLFCN_H 1
| #define LT_OBJDIR ".libs/"
| #define STDC_HEADERS 1
| #define HAVE_LIMITS_H 1
| #define HAVE_SYS_TYPES_H 1
| #define HAVE_SYS_STAT_H 1
| #define HAVE_DIRENT_H 1
| #define HAVE_STRING 1
| /* end confdefs.h.  */
| #include <bits/type_traits.h>
configure:15285: result: no
configure:15285: checking for bits/type_traits.h
configure:15285: result: no
configure:15299: checking type_traits.h usability
configure:15299: mips-linux-g++ -c -O2  conftest.cpp >&5
conftest.cpp:62:25: error: type_traits.h: No such file or directory
configure:15299: $? = 1
configure: failed program was:
| /* confdefs.h */
| #define PACKAGE_NAME "PCRE"
| #define PACKAGE_TARNAME "pcre"
| #define PACKAGE_VERSION "8.12"
| #define PACKAGE_STRING "PCRE 8.12"
| #define PACKAGE_BUGREPORT ""
| #define PACKAGE_URL ""
| #define PACKAGE "pcre"
| #define VERSION "8.12"
| #define STDC_HEADERS 1
| #define HAVE_SYS_TYPES_H 1
| #define HAVE_SYS_STAT_H 1
| #define HAVE_STDLIB_H 1
| #define HAVE_STRING_H 1
| #define HAVE_MEMORY_H 1
| #define HAVE_STRINGS_H 1
| #define HAVE_INTTYPES_H 1
| #define HAVE_STDINT_H 1
| #define HAVE_UNISTD_H 1
| #define HAVE_DLFCN_H 1
| #define LT_OBJDIR ".libs/"
| #define STDC_HEADERS 1
| #define HAVE_LIMITS_H 1
| #define HAVE_SYS_TYPES_H 1
| #define HAVE_SYS_STAT_H 1
| #define HAVE_DIRENT_H 1
| #define HAVE_STRING 1
| /* end confdefs.h.  */
| #include <stdio.h>
| #ifdef HAVE_SYS_TYPES_H
| # include <sys/types.h>
| #endif
| #ifdef HAVE_SYS_STAT_H
| # include <sys/stat.h>
| #endif
| #ifdef STDC_HEADERS
| # include <stdlib.h>
| # include <stddef.h>
| #else
| # ifdef HAVE_STDLIB_H
| #  include <stdlib.h>
| # endif
| #endif
| #ifdef HAVE_STRING_H
| # if !defined STDC_HEADERS && defined HAVE_MEMORY_H
| #  include <memory.h>
| # endif
| # include <string.h>
| #endif
| #ifdef HAVE_STRINGS_H
| # include <strings.h>
| #endif
| #ifdef HAVE_INTTYPES_H
| # include <inttypes.h>
| #endif
| #ifdef HAVE_STDINT_H
| # include <stdint.h>
| #endif
| #ifdef HAVE_UNISTD_H
| # include <unistd.h>
| #endif
| #include <type_traits.h>
configure:15299: result: no
configure:15299: checking type_traits.h presence
configure:15299: mips-linux-g++ -E  conftest.cpp
conftest.cpp:29:25: error: type_traits.h: No such file or directory
configure:15299: $? = 1
configure: failed program was:
| /* confdefs.h */
| #define PACKAGE_NAME "PCRE"
| #define PACKAGE_TARNAME "pcre"
| #define PACKAGE_VERSION "8.12"
| #define PACKAGE_STRING "PCRE 8.12"
| #define PACKAGE_BUGREPORT ""
| #define PACKAGE_URL ""
| #define PACKAGE "pcre"
| #define VERSION "8.12"
| #define STDC_HEADERS 1
| #define HAVE_SYS_TYPES_H 1
| #define HAVE_SYS_STAT_H 1
| #define HAVE_STDLIB_H 1
| #define HAVE_STRING_H 1
| #define HAVE_MEMORY_H 1
| #define HAVE_STRINGS_H 1
| #define HAVE_INTTYPES_H 1
| #define HAVE_STDINT_H 1
| #define HAVE_UNISTD_H 1
| #define HAVE_DLFCN_H 1
| #define LT_OBJDIR ".libs/"
| #define STDC_HEADERS 1
| #define HAVE_LIMITS_H 1
| #define HAVE_SYS_TYPES_H 1
| #define HAVE_SYS_STAT_H 1
| #define HAVE_DIRENT_H 1
| #define HAVE_STRING 1
| /* end confdefs.h.  */
| #include <type_traits.h>
configure:15299: result: no
configure:15299: checking for type_traits.h
configure:15299: result: no
configure:15325: checking for strtoq
configure:15343: mips-linux-g++ -c -O2  conftest.cpp >&5
configure:15343: $? = 0
configure:15344: result: yes
configure:15361: checking for long long
configure:15361: mips-linux-g++ -c -O2  conftest.cpp >&5
configure:15361: $? = 0
configure:15361: mips-linux-g++ -c -O2  conftest.cpp >&5
conftest.cpp: In function 'int main()':
conftest.cpp:66: error: expected primary-expression before 'long'
conftest.cpp:66: error: expected `)' before 'long'
conftest.cpp:67: error: expected `)' before ';' token
conftest.cpp:67: error: expected `)' before ';' token
configure:15361: $? = 1
configure: failed program was:
| /* confdefs.h */
| #define PACKAGE_NAME "PCRE"
| #define PACKAGE_TARNAME "pcre"
| #define PACKAGE_VERSION "8.12"
| #define PACKAGE_STRING "PCRE 8.12"
| #define PACKAGE_BUGREPORT ""
| #define PACKAGE_URL ""
| #define PACKAGE "pcre"
| #define VERSION "8.12"
| #define STDC_HEADERS 1
| #define HAVE_SYS_TYPES_H 1
| #define HAVE_SYS_STAT_H 1
| #define HAVE_STDLIB_H 1
| #define HAVE_STRING_H 1
| #define HAVE_MEMORY_H 1
| #define HAVE_STRINGS_H 1
| #define HAVE_INTTYPES_H 1
| #define HAVE_STDINT_H 1
| #define HAVE_UNISTD_H 1
| #define HAVE_DLFCN_H 1
| #define LT_OBJDIR ".libs/"
| #define STDC_HEADERS 1
| #define HAVE_LIMITS_H 1
| #define HAVE_SYS_TYPES_H 1
| #define HAVE_SYS_STAT_H 1
| #define HAVE_DIRENT_H 1
| #define HAVE_STRING 1
| #define HAVE_STRTOQ 1
| /* end confdefs.h.  */
| #include <stdio.h>
| #ifdef HAVE_SYS_TYPES_H
| # include <sys/types.h>
| #endif
| #ifdef HAVE_SYS_STAT_H
| # include <sys/stat.h>
| #endif
| #ifdef STDC_HEADERS
| # include <stdlib.h>
| # include <stddef.h>
| #else
| # ifdef HAVE_STDLIB_H
| #  include <stdlib.h>
| # endif
| #endif
| #ifdef HAVE_STRING_H
| # if !defined STDC_HEADERS && defined HAVE_MEMORY_H
| #  include <memory.h>
| # endif
| # include <string.h>
| #endif
| #ifdef HAVE_STRINGS_H
| # include <strings.h>
| #endif
| #ifdef HAVE_INTTYPES_H
| # include <inttypes.h>
| #endif
| #ifdef HAVE_STDINT_H
| # include <stdint.h>
| #endif
| #ifdef HAVE_UNISTD_H
| # include <unistd.h>
| #endif
| int
| main ()
| {
| if (sizeof ((long long)))
| 	    return 0;
|   ;
|   return 0;
| }
configure:15361: result: yes
configure:15373: checking for unsigned long long
configure:15373: mips-linux-g++ -c -O2  conftest.cpp >&5
configure:15373: $? = 0
configure:15373: mips-linux-g++ -c -O2  conftest.cpp >&5
conftest.cpp: In function 'int main()':
conftest.cpp:67: error: expected primary-expression before 'unsigned'
conftest.cpp:67: error: expected `)' before 'unsigned'
conftest.cpp:68: error: expected `)' before ';' token
conftest.cpp:68: error: expected `)' before ';' token
configure:15373: $? = 1
configure: failed program was:
| /* confdefs.h */
| #define PACKAGE_NAME "PCRE"
| #define PACKAGE_TARNAME "pcre"
| #define PACKAGE_VERSION "8.12"
| #define PACKAGE_STRING "PCRE 8.12"
| #define PACKAGE_BUGREPORT ""
| #define PACKAGE_URL ""
| #define PACKAGE "pcre"
| #define VERSION "8.12"
| #define STDC_HEADERS 1
| #define HAVE_SYS_TYPES_H 1
| #define HAVE_SYS_STAT_H 1
| #define HAVE_STDLIB_H 1
| #define HAVE_STRING_H 1
| #define HAVE_MEMORY_H 1
| #define HAVE_STRINGS_H 1
| #define HAVE_INTTYPES_H 1
| #define HAVE_STDINT_H 1
| #define HAVE_UNISTD_H 1
| #define HAVE_DLFCN_H 1
| #define LT_OBJDIR ".libs/"
| #define STDC_HEADERS 1
| #define HAVE_LIMITS_H 1
| #define HAVE_SYS_TYPES_H 1
| #define HAVE_SYS_STAT_H 1
| #define HAVE_DIRENT_H 1
| #define HAVE_STRING 1
| #define HAVE_STRTOQ 1
| #define HAVE_LONG_LONG 1
| /* end confdefs.h.  */
| #include <stdio.h>
| #ifdef HAVE_SYS_TYPES_H
| # include <sys/types.h>
| #endif
| #ifdef HAVE_SYS_STAT_H
| # include <sys/stat.h>
| #endif
| #ifdef STDC_HEADERS
| # include <stdlib.h>
| # include <stddef.h>
| #else
| # ifdef HAVE_STDLIB_H
| #  include <stdlib.h>
| # endif
| #endif
| #ifdef HAVE_STRING_H
| # if !defined STDC_HEADERS && defined HAVE_MEMORY_H
| #  include <memory.h>
| # endif
| # include <string.h>
| #endif
| #ifdef HAVE_STRINGS_H
| # include <strings.h>
| #endif
| #ifdef HAVE_INTTYPES_H
| # include <inttypes.h>
| #endif
| #ifdef HAVE_STDINT_H
| # include <stdint.h>
| #endif
| #ifdef HAVE_UNISTD_H
| # include <unistd.h>
| #endif
| int
| main ()
| {
| if (sizeof ((unsigned long long)))
| 	    return 0;
|   ;
|   return 0;
| }
configure:15373: result: yes
configure:15423: checking for an ANSI C-conforming const
configure:15488: mips-linux-uclibc-gcc -mips32r2 -msoft-float -c -Os -Wall   conftest.c >&5
conftest.c: In function 'main':
conftest.c:61: warning: 't' is used uninitialized in this function
conftest.c:77: warning: 'b' may be used uninitialized in this function
conftest.c:83: warning: 'cs[0]' is used uninitialized in this function
configure:15488: $? = 0
configure:15495: result: yes
configure:15503: checking for size_t
configure:15503: mips-linux-uclibc-gcc -mips32r2 -msoft-float -c -Os -Wall   conftest.c >&5
configure:15503: $? = 0
configure:15503: mips-linux-uclibc-gcc -mips32r2 -msoft-float -c -Os -Wall   conftest.c >&5
conftest.c: In function 'main':
conftest.c:68: error: expected expression before ')' token
configure:15503: $? = 1
configure: failed program was:
| /* confdefs.h */
| #define PACKAGE_NAME "PCRE"
| #define PACKAGE_TARNAME "pcre"
| #define PACKAGE_VERSION "8.12"
| #define PACKAGE_STRING "PCRE 8.12"
| #define PACKAGE_BUGREPORT ""
| #define PACKAGE_URL ""
| #define PACKAGE "pcre"
| #define VERSION "8.12"
| #define STDC_HEADERS 1
| #define HAVE_SYS_TYPES_H 1
| #define HAVE_SYS_STAT_H 1
| #define HAVE_STDLIB_H 1
| #define HAVE_STRING_H 1
| #define HAVE_MEMORY_H 1
| #define HAVE_STRINGS_H 1
| #define HAVE_INTTYPES_H 1
| #define HAVE_STDINT_H 1
| #define HAVE_UNISTD_H 1
| #define HAVE_DLFCN_H 1
| #define LT_OBJDIR ".libs/"
| #define STDC_HEADERS 1
| #define HAVE_LIMITS_H 1
| #define HAVE_SYS_TYPES_H 1
| #define HAVE_SYS_STAT_H 1
| #define HAVE_DIRENT_H 1
| #define HAVE_STRING 1
| #define HAVE_STRTOQ 1
| #define HAVE_LONG_LONG 1
| #define HAVE_UNSIGNED_LONG_LONG 1
| /* end confdefs.h.  */
| #include <stdio.h>
| #ifdef HAVE_SYS_TYPES_H
| # include <sys/types.h>
| #endif
| #ifdef HAVE_SYS_STAT_H
| # include <sys/stat.h>
| #endif
| #ifdef STDC_HEADERS
| # include <stdlib.h>
| # include <stddef.h>
| #else
| # ifdef HAVE_STDLIB_H
| #  include <stdlib.h>
| # endif
| #endif
| #ifdef HAVE_STRING_H
| # if !defined STDC_HEADERS && defined HAVE_MEMORY_H
| #  include <memory.h>
| # endif
| # include <string.h>
| #endif
| #ifdef HAVE_STRINGS_H
| # include <strings.h>
| #endif
| #ifdef HAVE_INTTYPES_H
| # include <inttypes.h>
| #endif
| #ifdef HAVE_STDINT_H
| # include <stdint.h>
| #endif
| #ifdef HAVE_UNISTD_H
| # include <unistd.h>
| #endif
| int
| main ()
| {
| if (sizeof ((size_t)))
| 	    return 0;
|   ;
|   return 0;
| }
configure:15503: result: yes
configure:15520: checking for bcopy
configure:15520: mips-linux-uclibc-gcc -mips32r2 -msoft-float -o conftest -Os -Wall    conftest.c  >&5
conftest.c:55: warning: conflicting types for built-in function 'bcopy'
configure:15520: $? = 0
configure:15520: result: yes
configure:15520: checking for memmove
configure:15520: mips-linux-uclibc-gcc -mips32r2 -msoft-float -o conftest -Os -Wall    conftest.c  >&5
conftest.c:56: warning: conflicting types for built-in function 'memmove'
configure:15520: $? = 0
configure:15520: result: yes
configure:15520: checking for strerror
configure:15520: mips-linux-uclibc-gcc -mips32r2 -msoft-float -o conftest -Os -Wall    conftest.c  >&5
configure:15520: $? = 0
configure:15520: result: yes
configure:15534: checking zlib.h usability
configure:15534: mips-linux-uclibc-gcc -mips32r2 -msoft-float -c -Os -Wall   conftest.c >&5
conftest.c:68:18: error: zlib.h: No such file or directory
configure:15534: $? = 1
configure: failed program was:
| /* confdefs.h */
| #define PACKAGE_NAME "PCRE"
| #define PACKAGE_TARNAME "pcre"
| #define PACKAGE_VERSION "8.12"
| #define PACKAGE_STRING "PCRE 8.12"
| #define PACKAGE_BUGREPORT ""
| #define PACKAGE_URL ""
| #define PACKAGE "pcre"
| #define VERSION "8.12"
| #define STDC_HEADERS 1
| #define HAVE_SYS_TYPES_H 1
| #define HAVE_SYS_STAT_H 1
| #define HAVE_STDLIB_H 1
| #define HAVE_STRING_H 1
| #define HAVE_MEMORY_H 1
| #define HAVE_STRINGS_H 1
| #define HAVE_INTTYPES_H 1
| #define HAVE_STDINT_H 1
| #define HAVE_UNISTD_H 1
| #define HAVE_DLFCN_H 1
| #define LT_OBJDIR ".libs/"
| #define STDC_HEADERS 1
| #define HAVE_LIMITS_H 1
| #define HAVE_SYS_TYPES_H 1
| #define HAVE_SYS_STAT_H 1
| #define HAVE_DIRENT_H 1
| #define HAVE_STRING 1
| #define HAVE_STRTOQ 1
| #define HAVE_LONG_LONG 1
| #define HAVE_UNSIGNED_LONG_LONG 1
| #define HAVE_BCOPY 1
| #define HAVE_MEMMOVE 1
| #define HAVE_STRERROR 1
| /* end confdefs.h.  */
| #include <stdio.h>
| #ifdef HAVE_SYS_TYPES_H
| # include <sys/types.h>
| #endif
| #ifdef HAVE_SYS_STAT_H
| # include <sys/stat.h>
| #endif
| #ifdef STDC_HEADERS
| # include <stdlib.h>
| # include <stddef.h>
| #else
| # ifdef HAVE_STDLIB_H
| #  include <stdlib.h>
| # endif
| #endif
| #ifdef HAVE_STRING_H
| # if !defined STDC_HEADERS && defined HAVE_MEMORY_H
| #  include <memory.h>
| # endif
| # include <string.h>
| #endif
| #ifdef HAVE_STRINGS_H
| # include <strings.h>
| #endif
| #ifdef HAVE_INTTYPES_H
| # include <inttypes.h>
| #endif
| #ifdef HAVE_STDINT_H
| # include <stdint.h>
| #endif
| #ifdef HAVE_UNISTD_H
| # include <unistd.h>
| #endif
| #include <zlib.h>
configure:15534: result: no
configure:15534: checking zlib.h presence
configure:15534: mips-linux-uclibc-gcc -mips32r2 -msoft-float -E  conftest.c
conftest.c:35:18: error: zlib.h: No such file or directory
configure:15534: $? = 1
configure: failed program was:
| /* confdefs.h */
| #define PACKAGE_NAME "PCRE"
| #define PACKAGE_TARNAME "pcre"
| #define PACKAGE_VERSION "8.12"
| #define PACKAGE_STRING "PCRE 8.12"
| #define PACKAGE_BUGREPORT ""
| #define PACKAGE_URL ""
| #define PACKAGE "pcre"
| #define VERSION "8.12"
| #define STDC_HEADERS 1
| #define HAVE_SYS_TYPES_H 1
| #define HAVE_SYS_STAT_H 1
| #define HAVE_STDLIB_H 1
| #define HAVE_STRING_H 1
| #define HAVE_MEMORY_H 1
| #define HAVE_STRINGS_H 1
| #define HAVE_INTTYPES_H 1
| #define HAVE_STDINT_H 1
| #define HAVE_UNISTD_H 1
| #define HAVE_DLFCN_H 1
| #define LT_OBJDIR ".libs/"
| #define STDC_HEADERS 1
| #define HAVE_LIMITS_H 1
| #define HAVE_SYS_TYPES_H 1
| #define HAVE_SYS_STAT_H 1
| #define HAVE_DIRENT_H 1
| #define HAVE_STRING 1
| #define HAVE_STRTOQ 1
| #define HAVE_LONG_LONG 1
| #define HAVE_UNSIGNED_LONG_LONG 1
| #define HAVE_BCOPY 1
| #define HAVE_MEMMOVE 1
| #define HAVE_STRERROR 1
| /* end confdefs.h.  */
| #include <zlib.h>
configure:15534: result: no
configure:15534: checking for zlib.h
configure:15534: result: no
configure:15544: checking for gzopen in -lz
configure:15569: mips-linux-uclibc-gcc -mips32r2 -msoft-float -o conftest -Os -Wall    conftest.c -lz   >&5
/opt/trendchip/mips-linux-uclibc/usr/bin/../lib/gcc/mips-linux-uclibc/4.3.4/../../../../mips-linux-uclibc/bin/ld: cannot find -lz
collect2: ld returned 1 exit status
configure:15569: $? = 1
configure: failed program was:
| /* confdefs.h */
| #define PACKAGE_NAME "PCRE"
| #define PACKAGE_TARNAME "pcre"
| #define PACKAGE_VERSION "8.12"
| #define PACKAGE_STRING "PCRE 8.12"
| #define PACKAGE_BUGREPORT ""
| #define PACKAGE_URL ""
| #define PACKAGE "pcre"
| #define VERSION "8.12"
| #define STDC_HEADERS 1
| #define HAVE_SYS_TYPES_H 1
| #define HAVE_SYS_STAT_H 1
| #define HAVE_STDLIB_H 1
| #define HAVE_STRING_H 1
| #define HAVE_MEMORY_H 1
| #define HAVE_STRINGS_H 1
| #define HAVE_INTTYPES_H 1
| #define HAVE_STDINT_H 1
| #define HAVE_UNISTD_H 1
| #define HAVE_DLFCN_H 1
| #define LT_OBJDIR ".libs/"
| #define STDC_HEADERS 1
| #define HAVE_LIMITS_H 1
| #define HAVE_SYS_TYPES_H 1
| #define HAVE_SYS_STAT_H 1
| #define HAVE_DIRENT_H 1
| #define HAVE_STRING 1
| #define HAVE_STRTOQ 1
| #define HAVE_LONG_LONG 1
| #define HAVE_UNSIGNED_LONG_LONG 1
| #define HAVE_BCOPY 1
| #define HAVE_MEMMOVE 1
| #define HAVE_STRERROR 1
| /* end confdefs.h.  */
| 
| /* Override any GCC internal prototype to avoid an error.
|    Use char because int might match the return type of a GCC
|    builtin and then its argument prototype would still apply.  */
| #ifdef __cplusplus
| extern "C"
| #endif
| char gzopen ();
| int
| main ()
| {
| return gzopen ();
|   ;
|   return 0;
| }
configure:15578: result: no
configure:15603: checking bzlib.h usability
configure:15603: mips-linux-uclibc-gcc -mips32r2 -msoft-float -c -Os -Wall   conftest.c >&5
conftest.c:68:19: error: bzlib.h: No such file or directory
configure:15603: $? = 1
configure: failed program was:
| /* confdefs.h */
| #define PACKAGE_NAME "PCRE"
| #define PACKAGE_TARNAME "pcre"
| #define PACKAGE_VERSION "8.12"
| #define PACKAGE_STRING "PCRE 8.12"
| #define PACKAGE_BUGREPORT ""
| #define PACKAGE_URL ""
| #define PACKAGE "pcre"
| #define VERSION "8.12"
| #define STDC_HEADERS 1
| #define HAVE_SYS_TYPES_H 1
| #define HAVE_SYS_STAT_H 1
| #define HAVE_STDLIB_H 1
| #define HAVE_STRING_H 1
| #define HAVE_MEMORY_H 1
| #define HAVE_STRINGS_H 1
| #define HAVE_INTTYPES_H 1
| #define HAVE_STDINT_H 1
| #define HAVE_UNISTD_H 1
| #define HAVE_DLFCN_H 1
| #define LT_OBJDIR ".libs/"
| #define STDC_HEADERS 1
| #define HAVE_LIMITS_H 1
| #define HAVE_SYS_TYPES_H 1
| #define HAVE_SYS_STAT_H 1
| #define HAVE_DIRENT_H 1
| #define HAVE_STRING 1
| #define HAVE_STRTOQ 1
| #define HAVE_LONG_LONG 1
| #define HAVE_UNSIGNED_LONG_LONG 1
| #define HAVE_BCOPY 1
| #define HAVE_MEMMOVE 1
| #define HAVE_STRERROR 1
| /* end confdefs.h.  */
| #include <stdio.h>
| #ifdef HAVE_SYS_TYPES_H
| # include <sys/types.h>
| #endif
| #ifdef HAVE_SYS_STAT_H
| # include <sys/stat.h>
| #endif
| #ifdef STDC_HEADERS
| # include <stdlib.h>
| # include <stddef.h>
| #else
| # ifdef HAVE_STDLIB_H
| #  include <stdlib.h>
| # endif
| #endif
| #ifdef HAVE_STRING_H
| # if !defined STDC_HEADERS && defined HAVE_MEMORY_H
| #  include <memory.h>
| # endif
| # include <string.h>
| #endif
| #ifdef HAVE_STRINGS_H
| # include <strings.h>
| #endif
| #ifdef HAVE_INTTYPES_H
| # include <inttypes.h>
| #endif
| #ifdef HAVE_STDINT_H
| # include <stdint.h>
| #endif
| #ifdef HAVE_UNISTD_H
| # include <unistd.h>
| #endif
| #include <bzlib.h>
configure:15603: result: no
configure:15603: checking bzlib.h presence
configure:15603: mips-linux-uclibc-gcc -mips32r2 -msoft-float -E  conftest.c
conftest.c:35:19: error: bzlib.h: No such file or directory
configure:15603: $? = 1
configure: failed program was:
| /* confdefs.h */
| #define PACKAGE_NAME "PCRE"
| #define PACKAGE_TARNAME "pcre"
| #define PACKAGE_VERSION "8.12"
| #define PACKAGE_STRING "PCRE 8.12"
| #define PACKAGE_BUGREPORT ""
| #define PACKAGE_URL ""
| #define PACKAGE "pcre"
| #define VERSION "8.12"
| #define STDC_HEADERS 1
| #define HAVE_SYS_TYPES_H 1
| #define HAVE_SYS_STAT_H 1
| #define HAVE_STDLIB_H 1
| #define HAVE_STRING_H 1
| #define HAVE_MEMORY_H 1
| #define HAVE_STRINGS_H 1
| #define HAVE_INTTYPES_H 1
| #define HAVE_STDINT_H 1
| #define HAVE_UNISTD_H 1
| #define HAVE_DLFCN_H 1
| #define LT_OBJDIR ".libs/"
| #define STDC_HEADERS 1
| #define HAVE_LIMITS_H 1
| #define HAVE_SYS_TYPES_H 1
| #define HAVE_SYS_STAT_H 1
| #define HAVE_DIRENT_H 1
| #define HAVE_STRING 1
| #define HAVE_STRTOQ 1
| #define HAVE_LONG_LONG 1
| #define HAVE_UNSIGNED_LONG_LONG 1
| #define HAVE_BCOPY 1
| #define HAVE_MEMMOVE 1
| #define HAVE_STRERROR 1
| /* end confdefs.h.  */
| #include <bzlib.h>
configure:15603: result: no
configure:15603: checking for bzlib.h
configure:15603: result: no
configure:15618: checking for libbz2
configure:15636: mips-linux-uclibc-gcc -mips32r2 -msoft-float -o conftest -Os -Wall    conftest.c  -lbz2 >&5
conftest.c: In function 'main':
conftest.c:42: warning: implicit declaration of function 'BZ2_bzopen'
/opt/trendchip/mips-linux-uclibc/usr/bin/../lib/gcc/mips-linux-uclibc/4.3.4/../../../../mips-linux-uclibc/bin/ld: cannot find -lbz2
collect2: ld returned 1 exit status
configure:15636: $? = 1
configure: failed program was:
| /* confdefs.h */
| #define PACKAGE_NAME "PCRE"
| #define PACKAGE_TARNAME "pcre"
| #define PACKAGE_VERSION "8.12"
| #define PACKAGE_STRING "PCRE 8.12"
| #define PACKAGE_BUGREPORT ""
| #define PACKAGE_URL ""
| #define PACKAGE "pcre"
| #define VERSION "8.12"
| #define STDC_HEADERS 1
| #define HAVE_SYS_TYPES_H 1
| #define HAVE_SYS_STAT_H 1
| #define HAVE_STDLIB_H 1
| #define HAVE_STRING_H 1
| #define HAVE_MEMORY_H 1
| #define HAVE_STRINGS_H 1
| #define HAVE_INTTYPES_H 1
| #define HAVE_STDINT_H 1
| #define HAVE_UNISTD_H 1
| #define HAVE_DLFCN_H 1
| #define LT_OBJDIR ".libs/"
| #define STDC_HEADERS 1
| #define HAVE_LIMITS_H 1
| #define HAVE_SYS_TYPES_H 1
| #define HAVE_SYS_STAT_H 1
| #define HAVE_DIRENT_H 1
| #define HAVE_STRING 1
| #define HAVE_STRTOQ 1
| #define HAVE_LONG_LONG 1
| #define HAVE_UNSIGNED_LONG_LONG 1
| #define HAVE_BCOPY 1
| #define HAVE_MEMMOVE 1
| #define HAVE_STRERROR 1
| /* end confdefs.h.  */
| 
| #ifdef HAVE_BZLIB_H
| #include <bzlib.h>
| #endif
| int
| main ()
| {
| return (int)BZ2_bzopen("conftest", "rb");
|   ;
|   return 0;
| }
configure:15640: result: no
configure:15651: checking readline/readline.h usability
configure:15651: mips-linux-uclibc-gcc -mips32r2 -msoft-float -c -Os -Wall   conftest.c >&5
conftest.c:68:31: error: readline/readline.h: No such file or directory
configure:15651: $? = 1
configure: failed program was:
| /* confdefs.h */
| #define PACKAGE_NAME "PCRE"
| #define PACKAGE_TARNAME "pcre"
| #define PACKAGE_VERSION "8.12"
| #define PACKAGE_STRING "PCRE 8.12"
| #define PACKAGE_BUGREPORT ""
| #define PACKAGE_URL ""
| #define PACKAGE "pcre"
| #define VERSION "8.12"
| #define STDC_HEADERS 1
| #define HAVE_SYS_TYPES_H 1
| #define HAVE_SYS_STAT_H 1
| #define HAVE_STDLIB_H 1
| #define HAVE_STRING_H 1
| #define HAVE_MEMORY_H 1
| #define HAVE_STRINGS_H 1
| #define HAVE_INTTYPES_H 1
| #define HAVE_STDINT_H 1
| #define HAVE_UNISTD_H 1
| #define HAVE_DLFCN_H 1
| #define LT_OBJDIR ".libs/"
| #define STDC_HEADERS 1
| #define HAVE_LIMITS_H 1
| #define HAVE_SYS_TYPES_H 1
| #define HAVE_SYS_STAT_H 1
| #define HAVE_DIRENT_H 1
| #define HAVE_STRING 1
| #define HAVE_STRTOQ 1
| #define HAVE_LONG_LONG 1
| #define HAVE_UNSIGNED_LONG_LONG 1
| #define HAVE_BCOPY 1
| #define HAVE_MEMMOVE 1
| #define HAVE_STRERROR 1
| /* end confdefs.h.  */
| #include <stdio.h>
| #ifdef HAVE_SYS_TYPES_H
| # include <sys/types.h>
| #endif
| #ifdef HAVE_SYS_STAT_H
| # include <sys/stat.h>
| #endif
| #ifdef STDC_HEADERS
| # include <stdlib.h>
| # include <stddef.h>
| #else
| # ifdef HAVE_STDLIB_H
| #  include <stdlib.h>
| # endif
| #endif
| #ifdef HAVE_STRING_H
| # if !defined STDC_HEADERS && defined HAVE_MEMORY_H
| #  include <memory.h>
| # endif
| # include <string.h>
| #endif
| #ifdef HAVE_STRINGS_H
| # include <strings.h>
| #endif
| #ifdef HAVE_INTTYPES_H
| # include <inttypes.h>
| #endif
| #ifdef HAVE_STDINT_H
| # include <stdint.h>
| #endif
| #ifdef HAVE_UNISTD_H
| # include <unistd.h>
| #endif
| #include <readline/readline.h>
configure:15651: result: no
configure:15651: checking readline/readline.h presence
configure:15651: mips-linux-uclibc-gcc -mips32r2 -msoft-float -E  conftest.c
conftest.c:35:31: error: readline/readline.h: No such file or directory
configure:15651: $? = 1
configure: failed program was:
| /* confdefs.h */
| #define PACKAGE_NAME "PCRE"
| #define PACKAGE_TARNAME "pcre"
| #define PACKAGE_VERSION "8.12"
| #define PACKAGE_STRING "PCRE 8.12"
| #define PACKAGE_BUGREPORT ""
| #define PACKAGE_URL ""
| #define PACKAGE "pcre"
| #define VERSION "8.12"
| #define STDC_HEADERS 1
| #define HAVE_SYS_TYPES_H 1
| #define HAVE_SYS_STAT_H 1
| #define HAVE_STDLIB_H 1
| #define HAVE_STRING_H 1
| #define HAVE_MEMORY_H 1
| #define HAVE_STRINGS_H 1
| #define HAVE_INTTYPES_H 1
| #define HAVE_STDINT_H 1
| #define HAVE_UNISTD_H 1
| #define HAVE_DLFCN_H 1
| #define LT_OBJDIR ".libs/"
| #define STDC_HEADERS 1
| #define HAVE_LIMITS_H 1
| #define HAVE_SYS_TYPES_H 1
| #define HAVE_SYS_STAT_H 1
| #define HAVE_DIRENT_H 1
| #define HAVE_STRING 1
| #define HAVE_STRTOQ 1
| #define HAVE_LONG_LONG 1
| #define HAVE_UNSIGNED_LONG_LONG 1
| #define HAVE_BCOPY 1
| #define HAVE_MEMMOVE 1
| #define HAVE_STRERROR 1
| /* end confdefs.h.  */
| #include <readline/readline.h>
configure:15651: result: no
configure:15651: checking for readline/readline.h
configure:15651: result: no
configure:15663: checking readline/history.h usability
configure:15663: mips-linux-uclibc-gcc -mips32r2 -msoft-float -c -Os -Wall   conftest.c >&5
conftest.c:68:30: error: readline/history.h: No such file or directory
configure:15663: $? = 1
configure: failed program was:
| /* confdefs.h */
| #define PACKAGE_NAME "PCRE"
| #define PACKAGE_TARNAME "pcre"
| #define PACKAGE_VERSION "8.12"
| #define PACKAGE_STRING "PCRE 8.12"
| #define PACKAGE_BUGREPORT ""
| #define PACKAGE_URL ""
| #define PACKAGE "pcre"
| #define VERSION "8.12"
| #define STDC_HEADERS 1
| #define HAVE_SYS_TYPES_H 1
| #define HAVE_SYS_STAT_H 1
| #define HAVE_STDLIB_H 1
| #define HAVE_STRING_H 1
| #define HAVE_MEMORY_H 1
| #define HAVE_STRINGS_H 1
| #define HAVE_INTTYPES_H 1
| #define HAVE_STDINT_H 1
| #define HAVE_UNISTD_H 1
| #define HAVE_DLFCN_H 1
| #define LT_OBJDIR ".libs/"
| #define STDC_HEADERS 1
| #define HAVE_LIMITS_H 1
| #define HAVE_SYS_TYPES_H 1
| #define HAVE_SYS_STAT_H 1
| #define HAVE_DIRENT_H 1
| #define HAVE_STRING 1
| #define HAVE_STRTOQ 1
| #define HAVE_LONG_LONG 1
| #define HAVE_UNSIGNED_LONG_LONG 1
| #define HAVE_BCOPY 1
| #define HAVE_MEMMOVE 1
| #define HAVE_STRERROR 1
| /* end confdefs.h.  */
| #include <stdio.h>
| #ifdef HAVE_SYS_TYPES_H
| # include <sys/types.h>
| #endif
| #ifdef HAVE_SYS_STAT_H
| # include <sys/stat.h>
| #endif
| #ifdef STDC_HEADERS
| # include <stdlib.h>
| # include <stddef.h>
| #else
| # ifdef HAVE_STDLIB_H
| #  include <stdlib.h>
| # endif
| #endif
| #ifdef HAVE_STRING_H
| # if !defined STDC_HEADERS && defined HAVE_MEMORY_H
| #  include <memory.h>
| # endif
| # include <string.h>
| #endif
| #ifdef HAVE_STRINGS_H
| # include <strings.h>
| #endif
| #ifdef HAVE_INTTYPES_H
| # include <inttypes.h>
| #endif
| #ifdef HAVE_STDINT_H
| # include <stdint.h>
| #endif
| #ifdef HAVE_UNISTD_H
| # include <unistd.h>
| #endif
| #include <readline/history.h>
configure:15663: result: no
configure:15663: checking readline/history.h presence
configure:15663: mips-linux-uclibc-gcc -mips32r2 -msoft-float -E  conftest.c
conftest.c:35:30: error: readline/history.h: No such file or directory
configure:15663: $? = 1
configure: failed program was:
| /* confdefs.h */
| #define PACKAGE_NAME "PCRE"
| #define PACKAGE_TARNAME "pcre"
| #define PACKAGE_VERSION "8.12"
| #define PACKAGE_STRING "PCRE 8.12"
| #define PACKAGE_BUGREPORT ""
| #define PACKAGE_URL ""
| #define PACKAGE "pcre"
| #define VERSION "8.12"
| #define STDC_HEADERS 1
| #define HAVE_SYS_TYPES_H 1
| #define HAVE_SYS_STAT_H 1
| #define HAVE_STDLIB_H 1
| #define HAVE_STRING_H 1
| #define HAVE_MEMORY_H 1
| #define HAVE_STRINGS_H 1
| #define HAVE_INTTYPES_H 1
| #define HAVE_STDINT_H 1
| #define HAVE_UNISTD_H 1
| #define HAVE_DLFCN_H 1
| #define LT_OBJDIR ".libs/"
| #define STDC_HEADERS 1
| #define HAVE_LIMITS_H 1
| #define HAVE_SYS_TYPES_H 1
| #define HAVE_SYS_STAT_H 1
| #define HAVE_DIRENT_H 1
| #define HAVE_STRING 1
| #define HAVE_STRTOQ 1
| #define HAVE_LONG_LONG 1
| #define HAVE_UNSIGNED_LONG_LONG 1
| #define HAVE_BCOPY 1
| #define HAVE_MEMMOVE 1
| #define HAVE_STRERROR 1
| /* end confdefs.h.  */
| #include <readline/history.h>
configure:15663: result: no
configure:15663: checking for readline/history.h
configure:15663: result: no
configure:15673: checking for readline in -lreadline
configure:15698: mips-linux-uclibc-gcc -mips32r2 -msoft-float -o conftest -Os -Wall    conftest.c -lreadline   >&5
/opt/trendchip/mips-linux-uclibc/usr/bin/../lib/gcc/mips-linux-uclibc/4.3.4/../../../../mips-linux-uclibc/bin/ld: cannot find -lreadline
collect2: ld returned 1 exit status
configure:15698: $? = 1
configure: failed program was:
| /* confdefs.h */
| #define PACKAGE_NAME "PCRE"
| #define PACKAGE_TARNAME "pcre"
| #define PACKAGE_VERSION "8.12"
| #define PACKAGE_STRING "PCRE 8.12"
| #define PACKAGE_BUGREPORT ""
| #define PACKAGE_URL ""
| #define PACKAGE "pcre"
| #define VERSION "8.12"
| #define STDC_HEADERS 1
| #define HAVE_SYS_TYPES_H 1
| #define HAVE_SYS_STAT_H 1
| #define HAVE_STDLIB_H 1
| #define HAVE_STRING_H 1
| #define HAVE_MEMORY_H 1
| #define HAVE_STRINGS_H 1
| #define HAVE_INTTYPES_H 1
| #define HAVE_STDINT_H 1
| #define HAVE_UNISTD_H 1
| #define HAVE_DLFCN_H 1
| #define LT_OBJDIR ".libs/"
| #define STDC_HEADERS 1
| #define HAVE_LIMITS_H 1
| #define HAVE_SYS_TYPES_H 1
| #define HAVE_SYS_STAT_H 1
| #define HAVE_DIRENT_H 1
| #define HAVE_STRING 1
| #define HAVE_STRTOQ 1
| #define HAVE_LONG_LONG 1
| #define HAVE_UNSIGNED_LONG_LONG 1
| #define HAVE_BCOPY 1
| #define HAVE_MEMMOVE 1
| #define HAVE_STRERROR 1
| /* end confdefs.h.  */
| 
| /* Override any GCC internal prototype to avoid an error.
|    Use char because int might match the return type of a GCC
|    builtin and then its argument prototype would still apply.  */
| #ifdef __cplusplus
| extern "C"
| #endif
| char readline ();
| int
| main ()
| {
| return readline ();
|   ;
|   return 0;
| }
configure:15707: result: no
configure:16049: creating ./config.status

## ---------------- ##
## Cache variables. ##
## ---------------- ##

ac_cv_build=i686-pc-linux-uclibc
ac_cv_c_compiler_gnu=yes
ac_cv_c_const=yes
ac_cv_c_int64_t=yes
ac_cv_cxx_compiler_gnu=yes
ac_cv_env_CCC_set=
ac_cv_env_CCC_value=
ac_cv_env_CC_set=set
ac_cv_env_CC_value='mips-linux-uclibc-gcc -mips32r2 -msoft-float'
ac_cv_env_CFLAGS_set=set
ac_cv_env_CFLAGS_value='-Os -Wall '
ac_cv_env_CPPFLAGS_set=
ac_cv_env_CPPFLAGS_value=
ac_cv_env_CPP_set=
ac_cv_env_CPP_value=
ac_cv_env_CXXCPP_set=
ac_cv_env_CXXCPP_value=
ac_cv_env_CXXFLAGS_set=
ac_cv_env_CXXFLAGS_value=
ac_cv_env_CXX_set=
ac_cv_env_CXX_value=
ac_cv_env_LDFLAGS_set=
ac_cv_env_LDFLAGS_value=
ac_cv_env_LIBS_set=
ac_cv_env_LIBS_value=
ac_cv_env_build_alias_set=
ac_cv_env_build_alias_value=
ac_cv_env_host_alias_set=set
ac_cv_env_host_alias_value=mips-linux
ac_cv_env_target_alias_set=
ac_cv_env_target_alias_value=
ac_cv_func_bcopy=yes
ac_cv_func_memmove=yes
ac_cv_func_strerror=yes
ac_cv_header_bits_type_traits_h=no
ac_cv_header_bzlib_h=no
ac_cv_header_dirent_h=yes
ac_cv_header_dlfcn_h=yes
ac_cv_header_inttypes_h=yes
ac_cv_header_limits_h=yes
ac_cv_header_memory_h=yes
ac_cv_header_readline_history_h=no
ac_cv_header_readline_readline_h=no
ac_cv_header_stdc=yes
ac_cv_header_stdint_h=yes
ac_cv_header_stdlib_h=yes
ac_cv_header_string=yes
ac_cv_header_string_h=yes
ac_cv_header_strings_h=yes
ac_cv_header_sys_stat_h=yes
ac_cv_header_sys_types_h=yes
ac_cv_header_type_traits_h=no
ac_cv_header_unistd_h=yes
ac_cv_header_windows_h=no
ac_cv_header_zlib_h=no
ac_cv_host=mips-unknown-linux-gnu
ac_cv_lib_readline_readline=no
ac_cv_lib_z_gzopen=no
ac_cv_objext=o
ac_cv_path_EGREP='/bin/grep -E'
ac_cv_path_FGREP='/bin/grep -F'
ac_cv_path_GREP=/bin/grep
ac_cv_path_SED=/bin/sed
ac_cv_path_install='/usr/bin/install -c'
ac_cv_path_mkdir=/bin/mkdir
ac_cv_prog_AR=mips-linux-ar
ac_cv_prog_AWK=gawk
ac_cv_prog_CC='mips-linux-uclibc-gcc -mips32r2 -msoft-float'
ac_cv_prog_CPP='mips-linux-uclibc-gcc -mips32r2 -msoft-float -E'
ac_cv_prog_CXX=mips-linux-g++
ac_cv_prog_CXXCPP='mips-linux-g++ -E'
ac_cv_prog_OBJDUMP=objdump
ac_cv_prog_RANLIB=mips-linux-ranlib
ac_cv_prog_STRIP=mips-linux-uclibc-strip
ac_cv_prog_cc_c89=
ac_cv_prog_cc_g=yes
ac_cv_prog_cxx_g=yes
ac_cv_prog_make_make_set=yes
ac_cv_type_long_long=yes
ac_cv_type_size_t=yes
ac_cv_type_unsigned_long_long=yes
am_cv_CC_dependencies_compiler_type=none
am_cv_CXX_dependencies_compiler_type=none
lt_cv_archive_cmds_need_lc=no
lt_cv_deplibs_check_method=pass_all
lt_cv_file_magic_cmd='$MAGIC_CMD'
lt_cv_file_magic_test_file=
lt_cv_ld_reload_flag=-r
lt_cv_nm_interface='BSD nm'
lt_cv_objdir=.libs
lt_cv_path_LD=/opt/trendchip/mips-linux-uclibc/usr/mips-linux-uclibc/bin/ld
lt_cv_path_LDCXX=/opt/trendchip/mips-linux-uclibc/usr/mips-linux-uclibc/bin/ld
lt_cv_path_NM='/opt/trendchip/mips-linux-uclibc/usr/bin/mips-linux-nm -B'
lt_cv_prog_compiler_c_o=yes
lt_cv_prog_compiler_c_o_CXX=yes
lt_cv_prog_compiler_pic_works=yes
lt_cv_prog_compiler_pic_works_CXX=yes
lt_cv_prog_compiler_rtti_exceptions=no
lt_cv_prog_compiler_static_works=yes
lt_cv_prog_compiler_static_works_CXX=yes
lt_cv_prog_gnu_ld=yes
lt_cv_prog_gnu_ldcxx=yes
lt_cv_shlibpath_overrides_runpath=no
lt_cv_sys_global_symbol_pipe='sed -n -e '\''s/^.*[	 ]\([ABCDGIRSTW][ABCDGIRSTW]*\)[	 ][	 ]*\([_A-Za-z][_A-Za-z0-9]*\)$/\1 \2 \2/p'\'''
lt_cv_sys_global_symbol_to_c_name_address='sed -n -e '\''s/^: \([^ ]*\) $/  {\"\1\", (void *) 0},/p'\'' -e '\''s/^[ABCDGIRSTW]* \([^ ]*\) \([^ ]*\)$/  {"\2", (void *) \&\2},/p'\'''
lt_cv_sys_global_symbol_to_c_name_address_lib_prefix='sed -n -e '\''s/^: \([^ ]*\) $/  {\"\1\", (void *) 0},/p'\'' -e '\''s/^[ABCDGIRSTW]* \([^ ]*\) \(lib[^ ]*\)$/  {"\2", (void *) \&\2},/p'\'' -e '\''s/^[ABCDGIRSTW]* \([^ ]*\) \([^ ]*\)$/  {"lib\2", (void *) \&\2},/p'\'''
lt_cv_sys_global_symbol_to_cdecl='sed -n -e '\''s/^T .* \(.*\)$/extern int \1();/p'\'' -e '\''s/^[ABCDGIRSTW]* .* \(.*\)$/extern char \1;/p'\'''
lt_cv_sys_max_cmd_len=805306365

## ----------------- ##
## Output variables. ##
## ----------------- ##

ACLOCAL='${SHELL} /home/alex/n14u/dsl-n14u_gpl/apps/public/pcre-8.12/missing --run aclocal-1.11'
AMDEPBACKSLASH=''
AMDEP_FALSE=''
AMDEP_TRUE='#'
AMTAR='${SHELL} /home/alex/n14u/dsl-n14u_gpl/apps/public/pcre-8.12/missing --run tar'
AR='mips-linux-ar'
AS='as'
AUTOCONF='${SHELL} /home/alex/n14u/dsl-n14u_gpl/apps/public/pcre-8.12/missing --run autoconf'
AUTOHEADER='${SHELL} /home/alex/n14u/dsl-n14u_gpl/apps/public/pcre-8.12/missing --run autoheader'
AUTOMAKE='${SHELL} /home/alex/n14u/dsl-n14u_gpl/apps/public/pcre-8.12/missing --run automake-1.11'
AWK='gawk'
CC='mips-linux-uclibc-gcc -mips32r2 -msoft-float'
CCDEPMODE='depmode=none'
CFLAGS='-Os -Wall '
CPP='mips-linux-uclibc-gcc -mips32r2 -msoft-float -E'
CPPFLAGS=''
CXX='mips-linux-g++'
CXXCPP='mips-linux-g++ -E'
CXXDEPMODE='depmode=none'
CXXFLAGS='-O2'
CYGPATH_W='echo'
DEFS='-DHAVE_CONFIG_H'
DEPDIR='.deps'
DISTCHECK_CONFIGURE_FLAGS='--enable-cpp --enable-unicode-properties'
DLLTOOL='dlltool'
DSYMUTIL=''
DUMPBIN=''
ECHO_C=''
ECHO_N='-n'
ECHO_T=''
EGREP='/bin/grep -E'
EXEEXT=''
EXTRA_LIBPCRECPP_LDFLAGS='                            -version-info 0:0:0                           '
EXTRA_LIBPCREPOSIX_LDFLAGS='                              -version-info 0:0:0'
EXTRA_LIBPCRE_LDFLAGS='                         -version-info 0:1:0'
FGREP='/bin/grep -F'
GREP='/bin/grep'
INSTALL_DATA='${INSTALL} -m 644'
INSTALL_PROGRAM='${INSTALL}'
INSTALL_SCRIPT='${INSTALL}'
INSTALL_STRIP_PROGRAM='$(install_sh) -c -s'
LD='/opt/trendchip/mips-linux-uclibc/usr/mips-linux-uclibc/bin/ld'
LDFLAGS=''
LIBBZ2=''
LIBOBJS=''
LIBREADLINE=''
LIBS=''
LIBTOOL='$(SHELL) $(top_builddir)/libtool'
LIBZ=''
LIPO=''
LN_S='ln -s'
LTLIBOBJS=''
MAKEINFO='${SHELL} /home/alex/n14u/dsl-n14u_gpl/apps/public/pcre-8.12/missing --run makeinfo'
MKDIR_P='/bin/mkdir -p'
NM='/opt/trendchip/mips-linux-uclibc/usr/bin/mips-linux-nm -B'
NMEDIT=''
OBJDUMP='objdump'
OBJEXT='o'
OTOOL64=''
OTOOL=''
PACKAGE='pcre'
PACKAGE_BUGREPORT=''
PACKAGE_NAME='PCRE'
PACKAGE_STRING='PCRE 8.12'
PACKAGE_TARNAME='pcre'
PACKAGE_URL=''
PACKAGE_VERSION='8.12'
PATH_SEPARATOR=':'
PCRE_DATE='2011-01-15'
PCRE_MAJOR='8'
PCRE_MINOR='12'
PCRE_PRERELEASE=''
PCRE_STATIC_CFLAG=''
RANLIB='mips-linux-ranlib'
SED='/bin/sed'
SET_MAKE=''
SHELL='/bin/bash'
STRIP='mips-linux-uclibc-strip'
VERSION='8.12'
WITH_PCRE_CPP_FALSE='#'
WITH_PCRE_CPP_TRUE=''
WITH_REBUILD_CHARTABLES_FALSE=''
WITH_REBUILD_CHARTABLES_TRUE='#'
ac_ct_CC=''
ac_ct_CXX=''
ac_ct_DUMPBIN=''
am__EXEEXT_FALSE=''
am__EXEEXT_TRUE='#'
am__fastdepCC_FALSE=''
am__fastdepCC_TRUE='#'
am__fastdepCXX_FALSE=''
am__fastdepCXX_TRUE='#'
am__include='include'
am__isrc=''
am__leading_dot='.'
am__quote=''
am__tar='${AMTAR} chof - "$$tardir"'
am__untar='${AMTAR} xf -'
bindir='${exec_prefix}/bin'
build='i686-pc-linux-uclibc'
build_alias=''
build_cpu='i686'
build_os='linux-uclibc'
build_vendor='pc'
datadir='${datarootdir}'
datarootdir='${prefix}/share'
docdir='${datarootdir}/doc/${PACKAGE_TARNAME}'
dvidir='${docdir}'
enable_cpp='yes'
exec_prefix='${prefix}'
host='mips-unknown-linux-gnu'
host_alias='mips-linux'
host_cpu='mips'
host_os='linux-gnu'
host_vendor='unknown'
htmldir='${docdir}/html'
includedir='${prefix}/include'
infodir='${datarootdir}/info'
install_sh='${SHELL} /home/alex/n14u/dsl-n14u_gpl/apps/public/pcre-8.12/install-sh'
libdir='${exec_prefix}/lib'
libexecdir='${exec_prefix}/libexec'
localedir='${datarootdir}/locale'
localstatedir='${prefix}/var'
mandir='${datarootdir}/man'
mkdir_p='/bin/mkdir -p'
oldincludedir='/usr/include'
pcre_have_bits_type_traits='0'
pcre_have_long_long='1'
pcre_have_type_traits='0'
pcre_have_ulong_long='1'
pdfdir='${docdir}'
prefix='/usr/local'
program_transform_name='s,x,x,'
psdir='${docdir}'
sbindir='${exec_prefix}/sbin'
sharedstatedir='${prefix}/com'
sysconfdir='${prefix}/etc'
target_alias=''

## ----------- ##
## confdefs.h. ##
## ----------- ##

/* confdefs.h */
#define PACKAGE_NAME "PCRE"
#define PACKAGE_TARNAME "pcre"
#define PACKAGE_VERSION "8.12"
#define PACKAGE_STRING "PCRE 8.12"
#define PACKAGE_BUGREPORT ""
#define PACKAGE_URL ""
#define PACKAGE "pcre"
#define VERSION "8.12"
#define STDC_HEADERS 1
#define HAVE_SYS_TYPES_H 1
#define HAVE_SYS_STAT_H 1
#define HAVE_STDLIB_H 1
#define HAVE_STRING_H 1
#define HAVE_MEMORY_H 1
#define HAVE_STRINGS_H 1
#define HAVE_INTTYPES_H 1
#define HAVE_STDINT_H 1
#define HAVE_UNISTD_H 1
#define HAVE_DLFCN_H 1
#define LT_OBJDIR ".libs/"
#define STDC_HEADERS 1
#define HAVE_LIMITS_H 1
#define HAVE_SYS_TYPES_H 1
#define HAVE_SYS_STAT_H 1
#define HAVE_DIRENT_H 1
#define HAVE_STRING 1
#define HAVE_STRTOQ 1
#define HAVE_LONG_LONG 1
#define HAVE_UNSIGNED_LONG_LONG 1
#define HAVE_BCOPY 1
#define HAVE_MEMMOVE 1
#define HAVE_STRERROR 1
#define NEWLINE 10
#define LINK_SIZE 2
#define POSIX_MALLOC_THRESHOLD 10
#define MATCH_LIMIT 10000000
#define MATCH_LIMIT_RECURSION MATCH_LIMIT
#define MAX_NAME_SIZE 32
#define MAX_NAME_COUNT 10000

configure: exit 0

## ---------------------- ##
## Running config.status. ##
## ---------------------- ##

This file was extended by PCRE config.status 8.12, which was
generated by GNU Autoconf 2.68.  Invocation command line was

  CONFIG_FILES    = 
  CONFIG_HEADERS  = 
  CONFIG_LINKS    = 
  CONFIG_COMMANDS = 
  $ ./config.status 

on alex-VirtualBox

config.status:1191: creating Makefile
config.status:1191: creating libpcre.pc
config.status:1191: creating libpcreposix.pc
config.status:1191: creating libpcrecpp.pc
config.status:1191: creating pcre-config
config.status:1191: creating pcre.h
config.status:1191: creating pcre_stringpiece.h
config.status:1191: creating pcrecpparg.h
config.status:1191: creating config.h
config.status:1372: config.h is unchanged
config.status:1420: executing depfiles commands
config.status:1420: executing libtool commands
config.status:1420: executing script-chmod commands
config.status:1420: executing delete-old-chartables commands

## ---------------------- ##
## Running config.status. ##
## ---------------------- ##

This file was extended by PCRE config.status 8.12, which was
generated by GNU Autoconf 2.68.  Invocation command line was

  CONFIG_FILES    = 
  CONFIG_HEADERS  = 
  CONFIG_LINKS    = 
  CONFIG_COMMANDS = 
  $ ./config.status config.h

on alex-VirtualBox

config.status:1191: creating config.h
config.status:1372: config.h is unchanged
