This file contains any messages produced by compilers while
running configure, to aid debugging if configure makes a mistake.

It was created by libnfnetlink configure 1.0.1, which was
generated by GNU Autoconf 2.68.  Invocation command line was

  $ ./configure --host=mips-linux --build=i686-linux

## --------- ##
## Platform. ##
## --------- ##

hostname = alex-VirtualBox
uname -m = i686
uname -r = 3.11.0-15-generic
uname -s = Linux
uname -v = #25~precise1-Ubuntu SMP Thu Jan 30 17:42:40 UTC 2014

/usr/bin/uname -p = unknown
/bin/uname -X     = unknown

/bin/arch              = unknown
/usr/bin/arch -k       = unknown
/usr/convex/getsysinfo = unknown
/usr/bin/hostinfo      = unknown
/bin/machine           = unknown
/usr/bin/oslevel       = unknown
/bin/universe          = unknown

PATH: /opt/trendchip/mips-linux-uclibc/usr/bin
PATH: /usr/lib/lightdm/lightdm
PATH: /usr/local/sbin
PATH: /usr/local/bin
PATH: /usr/sbin
PATH: /usr/bin
PATH: /sbin
PATH: /bin
PATH: /usr/games


## ----------- ##
## Core tests. ##
## ----------- ##

configure:2124: checking build system type
configure:2138: result: i686-pc-linux-gnu
configure:2158: checking host system type
configure:2171: result: mips-unknown-linux-gnu
configure:2208: checking for a BSD-compatible install
configure:2276: result: /usr/bin/install -c
configure:2287: checking whether build environment is sane
configure:2337: result: yes
configure:2386: checking for mips-linux-strip
configure:2413: result: mips-linux-uclibc-strip
configure:2478: checking for a thread-safe mkdir -p
configure:2517: result: /bin/mkdir -p
configure:2530: checking for gawk
configure:2546: found /usr/bin/gawk
configure:2557: result: gawk
configure:2568: checking whether make sets $(MAKE)
configure:2590: result: yes
configure:2665: checking how to create a pax tar archive
configure:2678: tar --version
tar (GNU tar) 1.26
Copyright (C) 2011 Free Software Foundation, Inc.
License GPLv3+: GNU GPL version 3 or later <http://gnu.org/licenses/gpl.html>.
This is free software: you are free to change and redistribute it.
There is NO WARRANTY, to the extent permitted by law.

Written by John Gilmore and Jay Fenlason.
configure:2681: $? = 0
configure:2721: tardir=conftest.dir && eval tar --format=posix -chf - "$tardir" >conftest.tar
configure:2724: $? = 0
configure:2728: tar -xf - <conftest.tar
configure:2731: $? = 0
configure:2744: result: gnutar
configure:2763: checking whether make supports nested variables
configure:2780: result: yes
configure:2800: checking for mips-linux-gcc
configure:2827: result: mips-linux-uclibc-gcc -mips32r2 -msoft-float
configure:3096: checking for C compiler version
configure:3105: mips-linux-uclibc-gcc -mips32r2 -msoft-float --version >&5
mips-linux-uclibc-gcc (GCC) 4.3.4
Copyright (C) 2008 Free Software Foundation, Inc.
This is free software; see the source for copying conditions.  There is NO
warranty; not even for MERCHANTABILITY or FITNESS FOR A PARTICULAR PURPOSE.

configure:3116: $? = 0
configure:3105: mips-linux-uclibc-gcc -mips32r2 -msoft-float -v >&5
Using built-in specs.
Target: mips-linux-uclibc
Configured with: /home/socsw_local/lino/toolchain/tc3262/buildroot-2009.11/output/toolchain/gcc-4.3.4/configure --prefix=/usr --build=i386-pc-linux-gnu --host=i386-pc-linux-gnu --target=mips-linux-uclibc --enable-languages=c,c++ --with-sysroot=/opt/trendchip/mips-linux-uclibc --with-build-time-tools=/opt/trendchip/mips-linux-uclibc/usr/mips-linux-uclibc/bin --disable-__cxa_atexit --enable-target-optspace --with-gnu-ld --disable-libssp --enable-tls --enable-shared --with-gmp=/home/socsw_local/lino/toolchain/tc3262/buildroot-2009.11/output/toolchain/gmp --with-mpfr=/home/socsw_local/lino/toolchain/tc3262/buildroot-2009.11/output/toolchain/mpfr --disable-nls --enable-threads --disable-multilib --disable-decimal-float --with-float=soft --with-abi=32 --with-tune=mips32r2
Thread model: posix
gcc version 4.3.4 (GCC) 
configure:3116: $? = 0
configure:3105: mips-linux-uclibc-gcc -mips32r2 -msoft-float -V >&5
mips-linux-uclibc-gcc: '-V' must come at the start of the command line
configure:3116: $? = 1
configure:3105: mips-linux-uclibc-gcc -mips32r2 -msoft-float -qversion >&5
mips-linux-uclibc-gcc: unrecognized option '-qversion'
mips-linux-uclibc-gcc: no input files
configure:3116: $? = 1
configure:3136: checking whether the C compiler works
configure:3158: mips-linux-uclibc-gcc -mips32r2 -msoft-float    conftest.c  >&5
configure:3162: $? = 0
configure:3210: result: yes
configure:3213: checking for C compiler default output file name
configure:3215: result: a.out
configure:3221: checking for suffix of executables
configure:3228: mips-linux-uclibc-gcc -mips32r2 -msoft-float -o conftest    conftest.c  >&5
configure:3232: $? = 0
configure:3254: result: 
configure:3276: checking whether we are cross compiling
configure:3314: result: yes
configure:3319: checking for suffix of object files
configure:3341: mips-linux-uclibc-gcc -mips32r2 -msoft-float -c   conftest.c >&5
configure:3345: $? = 0
configure:3366: result: o
configure:3370: checking whether we are using the GNU C compiler
configure:3389: mips-linux-uclibc-gcc -mips32r2 -msoft-float -c   conftest.c >&5
configure:3389: $? = 0
configure:3398: result: yes
configure:3407: checking whether mips-linux-uclibc-gcc -mips32r2 -msoft-float accepts -g
configure:3427: mips-linux-uclibc-gcc -mips32r2 -msoft-float -c -g  conftest.c >&5
configure:3427: $? = 0
configure:3468: result: yes
configure:3485: checking for mips-linux-uclibc-gcc -mips32r2 -msoft-float option to accept ISO C89
configure:3549: mips-linux-uclibc-gcc -mips32r2 -msoft-float  -c -g -O2  conftest.c >&5
configure:3549: $? = 0
configure:3562: result: none needed
configure:3593: checking for style of include used by make
configure:3621: result: GNU
configure:3647: checking dependency style of mips-linux-uclibc-gcc -mips32r2 -msoft-float
configure:3758: result: gcc3
configure:3774: checking whether mips-linux-uclibc-gcc -mips32r2 -msoft-float and cc understand -c and -o together
configure:3805: mips-linux-uclibc-gcc -mips32r2 -msoft-float -c conftest.c -o conftest2.o >&5
configure:3809: $? = 0
configure:3815: mips-linux-uclibc-gcc -mips32r2 -msoft-float -c conftest.c -o conftest2.o >&5
configure:3819: $? = 0
configure:3830: cc -c conftest.c >&5
configure:3834: $? = 0
configure:3842: cc -c conftest.c -o conftest2.o >&5
configure:3846: $? = 0
configure:3852: cc -c conftest.c -o conftest2.o >&5
configure:3856: $? = 0
configure:3874: result: yes
configure:3976: checking how to print strings
configure:4003: result: printf
configure:4024: checking for a sed that does not truncate output
configure:4088: result: /bin/sed
configure:4106: checking for grep that handles long lines and -e
configure:4164: result: /bin/grep
configure:4169: checking for egrep
configure:4231: result: /bin/grep -E
configure:4236: checking for fgrep
configure:4298: result: /bin/grep -F
configure:4333: checking for ld used by mips-linux-uclibc-gcc -mips32r2 -msoft-float
configure:4400: result: /opt/trendchip/mips-linux-uclibc/usr/mips-linux-uclibc/bin/ld
configure:4407: checking if the linker (/opt/trendchip/mips-linux-uclibc/usr/mips-linux-uclibc/bin/ld) is GNU ld
configure:4422: result: yes
configure:4434: checking for BSD- or MS-compatible name lister (nm)
configure:4483: result: /opt/trendchip/mips-linux-uclibc/usr/bin/mips-linux-nm -B
configure:4613: checking the name lister (/opt/trendchip/mips-linux-uclibc/usr/bin/mips-linux-nm -B) interface
configure:4620: mips-linux-uclibc-gcc -mips32r2 -msoft-float -c -g -O2  conftest.c >&5
configure:4623: /opt/trendchip/mips-linux-uclibc/usr/bin/mips-linux-nm -B "conftest.o"
configure:4626: output
00000000 B some_variable
configure:4633: result: BSD nm
configure:4636: checking whether ln -s works
configure:4640: result: yes
configure:4648: checking the maximum length of command line arguments
configure:4778: result: 805306365
configure:4795: checking whether the shell understands some XSI constructs
configure:4805: result: yes
configure:4809: checking whether the shell understands "+="
configure:4815: result: yes
configure:4850: checking how to convert i686-pc-linux-gnu file names to mips-unknown-linux-gnu format
configure:4890: result: func_convert_file_noop
configure:4897: checking how to convert i686-pc-linux-gnu file names to toolchain format
configure:4917: result: func_convert_file_noop
configure:4924: checking for /opt/trendchip/mips-linux-uclibc/usr/mips-linux-uclibc/bin/ld option to reload object files
configure:4931: result: -r
configure:4965: checking for mips-linux-objdump
configure:4981: found /opt/trendchip/mips-linux-uclibc/usr/bin/mips-linux-objdump
configure:4992: result: mips-linux-objdump
configure:5064: checking how to recognize dependent libraries
configure:5262: result: pass_all
configure:5307: checking for mips-linux-dlltool
configure:5337: result: no
configure:5347: checking for dlltool
configure:5377: result: no
configure:5407: checking how to associate runtime and link libraries
configure:5434: result: printf %s\n
configure:5451: checking for mips-linux-ar
configure:5467: found /opt/trendchip/mips-linux-uclibc/usr/bin/mips-linux-ar
configure:5478: result: mips-linux-ar
configure:5559: checking for archiver @FILE support
configure:5576: mips-linux-uclibc-gcc -mips32r2 -msoft-float -c -g -O2  conftest.c >&5
configure:5576: $? = 0
configure:5579: mips-linux-ar cru libconftest.a @conftest.lst >&5
configure:5582: $? = 0
configure:5587: mips-linux-ar cru libconftest.a @conftest.lst >&5
mips-linux-ar: conftest.o: No such file or directory
configure:5590: $? = 1
configure:5602: result: @
configure:5620: checking for mips-linux-strip
configure:5647: result: mips-linux-uclibc-strip
configure:5719: checking for mips-linux-ranlib
configure:5735: found /opt/trendchip/mips-linux-uclibc/usr/bin/mips-linux-ranlib
configure:5746: result: mips-linux-ranlib
configure:5888: checking command to parse /opt/trendchip/mips-linux-uclibc/usr/bin/mips-linux-nm -B output from mips-linux-uclibc-gcc -mips32r2 -msoft-float object
configure:6008: mips-linux-uclibc-gcc -mips32r2 -msoft-float -c -g -O2  conftest.c >&5
configure:6011: $? = 0
configure:6015: /opt/trendchip/mips-linux-uclibc/usr/bin/mips-linux-nm -B conftest.o \| sed -n -e 's/^.*[ ]\([ABCDGIRSTW][ABCDGIRSTW]*\)[ ][ ]*\([_A-Za-z][_A-Za-z0-9]*\)$/\1 \2 \2/p' | sed '/ __gnu_lto/d' \> conftest.nm
configure:6018: $? = 0
configure:6084: mips-linux-uclibc-gcc -mips32r2 -msoft-float -o conftest -g -O2   conftest.c conftstm.o >&5
configure:6087: $? = 0
configure:6125: result: ok
configure:6162: checking for sysroot
configure:6192: result: no
configure:6408: checking for mips-linux-mt
configure:6438: result: no
configure:6448: checking for mt
configure:6464: found /bin/mt
configure:6475: result: mt
configure:6487: WARNING: using cross tools not prefixed with host triplet
configure:6498: checking if mt is a manifest tool
configure:6504: mt '-?'
configure:6512: result: no
configure:7154: checking how to run the C preprocessor
configure:7185: mips-linux-uclibc-gcc -mips32r2 -msoft-float -E  conftest.c
configure:7185: $? = 0
configure:7199: mips-linux-uclibc-gcc -mips32r2 -msoft-float -E  conftest.c
conftest.c:11:28: error: ac_nonexistent.h: No such file or directory
configure:7199: $? = 1
configure: failed program was:
| /* confdefs.h */
| #define PACKAGE_NAME "libnfnetlink"
| #define PACKAGE_TARNAME "libnfnetlink"
| #define PACKAGE_VERSION "1.0.1"
| #define PACKAGE_STRING "libnfnetlink 1.0.1"
| #define PACKAGE_BUGREPORT ""
| #define PACKAGE_URL ""
| #define PACKAGE "libnfnetlink"
| #define VERSION "1.0.1"
| /* end confdefs.h.  */
| #include <ac_nonexistent.h>
configure:7224: result: mips-linux-uclibc-gcc -mips32r2 -msoft-float -E
configure:7244: mips-linux-uclibc-gcc -mips32r2 -msoft-float -E  conftest.c
configure:7244: $? = 0
configure:7258: mips-linux-uclibc-gcc -mips32r2 -msoft-float -E  conftest.c
conftest.c:11:28: error: ac_nonexistent.h: No such file or directory
configure:7258: $? = 1
configure: failed program was:
| /* confdefs.h */
| #define PACKAGE_NAME "libnfnetlink"
| #define PACKAGE_TARNAME "libnfnetlink"
| #define PACKAGE_VERSION "1.0.1"
| #define PACKAGE_STRING "libnfnetlink 1.0.1"
| #define PACKAGE_BUGREPORT ""
| #define PACKAGE_URL ""
| #define PACKAGE "libnfnetlink"
| #define VERSION "1.0.1"
| /* end confdefs.h.  */
| #include <ac_nonexistent.h>
configure:7287: checking for ANSI C header files
configure:7307: mips-linux-uclibc-gcc -mips32r2 -msoft-float -c -g -O2  conftest.c >&5
configure:7307: $? = 0
configure:7391: result: yes
configure:7404: checking for sys/types.h
configure:7404: mips-linux-uclibc-gcc -mips32r2 -msoft-float -c -g -O2  conftest.c >&5
configure:7404: $? = 0
configure:7404: result: yes
configure:7404: checking for sys/stat.h
configure:7404: mips-linux-uclibc-gcc -mips32r2 -msoft-float -c -g -O2  conftest.c >&5
configure:7404: $? = 0
configure:7404: result: yes
configure:7404: checking for stdlib.h
configure:7404: mips-linux-uclibc-gcc -mips32r2 -msoft-float -c -g -O2  conftest.c >&5
configure:7404: $? = 0
configure:7404: result: yes
configure:7404: checking for string.h
configure:7404: mips-linux-uclibc-gcc -mips32r2 -msoft-float -c -g -O2  conftest.c >&5
configure:7404: $? = 0
configure:7404: result: yes
configure:7404: checking for memory.h
configure:7404: mips-linux-uclibc-gcc -mips32r2 -msoft-float -c -g -O2  conftest.c >&5
configure:7404: $? = 0
configure:7404: result: yes
configure:7404: checking for strings.h
configure:7404: mips-linux-uclibc-gcc -mips32r2 -msoft-float -c -g -O2  conftest.c >&5
configure:7404: $? = 0
configure:7404: result: yes
configure:7404: checking for inttypes.h
configure:7404: mips-linux-uclibc-gcc -mips32r2 -msoft-float -c -g -O2  conftest.c >&5
configure:7404: $? = 0
configure:7404: result: yes
configure:7404: checking for stdint.h
configure:7404: mips-linux-uclibc-gcc -mips32r2 -msoft-float -c -g -O2  conftest.c >&5
configure:7404: $? = 0
configure:7404: result: yes
configure:7404: checking for unistd.h
configure:7404: mips-linux-uclibc-gcc -mips32r2 -msoft-float -c -g -O2  conftest.c >&5
configure:7404: $? = 0
configure:7404: result: yes
configure:7418: checking for dlfcn.h
configure:7418: mips-linux-uclibc-gcc -mips32r2 -msoft-float -c -g -O2  conftest.c >&5
configure:7418: $? = 0
configure:7418: result: yes
configure:7594: checking for objdir
configure:7609: result: .libs
configure:7880: checking if mips-linux-uclibc-gcc -mips32r2 -msoft-float supports -fno-rtti -fno-exceptions
configure:7898: mips-linux-uclibc-gcc -mips32r2 -msoft-float -c -g -O2  -fno-rtti -fno-exceptions conftest.c >&5
cc1: warning: command line option "-fno-rtti" is valid for C++/ObjC++ but not for C
configure:7902: $? = 0
configure:7915: result: no
configure:8242: checking for mips-linux-uclibc-gcc -mips32r2 -msoft-float option to produce PIC
configure:8249: result: -fPIC -DPIC
configure:8257: checking if mips-linux-uclibc-gcc -mips32r2 -msoft-float PIC flag -fPIC -DPIC works
configure:8275: mips-linux-uclibc-gcc -mips32r2 -msoft-float -c -g -O2  -fPIC -DPIC -DPIC conftest.c >&5
configure:8279: $? = 0
configure:8292: result: yes
configure:8321: checking if mips-linux-uclibc-gcc -mips32r2 -msoft-float static flag -static works
configure:8349: result: yes
configure:8364: checking if mips-linux-uclibc-gcc -mips32r2 -msoft-float supports -c -o file.o
configure:8385: mips-linux-uclibc-gcc -mips32r2 -msoft-float -c -g -O2  -o out/conftest2.o conftest.c >&5
configure:8389: $? = 0
configure:8411: result: yes
configure:8419: checking if mips-linux-uclibc-gcc -mips32r2 -msoft-float supports -c -o file.o
configure:8466: result: yes
configure:8499: checking whether the mips-linux-uclibc-gcc -mips32r2 -msoft-float linker (/opt/trendchip/mips-linux-uclibc/usr/mips-linux-uclibc/bin/ld) supports shared libraries
configure:9656: result: yes
configure:9693: checking whether -lc should be explicitly linked in
configure:9701: mips-linux-uclibc-gcc -mips32r2 -msoft-float -c -g -O2  conftest.c >&5
configure:9704: $? = 0
configure:9719: mips-linux-uclibc-gcc -mips32r2 -msoft-float -shared  -fPIC -DPIC conftest.o  -v -Wl,-soname -Wl,conftest -o conftest 2\>\&1 \| /bin/grep  -lc  \>/dev/null 2\>\&1
configure:9722: $? = 0
configure:9736: result: no
configure:9896: checking dynamic linker characteristics
configure:10396: mips-linux-uclibc-gcc -mips32r2 -msoft-float -o conftest -g -O2   -Wl,-rpath -Wl,/foo conftest.c  >&5
configure:10396: $? = 0
configure:10630: result: GNU/Linux ld.so
configure:10737: checking how to hardcode library paths into programs
configure:10762: result: immediate
configure:11302: checking whether stripping libraries is possible
configure:11307: result: yes
configure:11342: checking if libtool supports shared libraries
configure:11344: result: yes
configure:11347: checking whether to build shared libraries
configure:11368: result: yes
configure:11371: checking whether to build static libraries
configure:11375: result: no
configure:11589: creating ./config.status

## ---------------------- ##
## Running config.status. ##
## ---------------------- ##

This file was extended by libnfnetlink config.status 1.0.1, which was
generated by GNU Autoconf 2.68.  Invocation command line was

  CONFIG_FILES    = 
  CONFIG_HEADERS  = 
  CONFIG_LINKS    = 
  CONFIG_COMMANDS = 
  $ ./config.status 

on alex-VirtualBox

config.status:1020: creating Makefile
config.status:1020: creating src/Makefile
config.status:1020: creating include/Makefile
config.status:1020: creating include/libnfnetlink/Makefile
config.status:1020: creating utils/Makefile
config.status:1020: creating libnfnetlink.pc
config.status:1192: executing depfiles commands
config.status:1192: executing libtool commands

## ---------------- ##
## Cache variables. ##
## ---------------- ##

ac_cv_build=i686-pc-linux-gnu
ac_cv_c_compiler_gnu=yes
ac_cv_env_CC_set=set
ac_cv_env_CC_value='mips-linux-uclibc-gcc -mips32r2 -msoft-float'
ac_cv_env_CFLAGS_set=
ac_cv_env_CFLAGS_value=
ac_cv_env_CPPFLAGS_set=
ac_cv_env_CPPFLAGS_value=
ac_cv_env_CPP_set=
ac_cv_env_CPP_value=
ac_cv_env_LDFLAGS_set=
ac_cv_env_LDFLAGS_value=
ac_cv_env_LIBS_set=
ac_cv_env_LIBS_value=
ac_cv_env_build_alias_set=set
ac_cv_env_build_alias_value=i686-linux
ac_cv_env_host_alias_set=set
ac_cv_env_host_alias_value=mips-linux
ac_cv_env_target_alias_set=
ac_cv_env_target_alias_value=
ac_cv_header_dlfcn_h=yes
ac_cv_header_inttypes_h=yes
ac_cv_header_memory_h=yes
ac_cv_header_stdc=yes
ac_cv_header_stdint_h=yes
ac_cv_header_stdlib_h=yes
ac_cv_header_string_h=yes
ac_cv_header_strings_h=yes
ac_cv_header_sys_stat_h=yes
ac_cv_header_sys_types_h=yes
ac_cv_header_unistd_h=yes
ac_cv_host=mips-unknown-linux-gnu
ac_cv_objext=o
ac_cv_path_EGREP='/bin/grep -E'
ac_cv_path_FGREP='/bin/grep -F'
ac_cv_path_GREP=/bin/grep
ac_cv_path_SED=/bin/sed
ac_cv_path_install='/usr/bin/install -c'
ac_cv_path_mkdir=/bin/mkdir
ac_cv_prog_AR=mips-linux-ar
ac_cv_prog_AWK=gawk
ac_cv_prog_CC='mips-linux-uclibc-gcc -mips32r2 -msoft-float'
ac_cv_prog_CPP='mips-linux-uclibc-gcc -mips32r2 -msoft-float -E'
ac_cv_prog_OBJDUMP=mips-linux-objdump
ac_cv_prog_RANLIB=mips-linux-ranlib
ac_cv_prog_STRIP=mips-linux-uclibc-strip
ac_cv_prog_ac_ct_MANIFEST_TOOL=mt
ac_cv_prog_cc_c89=
ac_cv_prog_cc_g=yes
ac_cv_prog_cc_mips_linux_uclibc_gcc_c_o=yes
ac_cv_prog_make_make_set=yes
am_cv_CC_dependencies_compiler_type=gcc3
am_cv_make_support_nested_variables=yes
am_cv_prog_tar_pax=gnutar
lt_cv_ar_at_file=@
lt_cv_archive_cmds_need_lc=no
lt_cv_deplibs_check_method=pass_all
lt_cv_file_magic_cmd='$MAGIC_CMD'
lt_cv_file_magic_test_file=
lt_cv_ld_reload_flag=-r
lt_cv_nm_interface='BSD nm'
lt_cv_objdir=.libs
lt_cv_path_LD=/opt/trendchip/mips-linux-uclibc/usr/mips-linux-uclibc/bin/ld
lt_cv_path_NM='/opt/trendchip/mips-linux-uclibc/usr/bin/mips-linux-nm -B'
lt_cv_path_mainfest_tool=no
lt_cv_prog_compiler_c_o=yes
lt_cv_prog_compiler_pic='-fPIC -DPIC'
lt_cv_prog_compiler_pic_works=yes
lt_cv_prog_compiler_rtti_exceptions=no
lt_cv_prog_compiler_static_works=yes
lt_cv_prog_gnu_ld=yes
lt_cv_sharedlib_from_linklib_cmd='printf %s\n'
lt_cv_shlibpath_overrides_runpath=no
lt_cv_sys_global_symbol_pipe='sed -n -e '\''s/^.*[	 ]\([ABCDGIRSTW][ABCDGIRSTW]*\)[	 ][	 ]*\([_A-Za-z][_A-Za-z0-9]*\)$/\1 \2 \2/p'\'' | sed '\''/ __gnu_lto/d'\'''
lt_cv_sys_global_symbol_to_c_name_address='sed -n -e '\''s/^: \([^ ]*\)[ ]*$/  {\"\1\", (void *) 0},/p'\'' -e '\''s/^[ABCDGIRSTW]* \([^ ]*\) \([^ ]*\)$/  {"\2", (void *) \&\2},/p'\'''
lt_cv_sys_global_symbol_to_c_name_address_lib_prefix='sed -n -e '\''s/^: \([^ ]*\)[ ]*$/  {\"\1\", (void *) 0},/p'\'' -e '\''s/^[ABCDGIRSTW]* \([^ ]*\) \(lib[^ ]*\)$/  {"\2", (void *) \&\2},/p'\'' -e '\''s/^[ABCDGIRSTW]* \([^ ]*\) \([^ ]*\)$/  {"lib\2", (void *) \&\2},/p'\'''
lt_cv_sys_global_symbol_to_cdecl='sed -n -e '\''s/^T .* \(.*\)$/extern int \1();/p'\'' -e '\''s/^[ABCDGIRSTW]* .* \(.*\)$/extern char \1;/p'\'''
lt_cv_sys_max_cmd_len=805306365
lt_cv_to_host_file_cmd=func_convert_file_noop
lt_cv_to_tool_file_cmd=func_convert_file_noop

## ----------------- ##
## Output variables. ##
## ----------------- ##

ACLOCAL='${SHELL} /home/alex/n14u/dsl-n14u_gpl/apps/public/libnfnetlink-1.0.1/build-aux/missing --run aclocal-1.11'
AMDEPBACKSLASH='\'
AMDEP_FALSE='#'
AMDEP_TRUE=''
AMTAR='$${TAR-tar}'
AM_BACKSLASH='\'
AM_DEFAULT_V='$(AM_DEFAULT_VERBOSITY)'
AM_DEFAULT_VERBOSITY='0'
AM_V='$(V)'
AR='mips-linux-ar'
AUTOCONF='${SHELL} /home/alex/n14u/dsl-n14u_gpl/apps/public/libnfnetlink-1.0.1/build-aux/missing --run autoconf'
AUTOHEADER='${SHELL} /home/alex/n14u/dsl-n14u_gpl/apps/public/libnfnetlink-1.0.1/build-aux/missing --run autoheader'
AUTOMAKE='${SHELL} /home/alex/n14u/dsl-n14u_gpl/apps/public/libnfnetlink-1.0.1/build-aux/missing --run automake-1.11'
AWK='gawk'
CC='mips-linux-uclibc-gcc -mips32r2 -msoft-float'
CCDEPMODE='depmode=gcc3'
CFLAGS='-g -O2'
CPP='mips-linux-uclibc-gcc -mips32r2 -msoft-float -E'
CPPFLAGS=''
CYGPATH_W='echo'
DEFS='-DPACKAGE_NAME=\"libnfnetlink\" -DPACKAGE_TARNAME=\"libnfnetlink\" -DPACKAGE_VERSION=\"1.0.1\" -DPACKAGE_STRING=\"libnfnetlink\ 1.0.1\" -DPACKAGE_BUGREPORT=\"\" -DPACKAGE_URL=\"\" -DPACKAGE=\"libnfnetlink\" -DVERSION=\"1.0.1\" -DSTDC_HEADERS=1 -DHAVE_SYS_TYPES_H=1 -DHAVE_SYS_STAT_H=1 -DHAVE_STDLIB_H=1 -DHAVE_STRING_H=1 -DHAVE_MEMORY_H=1 -DHAVE_STRINGS_H=1 -DHAVE_INTTYPES_H=1 -DHAVE_STDINT_H=1 -DHAVE_UNISTD_H=1 -DHAVE_DLFCN_H=1 -DLT_OBJDIR=\".libs/\"'
DEPDIR='.deps'
DLLTOOL='false'
DSYMUTIL=''
DUMPBIN=''
ECHO_C=''
ECHO_N='-n'
ECHO_T=''
EGREP='/bin/grep -E'
EXEEXT=''
FGREP='/bin/grep -F'
GREP='/bin/grep'
INSTALL_DATA='${INSTALL} -m 644'
INSTALL_PROGRAM='${INSTALL}'
INSTALL_SCRIPT='${INSTALL}'
INSTALL_STRIP_PROGRAM='$(install_sh) -c -s'
LD='/opt/trendchip/mips-linux-uclibc/usr/mips-linux-uclibc/bin/ld'
LDFLAGS=''
LIBOBJS=''
LIBS=''
LIBTOOL='$(SHELL) $(top_builddir)/libtool'
LIPO=''
LN_S='ln -s'
LTLIBOBJS=''
MAKEINFO='${SHELL} /home/alex/n14u/dsl-n14u_gpl/apps/public/libnfnetlink-1.0.1/build-aux/missing --run makeinfo'
MANIFEST_TOOL=':'
MKDIR_P='/bin/mkdir -p'
NM='/opt/trendchip/mips-linux-uclibc/usr/bin/mips-linux-nm -B'
NMEDIT=''
OBJDUMP='mips-linux-objdump'
OBJEXT='o'
OTOOL64=''
OTOOL=''
PACKAGE='libnfnetlink'
PACKAGE_BUGREPORT=''
PACKAGE_NAME='libnfnetlink'
PACKAGE_STRING='libnfnetlink 1.0.1'
PACKAGE_TARNAME='libnfnetlink'
PACKAGE_URL=''
PACKAGE_VERSION='1.0.1'
PATH_SEPARATOR=':'
RANLIB='mips-linux-ranlib'
SED='/bin/sed'
SET_MAKE=''
SHELL='/bin/bash'
STRIP='mips-linux-uclibc-strip'
VERSION='1.0.1'
ac_ct_AR=''
ac_ct_CC=''
ac_ct_DUMPBIN=''
am__EXEEXT_FALSE=''
am__EXEEXT_TRUE='#'
am__fastdepCC_FALSE='#'
am__fastdepCC_TRUE=''
am__include='include'
am__isrc=''
am__leading_dot='.'
am__nodep='_no'
am__quote=''
am__tar='tar --format=posix -chf - "$$tardir"'
am__untar='tar -xf -'
bindir='${exec_prefix}/bin'
build='i686-pc-linux-gnu'
build_alias='i686-linux'
build_cpu='i686'
build_os='linux-gnu'
build_vendor='pc'
datadir='${datarootdir}'
datarootdir='${prefix}/share'
docdir='${datarootdir}/doc/${PACKAGE_TARNAME}'
dvidir='${docdir}'
exec_prefix='${prefix}'
host='mips-unknown-linux-gnu'
host_alias='mips-linux'
host_cpu='mips'
host_os='linux-gnu'
host_vendor='unknown'
htmldir='${docdir}'
includedir='${prefix}/include'
infodir='${datarootdir}/info'
install_sh='${SHELL} /home/alex/n14u/dsl-n14u_gpl/apps/public/libnfnetlink-1.0.1/build-aux/install-sh'
libdir='${exec_prefix}/lib'
libexecdir='${exec_prefix}/libexec'
localedir='${datarootdir}/locale'
localstatedir='${prefix}/var'
mandir='${datarootdir}/man'
mkdir_p='/bin/mkdir -p'
oldincludedir='/usr/include'
pdfdir='${docdir}'
prefix='/usr/local'
program_transform_name='s,x,x,'
psdir='${docdir}'
sbindir='${exec_prefix}/sbin'
sharedstatedir='${prefix}/com'
sysconfdir='${prefix}/etc'
target_alias=''

## ----------- ##
## confdefs.h. ##
## ----------- ##

/* confdefs.h */
#define PACKAGE_NAME "libnfnetlink"
#define PACKAGE_TARNAME "libnfnetlink"
#define PACKAGE_VERSION "1.0.1"
#define PACKAGE_STRING "libnfnetlink 1.0.1"
#define PACKAGE_BUGREPORT ""
#define PACKAGE_URL ""
#define PACKAGE "libnfnetlink"
#define VERSION "1.0.1"
#define STDC_HEADERS 1
#define HAVE_SYS_TYPES_H 1
#define HAVE_SYS_STAT_H 1
#define HAVE_STDLIB_H 1
#define HAVE_STRING_H 1
#define HAVE_MEMORY_H 1
#define HAVE_STRINGS_H 1
#define HAVE_INTTYPES_H 1
#define HAVE_STDINT_H 1
#define HAVE_UNISTD_H 1
#define HAVE_DLFCN_H 1
#define LT_OBJDIR ".libs/"

configure: exit 0
