This file contains any messages produced by compilers while
running configure, to aid debugging if configure makes a mistake.

It was created by sdparm configure 1.02, which was
generated by GNU Autoconf 2.61.  Invocation command line was

  $ ./configure --host=mips-linux --build=i686-linux

## --------- ##
## Platform. ##
## --------- ##

hostname = alex-VirtualBox
uname -m = i686
uname -r = 3.11.0-15-generic
uname -s = Linux
uname -v = #25~precise1-Ubuntu SMP Thu Jan 30 17:42:40 UTC 2014

/usr/bin/uname -p = unknown
/bin/uname -X     = unknown

/bin/arch              = unknown
/usr/bin/arch -k       = unknown
/usr/convex/getsysinfo = unknown
/usr/bin/hostinfo      = unknown
/bin/machine           = unknown
/usr/bin/oslevel       = unknown
/bin/universe          = unknown

PATH: /opt/trendchip/mips-linux-uclibc/usr/bin
PATH: /usr/lib/lightdm/lightdm
PATH: /usr/local/sbin
PATH: /usr/local/bin
PATH: /usr/sbin
PATH: /usr/bin
PATH: /sbin
PATH: /bin
PATH: /usr/games


## ----------- ##
## Core tests. ##
## ----------- ##

configure:1752: checking for a BSD-compatible install
configure:1808: result: /usr/bin/install -c
configure:1819: checking whether build environment is sane
configure:1862: result: yes
configure:1890: checking for a thread-safe mkdir -p
configure:1929: result: /bin/mkdir -p
configure:1942: checking for gawk
configure:1958: found /usr/bin/gawk
configure:1969: result: gawk
configure:1980: checking whether make sets $(MAKE)
configure:2001: result: yes
configure:2081: checking for mips-linux-strip
configure:2108: result: mips-linux-uclibc-strip
configure:2200: checking for mips-linux-gcc
configure:2227: result: mips-linux-uclibc-gcc -mips32r2 -msoft-float
configure:2505: checking for C compiler version
configure:2512: mips-linux-uclibc-gcc -mips32r2 -msoft-float --version >&5
mips-linux-uclibc-gcc (GCC) 4.3.4
Copyright (C) 2008 Free Software Foundation, Inc.
This is free software; see the source for copying conditions.  There is NO
warranty; not even for MERCHANTABILITY or FITNESS FOR A PARTICULAR PURPOSE.

configure:2515: $? = 0
configure:2522: mips-linux-uclibc-gcc -mips32r2 -msoft-float -v >&5
Using built-in specs.
Target: mips-linux-uclibc
Configured with: /home/socsw_local/lino/toolchain/tc3262/buildroot-2009.11/output/toolchain/gcc-4.3.4/configure --prefix=/usr --build=i386-pc-linux-gnu --host=i386-pc-linux-gnu --target=mips-linux-uclibc --enable-languages=c,c++ --with-sysroot=/opt/trendchip/mips-linux-uclibc --with-build-time-tools=/opt/trendchip/mips-linux-uclibc/usr/mips-linux-uclibc/bin --disable-__cxa_atexit --enable-target-optspace --with-gnu-ld --disable-libssp --enable-tls --enable-shared --with-gmp=/home/socsw_local/lino/toolchain/tc3262/buildroot-2009.11/output/toolchain/gmp --with-mpfr=/home/socsw_local/lino/toolchain/tc3262/buildroot-2009.11/output/toolchain/mpfr --disable-nls --enable-threads --disable-multilib --disable-decimal-float --with-float=soft --with-abi=32 --with-tune=mips32r2
Thread model: posix
gcc version 4.3.4 (GCC) 
configure:2525: $? = 0
configure:2532: mips-linux-uclibc-gcc -mips32r2 -msoft-float -V >&5
mips-linux-uclibc-gcc: '-V' must come at the start of the command line
configure:2535: $? = 1
configure:2558: checking for C compiler default output file name
configure:2585: mips-linux-uclibc-gcc -mips32r2 -msoft-float    conftest.c  >&5
configure:2588: $? = 0
configure:2626: result: a.out
configure:2643: checking whether the C compiler works
configure:2673: result: yes
configure:2680: checking whether we are cross compiling
configure:2682: result: yes
configure:2685: checking for suffix of executables
configure:2692: mips-linux-uclibc-gcc -mips32r2 -msoft-float -o conftest    conftest.c  >&5
configure:2695: $? = 0
configure:2719: result: 
configure:2725: checking for suffix of object files
configure:2751: mips-linux-uclibc-gcc -mips32r2 -msoft-float -c   conftest.c >&5
configure:2754: $? = 0
configure:2777: result: o
configure:2781: checking whether we are using the GNU C compiler
configure:2810: mips-linux-uclibc-gcc -mips32r2 -msoft-float -c   conftest.c >&5
configure:2816: $? = 0
configure:2833: result: yes
configure:2838: checking whether mips-linux-uclibc-gcc -mips32r2 -msoft-float accepts -g
configure:2868: mips-linux-uclibc-gcc -mips32r2 -msoft-float -c -g  conftest.c >&5
configure:2874: $? = 0
configure:2973: result: yes
configure:2990: checking for mips-linux-uclibc-gcc -mips32r2 -msoft-float option to accept ISO C89
configure:3064: mips-linux-uclibc-gcc -mips32r2 -msoft-float  -c -g -O2  conftest.c >&5
configure:3070: $? = 0
configure:3093: result: none needed
configure:3122: checking for style of include used by make
configure:3150: result: GNU
configure:3175: checking dependency style of mips-linux-uclibc-gcc -mips32r2 -msoft-float
configure:3266: result: gcc3
configure:3295: checking for a BSD-compatible install
configure:3351: result: /usr/bin/install -c
configure:3370: checking how to run the C preprocessor
configure:3410: mips-linux-uclibc-gcc -mips32r2 -msoft-float -E  conftest.c
configure:3416: $? = 0
configure:3447: mips-linux-uclibc-gcc -mips32r2 -msoft-float -E  conftest.c
conftest.c:10:28: error: ac_nonexistent.h: No such file or directory
configure:3453: $? = 1
configure: failed program was:
| /* confdefs.h.  */
| #define PACKAGE_NAME "sdparm"
| #define PACKAGE_TARNAME "sdparm"
| #define PACKAGE_VERSION "1.02"
| #define PACKAGE_STRING "sdparm 1.02"
| #define PACKAGE_BUGREPORT "dgilbert@interlog.com"
| #define PACKAGE "sdparm"
| #define VERSION "1.02"
| /* end confdefs.h.  */
| #include <ac_nonexistent.h>
configure:3486: result: mips-linux-uclibc-gcc -mips32r2 -msoft-float -E
configure:3515: mips-linux-uclibc-gcc -mips32r2 -msoft-float -E  conftest.c
configure:3521: $? = 0
configure:3552: mips-linux-uclibc-gcc -mips32r2 -msoft-float -E  conftest.c
conftest.c:10:28: error: ac_nonexistent.h: No such file or directory
configure:3558: $? = 1
configure: failed program was:
| /* confdefs.h.  */
| #define PACKAGE_NAME "sdparm"
| #define PACKAGE_TARNAME "sdparm"
| #define PACKAGE_VERSION "1.02"
| #define PACKAGE_STRING "sdparm 1.02"
| #define PACKAGE_BUGREPORT "dgilbert@interlog.com"
| #define PACKAGE "sdparm"
| #define VERSION "1.02"
| /* end confdefs.h.  */
| #include <ac_nonexistent.h>
configure:3596: checking for grep that handles long lines and -e
configure:3670: result: /bin/grep
configure:3675: checking for egrep
configure:3753: result: /bin/grep -E
configure:3758: checking for ANSI C header files
configure:3788: mips-linux-uclibc-gcc -mips32r2 -msoft-float -c -g -O2  conftest.c >&5
configure:3794: $? = 0
configure:3922: result: yes
configure:3936: checking for getopt_long
configure:3992: mips-linux-uclibc-gcc -mips32r2 -msoft-float -o conftest -g -O2   conftest.c  >&5
configure:3998: $? = 0
configure:4016: result: yes
configure:4036: checking build system type
configure:4054: result: i686-pc-linux-gnu
configure:4076: checking host system type
configure:4091: result: mips-unknown-linux-gnu
configure:4320: creating ./config.status

## ---------------------- ##
## Running config.status. ##
## ---------------------- ##

This file was extended by sdparm config.status 1.02, which was
generated by GNU Autoconf 2.61.  Invocation command line was

  CONFIG_FILES    = 
  CONFIG_HEADERS  = 
  CONFIG_LINKS    = 
  CONFIG_COMMANDS = 
  $ ./config.status 

on alex-VirtualBox

config.status:648: creating Makefile
config.status:648: creating src/Makefile
config.status:648: creating doc/Makefile
config.status:648: creating config.h
config.status:868: config.h is unchanged
config.status:914: executing depfiles commands

## ---------------- ##
## Cache variables. ##
## ---------------- ##

ac_cv_build=i686-pc-linux-gnu
ac_cv_c_compiler_gnu=yes
ac_cv_env_CC_set=set
ac_cv_env_CC_value='mips-linux-uclibc-gcc -mips32r2 -msoft-float'
ac_cv_env_CFLAGS_set=
ac_cv_env_CFLAGS_value=
ac_cv_env_CPPFLAGS_set=
ac_cv_env_CPPFLAGS_value=
ac_cv_env_CPP_set=
ac_cv_env_CPP_value=
ac_cv_env_LDFLAGS_set=
ac_cv_env_LDFLAGS_value=
ac_cv_env_LIBS_set=
ac_cv_env_LIBS_value=
ac_cv_env_build_alias_set=set
ac_cv_env_build_alias_value=i686-linux
ac_cv_env_host_alias_set=set
ac_cv_env_host_alias_value=mips-linux
ac_cv_env_target_alias_set=
ac_cv_env_target_alias_value=
ac_cv_func_getopt_long=yes
ac_cv_header_stdc=yes
ac_cv_host=mips-unknown-linux-gnu
ac_cv_objext=o
ac_cv_path_EGREP='/bin/grep -E'
ac_cv_path_GREP=/bin/grep
ac_cv_path_install='/usr/bin/install -c'
ac_cv_path_mkdir=/bin/mkdir
ac_cv_prog_AWK=gawk
ac_cv_prog_CC='mips-linux-uclibc-gcc -mips32r2 -msoft-float'
ac_cv_prog_CPP='mips-linux-uclibc-gcc -mips32r2 -msoft-float -E'
ac_cv_prog_STRIP=mips-linux-uclibc-strip
ac_cv_prog_cc_c89=
ac_cv_prog_cc_g=yes
ac_cv_prog_make_make_set=yes
am_cv_CC_dependencies_compiler_type=gcc3

## ----------------- ##
## Output variables. ##
## ----------------- ##

ACLOCAL='${SHELL} /home/alex/n14u/dsl-n14u_gpl/apps/public/sdparm-1.02/missing --run aclocal-1.10'
AMDEPBACKSLASH='\'
AMDEP_FALSE='#'
AMDEP_TRUE=''
AMTAR='${SHELL} /home/alex/n14u/dsl-n14u_gpl/apps/public/sdparm-1.02/missing --run tar'
AUTOCONF='${SHELL} /home/alex/n14u/dsl-n14u_gpl/apps/public/sdparm-1.02/missing --run autoconf'
AUTOHEADER='${SHELL} /home/alex/n14u/dsl-n14u_gpl/apps/public/sdparm-1.02/missing --run autoheader'
AUTOMAKE='${SHELL} /home/alex/n14u/dsl-n14u_gpl/apps/public/sdparm-1.02/missing --run automake-1.10'
AWK='gawk'
CC='mips-linux-uclibc-gcc -mips32r2 -msoft-float'
CCDEPMODE='depmode=gcc3'
CFLAGS='-g -O2'
CPP='mips-linux-uclibc-gcc -mips32r2 -msoft-float -E'
CPPFLAGS=''
CYGPATH_W='echo'
DEFS='-DHAVE_CONFIG_H'
DEPDIR='.deps'
ECHO_C=''
ECHO_N='-n'
ECHO_T=''
EGREP='/bin/grep -E'
EXEEXT=''
GETOPT_O_FILES=''
GREP='/bin/grep'
INSTALL_DATA='${INSTALL} -m 644'
INSTALL_PROGRAM='${INSTALL}'
INSTALL_SCRIPT='${INSTALL}'
INSTALL_STRIP_PROGRAM='$(install_sh) -c -s'
LDFLAGS=''
LIBOBJS=''
LIBS=''
LTLIBOBJS=''
MAKEINFO='${SHELL} /home/alex/n14u/dsl-n14u_gpl/apps/public/sdparm-1.02/missing --run makeinfo'
OBJEXT='o'
PACKAGE='sdparm'
PACKAGE_BUGREPORT='dgilbert@interlog.com'
PACKAGE_NAME='sdparm'
PACKAGE_STRING='sdparm 1.02'
PACKAGE_TARNAME='sdparm'
PACKAGE_VERSION='1.02'
PATH_SEPARATOR=':'
SET_MAKE=''
SHELL='/bin/bash'
STRIP='mips-linux-uclibc-strip'
VERSION='1.02'
ac_ct_CC=''
am__fastdepCC_FALSE='#'
am__fastdepCC_TRUE=''
am__include='include'
am__isrc=''
am__leading_dot='.'
am__quote=''
am__tar='${AMTAR} chof - "$$tardir"'
am__untar='${AMTAR} xf -'
bindir='${exec_prefix}/bin'
build='i686-pc-linux-gnu'
build_alias='i686-linux'
build_cpu='i686'
build_os='linux-gnu'
build_vendor='pc'
datadir='${datarootdir}'
datarootdir='${prefix}/share'
docdir='${datarootdir}/doc/${PACKAGE_TARNAME}'
dvidir='${docdir}'
exec_prefix='${prefix}'
host='mips-unknown-linux-gnu'
host_alias='mips-linux'
host_cpu='mips'
host_os='linux-gnu'
host_vendor='unknown'
htmldir='${docdir}'
includedir='${prefix}/include'
infodir='${datarootdir}/info'
install_sh='$(SHELL) /home/alex/n14u/dsl-n14u_gpl/apps/public/sdparm-1.02/install-sh'
libdir='${exec_prefix}/lib'
libexecdir='${exec_prefix}/libexec'
localedir='${datarootdir}/locale'
localstatedir='${prefix}/var'
mandir='${datarootdir}/man'
mkdir_p='/bin/mkdir -p'
oldincludedir='/usr/include'
os_deps='sg_pt_linux.o'
os_libs=''
pdfdir='${docdir}'
prefix='/usr/local'
program_transform_name='s,x,x,'
psdir='${docdir}'
sbindir='${exec_prefix}/sbin'
sharedstatedir='${prefix}/com'
sysconfdir='${prefix}/etc'
target_alias=''

## ----------- ##
## confdefs.h. ##
## ----------- ##

#define PACKAGE_NAME "sdparm"
#define PACKAGE_TARNAME "sdparm"
#define PACKAGE_VERSION "1.02"
#define PACKAGE_STRING "sdparm 1.02"
#define PACKAGE_BUGREPORT "dgilbert@interlog.com"
#define PACKAGE "sdparm"
#define VERSION "1.02"
#define STDC_HEADERS 1
#define HAVE_GETOPT_LONG 1
#define SDPARM_BUILD_HOST "mips-unknown-linux-gnu"
#define SDPARM_LINUX 1

configure: exit 0
