This file contains any messages produced by compilers while
running configure, to aid debugging if configure makes a mistake.

configure:529: checking for gcc
configure:642: checking whether the C compiler (mips-linux-uclibc-gcc -mips32r2 -msoft-float -g -O2 -I/home/alex/n14u/dsl-n14u_gpl/linux/include  -DRTCONFIG_VPNC ) works
configure:658: mips-linux-uclibc-gcc -mips32r2 -msoft-float -o conftest -g -O2 -I/home/alex/n14u/dsl-n14u_gpl/linux/include  -DRTCONFIG_VPNC   conftest.c  1>&5
configure:684: checking whether the C compiler (mips-linux-uclibc-gcc -mips32r2 -msoft-float -g -O2 -I/home/alex/n14u/dsl-n14u_gpl/linux/include  -DRTCONFIG_VPNC ) is a cross-compiler
configure:689: checking whether we are using GNU C
configure:698: mips-linux-uclibc-gcc -mips32r2 -msoft-float -E conftest.c
configure:717: checking whether mips-linux-uclibc-gcc -mips32r2 -msoft-float accepts -g
configure:779: checking for a BSD compatible install
configure:834: checking for ranlib
configure:868: checking host system type
configure:889: checking build system type
configure:915: checking for ar
configure:946: checking for dlopen in -ldl
configure:965: mips-linux-uclibc-gcc -mips32r2 -msoft-float -o conftest -g -O2 -I/home/alex/n14u/dsl-n14u_gpl/linux/include  -DRTCONFIG_VPNC   conftest.c -ldl   1>&5
configure:994: checking how to run the C preprocessor
configure:1015: mips-linux-uclibc-gcc -mips32r2 -msoft-float -E  conftest.c >/dev/null 2>conftest.out
configure:1074: checking for ANSI C header files
configure:1087: mips-linux-uclibc-gcc -mips32r2 -msoft-float -E  conftest.c >/dev/null 2>conftest.out
configure:1181: checking for fcntl.h
configure:1191: mips-linux-uclibc-gcc -mips32r2 -msoft-float -E  conftest.c >/dev/null 2>conftest.out
configure:1181: checking for sys/ioctl.h
configure:1191: mips-linux-uclibc-gcc -mips32r2 -msoft-float -E  conftest.c >/dev/null 2>conftest.out
configure:1181: checking for sys/time.h
configure:1191: mips-linux-uclibc-gcc -mips32r2 -msoft-float -E  conftest.c >/dev/null 2>conftest.out
configure:1181: checking for syslog.h
configure:1191: mips-linux-uclibc-gcc -mips32r2 -msoft-float -E  conftest.c >/dev/null 2>conftest.out
configure:1181: checking for unistd.h
configure:1191: mips-linux-uclibc-gcc -mips32r2 -msoft-float -E  conftest.c >/dev/null 2>conftest.out
configure:1219: checking for libevent directory
configure:1235: checking for working const
configure:1289: mips-linux-uclibc-gcc -mips32r2 -msoft-float -c -g -O2 -I/home/alex/n14u/dsl-n14u_gpl/linux/include  -DRTCONFIG_VPNC  conftest.c 1>&5
configure:1310: checking for pid_t
configure:1343: checking for size_t
configure:1376: checking whether time.h and sys/time.h may both be included
configure:1390: mips-linux-uclibc-gcc -mips32r2 -msoft-float -c -g -O2 -I/home/alex/n14u/dsl-n14u_gpl/linux/include  -DRTCONFIG_VPNC  conftest.c 1>&5
configure:1413: checking whether mips-linux-uclibc-gcc -mips32r2 -msoft-float needs -traditional
configure:1459: checking for 8-bit clean memcmp
configure:1495: checking return type of signal handlers
configure:1517: mips-linux-uclibc-gcc -mips32r2 -msoft-float -c -g -O2 -I/home/alex/n14u/dsl-n14u_gpl/linux/include  -DRTCONFIG_VPNC  conftest.c 1>&5
configure:1536: checking for vprintf
configure:1564: mips-linux-uclibc-gcc -mips32r2 -msoft-float -o conftest -g -O2 -I/home/alex/n14u/dsl-n14u_gpl/linux/include  -DRTCONFIG_VPNC   conftest.c -ldl  1>&5
configure:1548: warning: conflicting types for built-in function 'vprintf'
configure:1643: checking for gethostname
configure:1671: mips-linux-uclibc-gcc -mips32r2 -msoft-float -o conftest -g -O2 -I/home/alex/n14u/dsl-n14u_gpl/linux/include  -DRTCONFIG_VPNC   conftest.c -ldl  1>&5
configure:1643: checking for gettimeofday
configure:1671: mips-linux-uclibc-gcc -mips32r2 -msoft-float -o conftest -g -O2 -I/home/alex/n14u/dsl-n14u_gpl/linux/include  -DRTCONFIG_VPNC   conftest.c -ldl  1>&5
configure:1643: checking for socket
configure:1671: mips-linux-uclibc-gcc -mips32r2 -msoft-float -o conftest -g -O2 -I/home/alex/n14u/dsl-n14u_gpl/linux/include  -DRTCONFIG_VPNC   conftest.c -ldl  1>&5
configure:1643: checking for strdup
configure:1671: mips-linux-uclibc-gcc -mips32r2 -msoft-float -o conftest -g -O2 -I/home/alex/n14u/dsl-n14u_gpl/linux/include  -DRTCONFIG_VPNC   conftest.c -ldl  1>&5
configure:1655: warning: conflicting types for built-in function 'strdup'
configure:1643: checking for strerror
configure:1671: mips-linux-uclibc-gcc -mips32r2 -msoft-float -o conftest -g -O2 -I/home/alex/n14u/dsl-n14u_gpl/linux/include  -DRTCONFIG_VPNC   conftest.c -ldl  1>&5
configure:1643: checking for strtol
configure:1671: mips-linux-uclibc-gcc -mips32r2 -msoft-float -o conftest -g -O2 -I/home/alex/n14u/dsl-n14u_gpl/linux/include  -DRTCONFIG_VPNC   conftest.c -ldl  1>&5
